-------------------------------------------------------------------------------
Test set: com.fabiocompany.supermercadosdeltaplus.test.UsuarioTest
-------------------------------------------------------------------------------
Tests run: 1, Failures: 0, Errors: 1, Skipped: 0, Time elapsed: 2.665 sec <<< FAILURE! - in com.fabiocompany.supermercadosdeltaplus.test.UsuarioTest
guardarUsuario(com.fabiocompany.supermercadosdeltaplus.test.UsuarioTest)  Time elapsed: 2.663 sec  <<< ERROR!
java.lang.NullPointerException: null
	at com.fabiocompany.supermercadosdeltaplus.test.UsuarioTest.guardarUsuario(UsuarioTest.java:95)

