<?xml version="1.0" encoding="UTF-8"?>
<testsuite name="com.fabiocompany.supermercadosdeltaplus.test.UsuarioTest" time="2.663" tests="1" errors="1" skipped="0" failures="0">
  <properties>
[...]
</properties>
  <testcase name="guardarUsuario" classname="com.fabiocompany.supermercadosdeltaplus.test.UsuarioTest" time="2.663">
    <error type="java.lang.NullPointerException:">java.lang.NullPointerException: null
	at com.fabiocompany.supermercadosdeltaplus.test.UsuarioTest.guardarUsuario(UsuarioTest.java:95)
</error>
    <system-out><![CDATA[15:54:10.490 [main] DEBUG org.jboss.logging - Logging Provider: org.jboss.logging.Slf4jLoggerProvider
15:54:10.529 [main] DEBUG org.hibernate.type.BasicTypeRegistry - Adding type registration boolean -> org.hibernate.type.BooleanType@7e0b0338
15:54:10.530 [main] DEBUG org.hibernate.type.BasicTypeRegistry - Adding type registration boolean -> org.hibernate.type.BooleanType@7e0b0338
15:54:10.531 [main] DEBUG org.hibernate.type.BasicTypeRegistry - Adding type registration java.lang.Boolean -> org.hibernate.type.BooleanType@7e0b0338
15:54:10.533 [main] DEBUG org.hibernate.type.BasicTypeRegistry - Adding type registration numeric_boolean -> org.hibernate.type.NumericBooleanType@3c0f93f1
15:54:10.536 [main] DEBUG org.hibernate.type.BasicTypeRegistry - Adding type registration true_false -> org.hibernate.type.TrueFalseType@3327bd23
15:54:10.538 [main] DEBUG org.hibernate.type.BasicTypeRegistry - Adding type registration yes_no -> org.hibernate.type.YesNoType@52a86356
15:54:10.548 [main] DEBUG org.hibernate.type.BasicTypeRegistry - Adding type registration byte -> org.hibernate.type.ByteType@20398b7c
15:54:10.548 [main] DEBUG org.hibernate.type.BasicTypeRegistry - Adding type registration byte -> org.hibernate.type.ByteType@20398b7c
15:54:10.552 [main] DEBUG org.hibernate.type.BasicTypeRegistry - Adding type registration java.lang.Byte -> org.hibernate.type.ByteType@20398b7c
15:54:10.555 [main] DEBUG org.hibernate.type.BasicTypeRegistry - Adding type registration character -> org.hibernate.type.CharacterType@4e9ba398
15:54:10.557 [main] DEBUG org.hibernate.type.BasicTypeRegistry - Adding type registration char -> org.hibernate.type.CharacterType@4e9ba398
15:54:10.559 [main] DEBUG org.hibernate.type.BasicTypeRegistry - Adding type registration java.lang.Character -> org.hibernate.type.CharacterType@4e9ba398
15:54:10.564 [main] DEBUG org.hibernate.type.BasicTypeRegistry - Adding type registration short -> org.hibernate.type.ShortType@6b09bb57
15:54:10.565 [main] DEBUG org.hibernate.type.BasicTypeRegistry - Adding type registration short -> org.hibernate.type.ShortType@6b09bb57
15:54:10.569 [main] DEBUG org.hibernate.type.BasicTypeRegistry - Adding type registration java.lang.Short -> org.hibernate.type.ShortType@6b09bb57
15:54:10.572 [main] DEBUG org.hibernate.type.BasicTypeRegistry - Adding type registration integer -> org.hibernate.type.IntegerType@185d8b6
15:54:10.572 [main] DEBUG org.hibernate.type.BasicTypeRegistry - Adding type registration int -> org.hibernate.type.IntegerType@185d8b6
15:54:10.573 [main] DEBUG org.hibernate.type.BasicTypeRegistry - Adding type registration java.lang.Integer -> org.hibernate.type.IntegerType@185d8b6
15:54:10.579 [main] DEBUG org.hibernate.type.BasicTypeRegistry - Adding type registration long -> org.hibernate.type.LongType@3b0143d3
15:54:10.580 [main] DEBUG org.hibernate.type.BasicTypeRegistry - Adding type registration long -> org.hibernate.type.LongType@3b0143d3
15:54:10.581 [main] DEBUG org.hibernate.type.BasicTypeRegistry - Adding type registration java.lang.Long -> org.hibernate.type.LongType@3b0143d3
15:54:10.585 [main] DEBUG org.hibernate.type.BasicTypeRegistry - Adding type registration float -> org.hibernate.type.FloatType@1d16f93d
15:54:10.595 [main] DEBUG org.hibernate.type.BasicTypeRegistry - Adding type registration float -> org.hibernate.type.FloatType@1d16f93d
15:54:10.597 [main] DEBUG org.hibernate.type.BasicTypeRegistry - Adding type registration java.lang.Float -> org.hibernate.type.FloatType@1d16f93d
15:54:10.600 [main] DEBUG org.hibernate.type.BasicTypeRegistry - Adding type registration double -> org.hibernate.type.DoubleType@7fac631b
15:54:10.600 [main] DEBUG org.hibernate.type.BasicTypeRegistry - Adding type registration double -> org.hibernate.type.DoubleType@7fac631b
15:54:10.601 [main] DEBUG org.hibernate.type.BasicTypeRegistry - Adding type registration java.lang.Double -> org.hibernate.type.DoubleType@7fac631b
15:54:10.605 [main] DEBUG org.hibernate.type.BasicTypeRegistry - Adding type registration big_decimal -> org.hibernate.type.BigDecimalType@5c5a1b69
15:54:10.605 [main] DEBUG org.hibernate.type.BasicTypeRegistry - Adding type registration java.math.BigDecimal -> org.hibernate.type.BigDecimalType@5c5a1b69
15:54:10.610 [main] DEBUG org.hibernate.type.BasicTypeRegistry - Adding type registration big_integer -> org.hibernate.type.BigIntegerType@578486a3
15:54:10.610 [main] DEBUG org.hibernate.type.BasicTypeRegistry - Adding type registration java.math.BigInteger -> org.hibernate.type.BigIntegerType@578486a3
15:54:10.612 [main] DEBUG org.hibernate.type.BasicTypeRegistry - Adding type registration string -> org.hibernate.type.StringType@50b494a6
15:54:10.613 [main] DEBUG org.hibernate.type.BasicTypeRegistry - Adding type registration java.lang.String -> org.hibernate.type.StringType@50b494a6
15:54:10.615 [main] DEBUG org.hibernate.type.BasicTypeRegistry - Adding type registration nstring -> org.hibernate.type.StringNVarcharType@cd2dae5
15:54:10.618 [main] DEBUG org.hibernate.type.BasicTypeRegistry - Adding type registration ncharacter -> org.hibernate.type.CharacterNCharType@22a67b4
15:54:10.620 [main] DEBUG org.hibernate.type.BasicTypeRegistry - Adding type registration url -> org.hibernate.type.UrlType@6737fd8f
15:54:10.623 [main] DEBUG org.hibernate.type.BasicTypeRegistry - Adding type registration java.net.URL -> org.hibernate.type.UrlType@6737fd8f
15:54:10.627 [main] DEBUG org.hibernate.type.BasicTypeRegistry - Adding type registration date -> org.hibernate.type.DateType@6c49835d
15:54:10.627 [main] DEBUG org.hibernate.type.BasicTypeRegistry - Adding type registration java.sql.Date -> org.hibernate.type.DateType@6c49835d
15:54:10.630 [main] DEBUG org.hibernate.type.BasicTypeRegistry - Adding type registration time -> org.hibernate.type.TimeType@1e6d1014
15:54:10.631 [main] DEBUG org.hibernate.type.BasicTypeRegistry - Adding type registration java.sql.Time -> org.hibernate.type.TimeType@1e6d1014
15:54:10.634 [main] DEBUG org.hibernate.type.BasicTypeRegistry - Adding type registration timestamp -> org.hibernate.type.TimestampType@26aa12dd
15:54:10.635 [main] DEBUG org.hibernate.type.BasicTypeRegistry - Adding type registration java.sql.Timestamp -> org.hibernate.type.TimestampType@26aa12dd
15:54:10.635 [main] DEBUG org.hibernate.type.BasicTypeRegistry - Adding type registration java.util.Date -> org.hibernate.type.TimestampType@26aa12dd
15:54:10.638 [main] DEBUG org.hibernate.type.BasicTypeRegistry - Adding type registration dbtimestamp -> org.hibernate.type.DbTimestampType@71bbf57e
15:54:10.641 [main] DEBUG org.hibernate.type.BasicTypeRegistry - Adding type registration calendar -> org.hibernate.type.CalendarType@4e7dc304
15:54:10.641 [main] DEBUG org.hibernate.type.BasicTypeRegistry - Adding type registration java.util.Calendar -> org.hibernate.type.CalendarType@4e7dc304
15:54:10.642 [main] DEBUG org.hibernate.type.BasicTypeRegistry - Adding type registration java.util.GregorianCalendar -> org.hibernate.type.CalendarType@4e7dc304
15:54:10.643 [main] DEBUG org.hibernate.type.BasicTypeRegistry - Adding type registration calendar_date -> org.hibernate.type.CalendarDateType@48503868
15:54:10.645 [main] DEBUG org.hibernate.type.BasicTypeRegistry - Adding type registration locale -> org.hibernate.type.LocaleType@396f6598
15:54:10.646 [main] DEBUG org.hibernate.type.BasicTypeRegistry - Adding type registration java.util.Locale -> org.hibernate.type.LocaleType@396f6598
15:54:10.648 [main] DEBUG org.hibernate.type.BasicTypeRegistry - Adding type registration currency -> org.hibernate.type.CurrencyType@1e965684
15:54:10.649 [main] DEBUG org.hibernate.type.BasicTypeRegistry - Adding type registration java.util.Currency -> org.hibernate.type.CurrencyType@1e965684
15:54:10.651 [main] DEBUG org.hibernate.type.BasicTypeRegistry - Adding type registration timezone -> org.hibernate.type.TimeZoneType@15d0c81b
15:54:10.651 [main] DEBUG org.hibernate.type.BasicTypeRegistry - Adding type registration java.util.TimeZone -> org.hibernate.type.TimeZoneType@15d0c81b
15:54:10.653 [main] DEBUG org.hibernate.type.BasicTypeRegistry - Adding type registration class -> org.hibernate.type.ClassType@3712b94
15:54:10.653 [main] DEBUG org.hibernate.type.BasicTypeRegistry - Adding type registration java.lang.Class -> org.hibernate.type.ClassType@3712b94
15:54:10.656 [main] DEBUG org.hibernate.type.BasicTypeRegistry - Adding type registration uuid-binary -> org.hibernate.type.UUIDBinaryType@1f57539
15:54:10.657 [main] DEBUG org.hibernate.type.BasicTypeRegistry - Adding type registration java.util.UUID -> org.hibernate.type.UUIDBinaryType@1f57539
15:54:10.658 [main] DEBUG org.hibernate.type.BasicTypeRegistry - Adding type registration uuid-char -> org.hibernate.type.UUIDCharType@6ee52dcd
15:54:10.661 [main] DEBUG org.hibernate.type.BasicTypeRegistry - Adding type registration pg-uuid -> org.hibernate.type.PostgresUUIDType@1877ab81
15:54:10.664 [main] DEBUG org.hibernate.type.BasicTypeRegistry - Adding type registration binary -> org.hibernate.type.BinaryType@5faeada1
15:54:10.664 [main] DEBUG org.hibernate.type.BasicTypeRegistry - Adding type registration byte[] -> org.hibernate.type.BinaryType@5faeada1
15:54:10.665 [main] DEBUG org.hibernate.type.BasicTypeRegistry - Adding type registration [B -> org.hibernate.type.BinaryType@5faeada1
15:54:10.667 [main] DEBUG org.hibernate.type.BasicTypeRegistry - Adding type registration wrapper-binary -> org.hibernate.type.WrapperBinaryType@33c7e1bb
15:54:10.668 [main] DEBUG org.hibernate.type.BasicTypeRegistry - Adding type registration Byte[] -> org.hibernate.type.WrapperBinaryType@33c7e1bb
15:54:10.668 [main] DEBUG org.hibernate.type.BasicTypeRegistry - Adding type registration [Ljava.lang.Byte; -> org.hibernate.type.WrapperBinaryType@33c7e1bb
15:54:10.670 [main] DEBUG org.hibernate.type.BasicTypeRegistry - Adding type registration image -> org.hibernate.type.ImageType@17d677df
15:54:10.672 [main] DEBUG org.hibernate.type.BasicTypeRegistry - Adding type registration characters -> org.hibernate.type.CharArrayType@4b553d26
15:54:10.673 [main] DEBUG org.hibernate.type.BasicTypeRegistry - Adding type registration char[] -> org.hibernate.type.CharArrayType@4b553d26
15:54:10.673 [main] DEBUG org.hibernate.type.BasicTypeRegistry - Adding type registration [C -> org.hibernate.type.CharArrayType@4b553d26
15:54:10.675 [main] DEBUG org.hibernate.type.BasicTypeRegistry - Adding type registration wrapper-characters -> org.hibernate.type.CharacterArrayType@2a742aa2
15:54:10.676 [main] DEBUG org.hibernate.type.BasicTypeRegistry - Adding type registration [Ljava.lang.Character; -> org.hibernate.type.CharacterArrayType@2a742aa2
15:54:10.676 [main] DEBUG org.hibernate.type.BasicTypeRegistry - Adding type registration Character[] -> org.hibernate.type.CharacterArrayType@2a742aa2
15:54:10.677 [main] DEBUG org.hibernate.type.BasicTypeRegistry - Adding type registration text -> org.hibernate.type.TextType@7e2d773b
15:54:10.679 [main] DEBUG org.hibernate.type.BasicTypeRegistry - Adding type registration ntext -> org.hibernate.type.NTextType@51e2adc7
15:54:10.687 [main] DEBUG org.hibernate.type.BasicTypeRegistry - Adding type registration blob -> org.hibernate.type.BlobType@26a7b76d
15:54:10.688 [main] DEBUG org.hibernate.type.BasicTypeRegistry - Adding type registration java.sql.Blob -> org.hibernate.type.BlobType@26a7b76d
15:54:10.690 [main] DEBUG org.hibernate.type.BasicTypeRegistry - Adding type registration materialized_blob -> org.hibernate.type.MaterializedBlobType@1500955a
15:54:10.698 [main] DEBUG org.hibernate.type.BasicTypeRegistry - Adding type registration clob -> org.hibernate.type.ClobType@50d0686
15:54:10.698 [main] DEBUG org.hibernate.type.BasicTypeRegistry - Adding type registration java.sql.Clob -> org.hibernate.type.ClobType@50d0686
15:54:10.705 [main] DEBUG org.hibernate.type.BasicTypeRegistry - Adding type registration nclob -> org.hibernate.type.NClobType@491cc5c9
15:54:10.718 [main] DEBUG org.hibernate.type.BasicTypeRegistry - Adding type registration java.sql.NClob -> org.hibernate.type.NClobType@491cc5c9
15:54:10.720 [main] DEBUG org.hibernate.type.BasicTypeRegistry - Adding type registration materialized_clob -> org.hibernate.type.MaterializedClobType@462d5aee
15:54:10.723 [main] DEBUG org.hibernate.type.BasicTypeRegistry - Adding type registration materialized_nclob -> org.hibernate.type.MaterializedNClobType@4a87761d
15:54:10.730 [main] DEBUG org.hibernate.type.BasicTypeRegistry - Adding type registration serializable -> org.hibernate.type.SerializableType@6950e31
15:54:10.736 [main] DEBUG org.hibernate.type.BasicTypeRegistry - Adding type registration object -> org.hibernate.type.ObjectType@5891e32e
15:54:10.739 [main] DEBUG org.hibernate.type.BasicTypeRegistry - Adding type registration java.lang.Object -> org.hibernate.type.ObjectType@5891e32e
15:54:10.740 [main] DEBUG org.hibernate.type.BasicTypeRegistry - Adding type registration imm_date -> org.hibernate.type.AdaptedImmutableType@74a10858
15:54:10.740 [main] DEBUG org.hibernate.type.BasicTypeRegistry - Adding type registration imm_time -> org.hibernate.type.AdaptedImmutableType@23fe1d71
15:54:10.740 [main] DEBUG org.hibernate.type.BasicTypeRegistry - Adding type registration imm_timestamp -> org.hibernate.type.AdaptedImmutableType@28ac3dc3
15:54:10.741 [main] DEBUG org.hibernate.type.BasicTypeRegistry - Adding type registration imm_dbtimestamp -> org.hibernate.type.AdaptedImmutableType@32eebfca
15:54:10.742 [main] DEBUG org.hibernate.type.BasicTypeRegistry - Adding type registration imm_calendar -> org.hibernate.type.AdaptedImmutableType@4e718207
15:54:10.743 [main] DEBUG org.hibernate.type.BasicTypeRegistry - Adding type registration imm_calendar_date -> org.hibernate.type.AdaptedImmutableType@1d371b2d
15:54:10.743 [main] DEBUG org.hibernate.type.BasicTypeRegistry - Adding type registration imm_binary -> org.hibernate.type.AdaptedImmutableType@543c6f6d
15:54:10.744 [main] DEBUG org.hibernate.type.BasicTypeRegistry - Adding type registration imm_serializable -> org.hibernate.type.AdaptedImmutableType@13eb8acf
15:54:10.777 [main] INFO  o.h.annotations.common.Version - HCANN000001: Hibernate Commons Annotations {4.0.4.Final}
15:54:10.792 [main] INFO  org.hibernate.Version - HHH000412: Hibernate Core {4.3.11.Final}
15:54:10.796 [main] INFO  org.hibernate.cfg.Environment - HHH000206: hibernate.properties not found
15:54:10.800 [main] INFO  org.hibernate.cfg.Environment - HHH000021: Bytecode provider name : javassist
15:54:10.821 [main] DEBUG o.h.i.f.i.DefaultIdentifierGeneratorFactory - Registering IdentifierGenerator strategy [uuid2] -> [org.hibernate.id.UUIDGenerator]
15:54:10.823 [main] DEBUG o.h.i.f.i.DefaultIdentifierGeneratorFactory - Registering IdentifierGenerator strategy [guid] -> [org.hibernate.id.GUIDGenerator]
15:54:10.825 [main] DEBUG o.h.i.f.i.DefaultIdentifierGeneratorFactory - Registering IdentifierGenerator strategy [uuid] -> [org.hibernate.id.UUIDHexGenerator]
15:54:10.826 [main] DEBUG o.h.i.f.i.DefaultIdentifierGeneratorFactory - Registering IdentifierGenerator strategy [uuid.hex] -> [org.hibernate.id.UUIDHexGenerator]
15:54:10.829 [main] DEBUG o.h.i.f.i.DefaultIdentifierGeneratorFactory - Registering IdentifierGenerator strategy [hilo] -> [org.hibernate.id.TableHiLoGenerator]
15:54:10.830 [main] DEBUG o.h.i.f.i.DefaultIdentifierGeneratorFactory - Registering IdentifierGenerator strategy [assigned] -> [org.hibernate.id.Assigned]
15:54:10.833 [main] DEBUG o.h.i.f.i.DefaultIdentifierGeneratorFactory - Registering IdentifierGenerator strategy [identity] -> [org.hibernate.id.IdentityGenerator]
15:54:10.834 [main] DEBUG o.h.i.f.i.DefaultIdentifierGeneratorFactory - Registering IdentifierGenerator strategy [select] -> [org.hibernate.id.SelectGenerator]
15:54:10.836 [main] DEBUG o.h.i.f.i.DefaultIdentifierGeneratorFactory - Registering IdentifierGenerator strategy [sequence] -> [org.hibernate.id.SequenceGenerator]
15:54:10.838 [main] DEBUG o.h.i.f.i.DefaultIdentifierGeneratorFactory - Registering IdentifierGenerator strategy [seqhilo] -> [org.hibernate.id.SequenceHiLoGenerator]
15:54:10.840 [main] DEBUG o.h.i.f.i.DefaultIdentifierGeneratorFactory - Registering IdentifierGenerator strategy [increment] -> [org.hibernate.id.IncrementGenerator]
15:54:10.842 [main] DEBUG o.h.i.f.i.DefaultIdentifierGeneratorFactory - Registering IdentifierGenerator strategy [foreign] -> [org.hibernate.id.ForeignGenerator]
15:54:10.844 [main] DEBUG o.h.i.f.i.DefaultIdentifierGeneratorFactory - Registering IdentifierGenerator strategy [sequence-identity] -> [org.hibernate.id.SequenceIdentityGenerator]
15:54:10.846 [main] DEBUG o.h.i.f.i.DefaultIdentifierGeneratorFactory - Registering IdentifierGenerator strategy [enhanced-sequence] -> [org.hibernate.id.enhanced.SequenceStyleGenerator]
15:54:10.848 [main] DEBUG o.h.i.f.i.DefaultIdentifierGeneratorFactory - Registering IdentifierGenerator strategy [enhanced-table] -> [org.hibernate.id.enhanced.TableGenerator]
15:54:10.854 [main] INFO  org.hibernate.cfg.Configuration - HHH000043: Configuring from resource: /hibernate.cfg.xml
15:54:10.855 [main] INFO  org.hibernate.cfg.Configuration - HHH000040: Configuration resource: /hibernate.cfg.xml
15:54:10.980 [main] DEBUG o.h.i.util.xml.DTDEntityResolver - Trying to resolve system-id [http://hibernate.sourceforge.net/hibernate-configuration-3.0.dtd]
15:54:10.981 [main] WARN  o.h.i.util.xml.DTDEntityResolver - HHH000223: Recognized obsolete hibernate namespace http://hibernate.sourceforge.net/. Use namespace http://www.hibernate.org/dtd/ instead. Refer to Hibernate 3.6 Migration Guide!
15:54:10.982 [main] DEBUG o.h.i.util.xml.DTDEntityResolver - Attempting to resolve on classpath under org/hibernate/
15:54:10.984 [main] DEBUG o.h.i.util.xml.DTDEntityResolver - Located [http://hibernate.sourceforge.net/hibernate-configuration-3.0.dtd] in classpath
15:54:11.028 [main] DEBUG org.hibernate.cfg.Configuration - hibernate.dialect=org.hibernate.dialect.MySQLDialect
15:54:11.029 [main] DEBUG org.hibernate.cfg.Configuration - hibernate.connection.driver_class=com.mysql.jdbc.Driver
15:54:11.029 [main] DEBUG org.hibernate.cfg.Configuration - hibernate.connection.url=jdbc:mysql://localhost:3306/supermercadosdeltaplus?zeroDateTimeBehavior=convertToNull
15:54:11.030 [main] DEBUG org.hibernate.cfg.Configuration - hibernate.connection.username=root
15:54:11.030 [main] DEBUG org.hibernate.cfg.Configuration - hibernate.connection.password=root
15:54:11.031 [main] INFO  org.hibernate.cfg.Configuration - HHH000041: Configured SessionFactory: null
15:54:11.031 [main] DEBUG org.hibernate.cfg.Configuration - Properties: {hibernate.connection.password=root, java.runtime.name=Java(TM) SE Runtime Environment, sun.boot.library.path=/usr/java/jdk1.8.0_144/jre/lib/amd64, java.vm.version=25.144-b01, hibernate.connection.username=root, java.vm.vendor=Oracle Corporation, java.vendor.url=http://java.oracle.com/, path.separator=:, java.vm.name=Java HotSpot(TM) 64-Bit Server VM, file.encoding.pkg=sun.io, user.country=AR, sun.java.launcher=SUN_STANDARD, sun.os.patch.level=unknown, test=com.fabiocompany.supermercadosdeltaplus.test.UsuarioTest, java.vm.specification.name=Java Virtual Machine Specification, user.dir=/home/fabio/Documentos/NetBeans Projects/repoingweb3personal/supermercadosdeltaplusModulo, java.runtime.version=1.8.0_144-b01, java.awt.graphicsenv=sun.awt.X11GraphicsEnvironment, basedir=/home/fabio/Documentos/NetBeans Projects/repoingweb3personal/supermercadosdeltaplusModulo, java.endorsed.dirs=/usr/java/jdk1.8.0_144/jre/lib/endorsed, os.arch=amd64, surefire.real.class.path=/home/fabio/Documentos/NetBeans Projects/repoingweb3personal/supermercadosdeltaplusModulo/target/surefire/surefirebooter21263009499006356.jar, java.io.tmpdir=/tmp, line.separator=
, java.vm.specification.vendor=Oracle Corporation, os.name=Linux, maven.ext.class.path=/home/fabio/netbeans-8.2/java/maven-nblib/netbeans-eventspy.jar, sun.jnu.encoding=UTF-8, java.library.path=/usr/java/jdk1.8.0_144/jre/lib/amd64:/usr/java/jdk1.8.0_144/jre/lib/i386::/usr/java/packages/lib/amd64:/usr/lib64:/lib64:/lib:/usr/lib, surefire.test.class.path=/home/fabio/Documentos/NetBeans Projects/repoingweb3personal/supermercadosdeltaplusModulo/target/test-classes:/home/fabio/Documentos/NetBeans Projects/repoingweb3personal/supermercadosdeltaplusModulo/target/classes:/home/fabio/.m2/repository/org/hibernate/hibernate-entitymanager/4.3.1.Final/hibernate-entitymanager-4.3.1.Final.jar:/home/fabio/.m2/repository/org/jboss/logging/jboss-logging/3.3.1.Final/jboss-logging-3.3.1.Final.jar:/home/fabio/.m2/repository/org/jboss/logging/jboss-logging-annotations/1.2.0.Beta1/jboss-logging-annotations-1.2.0.Beta1.jar:/home/fabio/.m2/repository/dom4j/dom4j/1.6.1/dom4j-1.6.1.jar:/home/fabio/.m2/repository/org/hibernate/common/hibernate-commons-annotations/4.0.4.Final/hibernate-commons-annotations-4.0.4.Final.jar:/home/fabio/.m2/repository/org/jboss/spec/javax/transaction/jboss-transaction-api_1.2_spec/1.0.0.Final/jboss-transaction-api_1.2_spec-1.0.0.Final.jar:/home/fabio/.m2/repository/org/javassist/javassist/3.21.0-GA/javassist-3.21.0-GA.jar:/home/fabio/.m2/repository/unknown/binary/mysql-connector-java-5.1.44-bin/SNAPSHOT/mysql-connector-java-5.1.44-bin-SNAPSHOT.jar:/home/fabio/.m2/repository/junit/junit/4.12/junit-4.12.jar:/home/fabio/.m2/repository/org/hamcrest/hamcrest-core/1.3/hamcrest-core-1.3.jar:/home/fabio/.m2/repository/org/springframework/boot/spring-boot-starter-web/1.5.6.RELEASE/spring-boot-starter-web-1.5.6.RELEASE.jar:/home/fabio/.m2/repository/org/springframework/boot/spring-boot-starter/1.5.6.RELEASE/spring-boot-starter-1.5.6.RELEASE.jar:/home/fabio/.m2/repository/org/springframework/boot/spring-boot/1.5.6.RELEASE/spring-boot-1.5.6.RELEASE.jar:/home/fabio/.m2/repository/org/springframework/boot/spring-boot-autoconfigure/1.5.6.RELEASE/spring-boot-autoconfigure-1.5.6.RELEASE.jar:/home/fabio/.m2/repository/org/springframework/boot/spring-boot-starter-logging/1.5.6.RELEASE/spring-boot-starter-logging-1.5.6.RELEASE.jar:/home/fabio/.m2/repository/org/slf4j/jul-to-slf4j/1.7.25/jul-to-slf4j-1.7.25.jar:/home/fabio/.m2/repository/org/slf4j/log4j-over-slf4j/1.7.25/log4j-over-slf4j-1.7.25.jar:/home/fabio/.m2/repository/org/yaml/snakeyaml/1.17/snakeyaml-1.17.jar:/home/fabio/.m2/repository/org/springframework/boot/spring-boot-starter-tomcat/1.5.6.RELEASE/spring-boot-starter-tomcat-1.5.6.RELEASE.jar:/home/fabio/.m2/repository/org/apache/tomcat/embed/tomcat-embed-core/8.5.16/tomcat-embed-core-8.5.16.jar:/home/fabio/.m2/repository/org/apache/tomcat/embed/tomcat-embed-el/8.5.16/tomcat-embed-el-8.5.16.jar:/home/fabio/.m2/repository/org/apache/tomcat/embed/tomcat-embed-websocket/8.5.16/tomcat-embed-websocket-8.5.16.jar:/home/fabio/.m2/repository/com/fasterxml/jackson/core/jackson-databind/2.8.9/jackson-databind-2.8.9.jar:/home/fabio/.m2/repository/com/fasterxml/jackson/core/jackson-annotations/2.8.0/jackson-annotations-2.8.0.jar:/home/fabio/.m2/repository/com/fasterxml/jackson/core/jackson-core/2.8.9/jackson-core-2.8.9.jar:/home/fabio/.m2/repository/org/springframework/boot/spring-boot-starter-actuator/1.5.6.RELEASE/spring-boot-starter-actuator-1.5.6.RELEASE.jar:/home/fabio/.m2/repository/org/springframework/boot/spring-boot-actuator/1.5.6.RELEASE/spring-boot-actuator-1.5.6.RELEASE.jar:/home/fabio/.m2/repository/org/aspectj/aspectjweaver/1.8.10/aspectjweaver-1.8.10.jar:/home/fabio/.m2/repository/org/springframework/spring-core/4.3.10.RELEASE/spring-core-4.3.10.RELEASE.jar:/home/fabio/.m2/repository/org/springframework/spring-context/4.3.10.RELEASE/spring-context-4.3.10.RELEASE.jar:/home/fabio/.m2/repository/org/springframework/spring-beans/4.3.10.RELEASE/spring-beans-4.3.10.RELEASE.jar:/home/fabio/.m2/repository/org/springframework/spring-expression/4.3.10.RELEASE/spring-expression-4.3.10.RELEASE.jar:/home/fabio/.m2/repository/org/springframework/spring-aspects/4.3.10.RELEASE/spring-aspects-4.3.10.RELEASE.jar:/home/fabio/.m2/repository/org/springframework/spring-webmvc/4.3.10.RELEASE/spring-webmvc-4.3.10.RELEASE.jar:/home/fabio/.m2/repository/org/springframework/spring-web/4.3.10.RELEASE/spring-web-4.3.10.RELEASE.jar:/home/fabio/.m2/repository/org/springframework/spring-oxm/4.3.10.RELEASE/spring-oxm-4.3.10.RELEASE.jar:/home/fabio/.m2/repository/org/springframework/spring-tx/4.3.10.RELEASE/spring-tx-4.3.10.RELEASE.jar:/home/fabio/.m2/repository/org/springframework/spring-aop/4.3.10.RELEASE/spring-aop-4.3.10.RELEASE.jar:/home/fabio/.m2/repository/org/springframework/spring-orm/4.3.10.RELEASE/spring-orm-4.3.10.RELEASE.jar:/home/fabio/.m2/repository/org/springframework/spring-jdbc/4.3.10.RELEASE/spring-jdbc-4.3.10.RELEASE.jar:/home/fabio/.m2/repository/org/springframework/boot/spring-boot-starter-security/1.5.6.RELEASE/spring-boot-starter-security-1.5.6.RELEASE.jar:/home/fabio/.m2/repository/org/springframework/security/spring-security-config/4.2.3.RELEASE/spring-security-config-4.2.3.RELEASE.jar:/home/fabio/.m2/repository/org/springframework/security/spring-security-core/4.2.3.RELEASE/spring-security-core-4.2.3.RELEASE.jar:/home/fabio/.m2/repository/org/springframework/security/spring-security-web/4.2.3.RELEASE/spring-security-web-4.2.3.RELEASE.jar:/home/fabio/.m2/repository/org/slf4j/slf4j-api/1.7.25/slf4j-api-1.7.25.jar:/home/fabio/.m2/repository/ch/qos/logback/logback-classic/1.1.3/logback-classic-1.1.3.jar:/home/fabio/.m2/repository/ch/qos/logback/logback-core/1.1.3/logback-core-1.1.3.jar:/home/fabio/.m2/repository/org/slf4j/jcl-over-slf4j/1.7.25/jcl-over-slf4j-1.7.25.jar:/home/fabio/.m2/repository/commons-dbutils/commons-dbutils/1.6/commons-dbutils-1.6.jar:/home/fabio/.m2/repository/org/hibernate/hibernate-core/4.3.11.Final/hibernate-core-4.3.11.Final.jar:/home/fabio/.m2/repository/antlr/antlr/2.7.7/antlr-2.7.7.jar:/home/fabio/.m2/repository/org/jboss/jandex/1.1.0.Final/jandex-1.1.0.Final.jar:/home/fabio/.m2/repository/org/hibernate/hibernate-c3p0/4.3.11.Final/hibernate-c3p0-4.3.11.Final.jar:/home/fabio/.m2/repository/com/mchange/c3p0/0.9.2.1/c3p0-0.9.2.1.jar:/home/fabio/.m2/repository/com/mchange/mchange-commons-java/0.2.3.4/mchange-commons-java-0.2.3.4.jar:/home/fabio/.m2/repository/org/hibernate/hibernate-validator/5.3.5.Final/hibernate-validator-5.3.5.Final.jar:/home/fabio/.m2/repository/com/fasterxml/classmate/1.3.3/classmate-1.3.3.jar:/home/fabio/.m2/repository/org/hibernate/javax/persistence/hibernate-jpa-2.1-api/1.0.0.Final/hibernate-jpa-2.1-api-1.0.0.Final.jar:/home/fabio/.m2/repository/javax/validation/validation-api/1.1.0.Final/validation-api-1.1.0.Final.jar:/home/fabio/.m2/repository/org/jooq/jooq/3.9.4/jooq-3.9.4.jar:/home/fabio/.m2/repository/mysql/mysql-connector-java/5.1.43/mysql-connector-java-5.1.43.jar:, java.specification.name=Java Platform API Specification, java.class.version=52.0, sun.management.compiler=HotSpot 64-Bit Tiered Compilers, os.version=4.4.0-96-generic, user.home=/home/fabio, user.timezone=America/Argentina/Cordoba, java.awt.printerjob=sun.print.PSPrinterJob, file.encoding=UTF-8, java.specification.version=1.8, hibernate.connection.driver_class=com.mysql.jdbc.Driver, java.class.path=/home/fabio/Documentos/NetBeans Projects/repoingweb3personal/supermercadosdeltaplusModulo/target/test-classes:/home/fabio/Documentos/NetBeans Projects/repoingweb3personal/supermercadosdeltaplusModulo/target/classes:/home/fabio/.m2/repository/org/hibernate/hibernate-entitymanager/4.3.1.Final/hibernate-entitymanager-4.3.1.Final.jar:/home/fabio/.m2/repository/org/jboss/logging/jboss-logging/3.3.1.Final/jboss-logging-3.3.1.Final.jar:/home/fabio/.m2/repository/org/jboss/logging/jboss-logging-annotations/1.2.0.Beta1/jboss-logging-annotations-1.2.0.Beta1.jar:/home/fabio/.m2/repository/dom4j/dom4j/1.6.1/dom4j-1.6.1.jar:/home/fabio/.m2/repository/org/hibernate/common/hibernate-commons-annotations/4.0.4.Final/hibernate-commons-annotations-4.0.4.Final.jar:/home/fabio/.m2/repository/org/jboss/spec/javax/transaction/jboss-transaction-api_1.2_spec/1.0.0.Final/jboss-transaction-api_1.2_spec-1.0.0.Final.jar:/home/fabio/.m2/repository/org/javassist/javassist/3.21.0-GA/javassist-3.21.0-GA.jar:/home/fabio/.m2/repository/unknown/binary/mysql-connector-java-5.1.44-bin/SNAPSHOT/mysql-connector-java-5.1.44-bin-SNAPSHOT.jar:/home/fabio/.m2/repository/junit/junit/4.12/junit-4.12.jar:/home/fabio/.m2/repository/org/hamcrest/hamcrest-core/1.3/hamcrest-core-1.3.jar:/home/fabio/.m2/repository/org/springframework/boot/spring-boot-starter-web/1.5.6.RELEASE/spring-boot-starter-web-1.5.6.RELEASE.jar:/home/fabio/.m2/repository/org/springframework/boot/spring-boot-starter/1.5.6.RELEASE/spring-boot-starter-1.5.6.RELEASE.jar:/home/fabio/.m2/repository/org/springframework/boot/spring-boot/1.5.6.RELEASE/spring-boot-1.5.6.RELEASE.jar:/home/fabio/.m2/repository/org/springframework/boot/spring-boot-autoconfigure/1.5.6.RELEASE/spring-boot-autoconfigure-1.5.6.RELEASE.jar:/home/fabio/.m2/repository/org/springframework/boot/spring-boot-starter-logging/1.5.6.RELEASE/spring-boot-starter-logging-1.5.6.RELEASE.jar:/home/fabio/.m2/repository/org/slf4j/jul-to-slf4j/1.7.25/jul-to-slf4j-1.7.25.jar:/home/fabio/.m2/repository/org/slf4j/log4j-over-slf4j/1.7.25/log4j-over-slf4j-1.7.25.jar:/home/fabio/.m2/repository/org/yaml/snakeyaml/1.17/snakeyaml-1.17.jar:/home/fabio/.m2/repository/org/springframework/boot/spring-boot-starter-tomcat/1.5.6.RELEASE/spring-boot-starter-tomcat-1.5.6.RELEASE.jar:/home/fabio/.m2/repository/org/apache/tomcat/embed/tomcat-embed-core/8.5.16/tomcat-embed-core-8.5.16.jar:/home/fabio/.m2/repository/org/apache/tomcat/embed/tomcat-embed-el/8.5.16/tomcat-embed-el-8.5.16.jar:/home/fabio/.m2/repository/org/apache/tomcat/embed/tomcat-embed-websocket/8.5.16/tomcat-embed-websocket-8.5.16.jar:/home/fabio/.m2/repository/com/fasterxml/jackson/core/jackson-databind/2.8.9/jackson-databind-2.8.9.jar:/home/fabio/.m2/repository/com/fasterxml/jackson/core/jackson-annotations/2.8.0/jackson-annotations-2.8.0.jar:/home/fabio/.m2/repository/com/fasterxml/jackson/core/jackson-core/2.8.9/jackson-core-2.8.9.jar:/home/fabio/.m2/repository/org/springframework/boot/spring-boot-starter-actuator/1.5.6.RELEASE/spring-boot-starter-actuator-1.5.6.RELEASE.jar:/home/fabio/.m2/repository/org/springframework/boot/spring-boot-actuator/1.5.6.RELEASE/spring-boot-actuator-1.5.6.RELEASE.jar:/home/fabio/.m2/repository/org/aspectj/aspectjweaver/1.8.10/aspectjweaver-1.8.10.jar:/home/fabio/.m2/repository/org/springframework/spring-core/4.3.10.RELEASE/spring-core-4.3.10.RELEASE.jar:/home/fabio/.m2/repository/org/springframework/spring-context/4.3.10.RELEASE/spring-context-4.3.10.RELEASE.jar:/home/fabio/.m2/repository/org/springframework/spring-beans/4.3.10.RELEASE/spring-beans-4.3.10.RELEASE.jar:/home/fabio/.m2/repository/org/springframework/spring-expression/4.3.10.RELEASE/spring-expression-4.3.10.RELEASE.jar:/home/fabio/.m2/repository/org/springframework/spring-aspects/4.3.10.RELEASE/spring-aspects-4.3.10.RELEASE.jar:/home/fabio/.m2/repository/org/springframework/spring-webmvc/4.3.10.RELEASE/spring-webmvc-4.3.10.RELEASE.jar:/home/fabio/.m2/repository/org/springframework/spring-web/4.3.10.RELEASE/spring-web-4.3.10.RELEASE.jar:/home/fabio/.m2/repository/org/springframework/spring-oxm/4.3.10.RELEASE/spring-oxm-4.3.10.RELEASE.jar:/home/fabio/.m2/repository/org/springframework/spring-tx/4.3.10.RELEASE/spring-tx-4.3.10.RELEASE.jar:/home/fabio/.m2/repository/org/springframework/spring-aop/4.3.10.RELEASE/spring-aop-4.3.10.RELEASE.jar:/home/fabio/.m2/repository/org/springframework/spring-orm/4.3.10.RELEASE/spring-orm-4.3.10.RELEASE.jar:/home/fabio/.m2/repository/org/springframework/spring-jdbc/4.3.10.RELEASE/spring-jdbc-4.3.10.RELEASE.jar:/home/fabio/.m2/repository/org/springframework/boot/spring-boot-starter-security/1.5.6.RELEASE/spring-boot-starter-security-1.5.6.RELEASE.jar:/home/fabio/.m2/repository/org/springframework/security/spring-security-config/4.2.3.RELEASE/spring-security-config-4.2.3.RELEASE.jar:/home/fabio/.m2/repository/org/springframework/security/spring-security-core/4.2.3.RELEASE/spring-security-core-4.2.3.RELEASE.jar:/home/fabio/.m2/repository/org/springframework/security/spring-security-web/4.2.3.RELEASE/spring-security-web-4.2.3.RELEASE.jar:/home/fabio/.m2/repository/org/slf4j/slf4j-api/1.7.25/slf4j-api-1.7.25.jar:/home/fabio/.m2/repository/ch/qos/logback/logback-classic/1.1.3/logback-classic-1.1.3.jar:/home/fabio/.m2/repository/ch/qos/logback/logback-core/1.1.3/logback-core-1.1.3.jar:/home/fabio/.m2/repository/org/slf4j/jcl-over-slf4j/1.7.25/jcl-over-slf4j-1.7.25.jar:/home/fabio/.m2/repository/commons-dbutils/commons-dbutils/1.6/commons-dbutils-1.6.jar:/home/fabio/.m2/repository/org/hibernate/hibernate-core/4.3.11.Final/hibernate-core-4.3.11.Final.jar:/home/fabio/.m2/repository/antlr/antlr/2.7.7/antlr-2.7.7.jar:/home/fabio/.m2/repository/org/jboss/jandex/1.1.0.Final/jandex-1.1.0.Final.jar:/home/fabio/.m2/repository/org/hibernate/hibernate-c3p0/4.3.11.Final/hibernate-c3p0-4.3.11.Final.jar:/home/fabio/.m2/repository/com/mchange/c3p0/0.9.2.1/c3p0-0.9.2.1.jar:/home/fabio/.m2/repository/com/mchange/mchange-commons-java/0.2.3.4/mchange-commons-java-0.2.3.4.jar:/home/fabio/.m2/repository/org/hibernate/hibernate-validator/5.3.5.Final/hibernate-validator-5.3.5.Final.jar:/home/fabio/.m2/repository/com/fasterxml/classmate/1.3.3/classmate-1.3.3.jar:/home/fabio/.m2/repository/org/hibernate/javax/persistence/hibernate-jpa-2.1-api/1.0.0.Final/hibernate-jpa-2.1-api-1.0.0.Final.jar:/home/fabio/.m2/repository/javax/validation/validation-api/1.1.0.Final/validation-api-1.1.0.Final.jar:/home/fabio/.m2/repository/org/jooq/jooq/3.9.4/jooq-3.9.4.jar:/home/fabio/.m2/repository/mysql/mysql-connector-java/5.1.43/mysql-connector-java-5.1.43.jar:, user.name=fabio, hibernate.bytecode.use_reflection_optimizer=false, java.vm.specification.version=1.8, sun.java.command=/home/fabio/Documentos/NetBeans Projects/repoingweb3personal/supermercadosdeltaplusModulo/target/surefire/surefirebooter21263009499006356.jar /home/fabio/Documentos/NetBeans Projects/repoingweb3personal/supermercadosdeltaplusModulo/target/surefire/surefire4114098133841019870tmp /home/fabio/Documentos/NetBeans Projects/repoingweb3personal/supermercadosdeltaplusModulo/target/surefire/surefire_03039521627203409447tmp, java.home=/usr/java/jdk1.8.0_144/jre, sun.arch.data.model=64, hibernate.connection.url=jdbc:mysql://localhost:3306/supermercadosdeltaplus?zeroDateTimeBehavior=convertToNull, hibernate.dialect=org.hibernate.dialect.MySQLDialect, user.language=es, java.specification.vendor=Oracle Corporation, awt.toolkit=sun.awt.X11.XToolkit, java.vm.info=mixed mode, java.version=1.8.0_144, java.ext.dirs=/usr/java/jdk1.8.0_144/jre/lib/ext:/usr/java/packages/lib/ext, sun.boot.class.path=/usr/java/jdk1.8.0_144/jre/lib/resources.jar:/usr/java/jdk1.8.0_144/jre/lib/rt.jar:/usr/java/jdk1.8.0_144/jre/lib/sunrsasign.jar:/usr/java/jdk1.8.0_144/jre/lib/jsse.jar:/usr/java/jdk1.8.0_144/jre/lib/jce.jar:/usr/java/jdk1.8.0_144/jre/lib/charsets.jar:/usr/java/jdk1.8.0_144/jre/lib/jfr.jar:/usr/java/jdk1.8.0_144/jre/classes, java.vendor=Oracle Corporation, localRepository=/home/fabio/.m2/repository, file.separator=/, java.vendor.url.bug=http://bugreport.sun.com/bugreport/, sun.io.unicode.encoding=UnicodeLittle, sun.cpu.endian=little, sun.desktop=gnome, sun.cpu.isalist=}
15:54:11.068 [main] DEBUG o.h.i.internal.IntegratorServiceImpl - Adding Integrator [org.hibernate.cfg.beanvalidation.BeanValidationIntegrator].
15:54:11.074 [main] DEBUG o.h.i.internal.IntegratorServiceImpl - Adding Integrator [org.hibernate.secure.spi.JaccIntegrator].
15:54:11.078 [main] DEBUG o.h.i.internal.IntegratorServiceImpl - Adding Integrator [org.hibernate.cache.internal.CollectionCacheInvalidator].
15:54:11.119 [main] DEBUG o.h.b.r.s.i.StrategySelectorImpl - Registering named strategy selector [org.hibernate.dialect.Dialect] : [MySQL5] -> [org.hibernate.dialect.MySQL5Dialect] (replacing [org.hibernate.dialect.MySQL5Dialect])
15:54:11.120 [main] DEBUG o.h.b.r.s.i.StrategySelectorImpl - Registering named strategy selector [org.hibernate.dialect.Dialect] : [MySQL5InnoDB] -> [org.hibernate.dialect.MySQL5InnoDBDialect] (replacing [org.hibernate.dialect.MySQL5InnoDBDialect])
15:54:11.232 [main] DEBUG o.h.service.spi.ServiceBinding - Overriding existing service binding [org.hibernate.secure.spi.JaccService]
15:54:11.233 [main] DEBUG org.hibernate.cfg.Configuration - Preparing to build session factory with filters : {}
15:54:11.257 [main] WARN  o.h.e.j.c.i.DriverManagerConnectionProviderImpl - HHH000402: Using Hibernate built-in connection pool (not for production use!)
15:54:11.273 [main] INFO  o.h.e.j.c.i.DriverManagerConnectionProviderImpl - HHH000401: using driver [com.mysql.jdbc.Driver] at URL [jdbc:mysql://localhost:3306/supermercadosdeltaplus?zeroDateTimeBehavior=convertToNull]
15:54:11.274 [main] INFO  o.h.e.j.c.i.DriverManagerConnectionProviderImpl - HHH000046: Connection properties: {user=root, password=root}
15:54:11.274 [main] INFO  o.h.e.j.c.i.DriverManagerConnectionProviderImpl - HHH000006: Autocommit mode: false
15:54:11.278 [main] INFO  o.h.e.j.c.i.DriverManagerConnectionProviderImpl - HHH000115: Hibernate connection pool size: 20 (min=1)
15:54:11.278 [main] DEBUG o.h.e.j.c.i.DriverManagerConnectionProviderImpl - Initializing Connection pool with 1 Connections
15:54:12.326 [main] DEBUG o.h.e.jdbc.internal.JdbcServicesImpl - Database ->
       name : MySQL
    version : 5.7.19
      major : 5
      minor : 7
15:54:12.326 [main] DEBUG o.h.e.jdbc.internal.JdbcServicesImpl - Driver ->
       name : MySQL Connector Java
    version : mysql-connector-java-5.1.44 ( Revision: b3cda4f864902ffdde495b9df93937c3e20009be )
      major : 5
      minor : 1
15:54:12.326 [main] DEBUG o.h.e.jdbc.internal.JdbcServicesImpl - JDBC version : 4.0
15:54:12.328 [main] DEBUG o.h.e.j.c.i.StandardRefCursorSupport - Unexpected error trying to gauge level of JDBC REF_CURSOR support : null
15:54:12.359 [main] INFO  org.hibernate.dialect.Dialect - HHH000400: Using dialect: org.hibernate.dialect.MySQLDialect
15:54:12.426 [main] DEBUG org.hibernate.cfg.Configuration - Processing hbm.xml files
15:54:12.427 [main] DEBUG org.hibernate.cfg.Configuration - Process annotated classes
15:54:12.428 [main] DEBUG org.hibernate.cfg.Configuration - Processing fk mappings (*ToOne and JoinedSubclass)
15:54:12.429 [main] DEBUG org.hibernate.cfg.Configuration - Processing extends queue
15:54:12.429 [main] DEBUG org.hibernate.cfg.Configuration - Processing extends queue
15:54:12.429 [main] DEBUG org.hibernate.cfg.Configuration - Processing collection mappings
15:54:12.429 [main] DEBUG org.hibernate.cfg.Configuration - Processing native query and ResultSetMapping mappings
15:54:12.430 [main] DEBUG org.hibernate.cfg.Configuration - Processing association property references
15:54:12.430 [main] DEBUG org.hibernate.cfg.Configuration - Creating tables' unique integer identifiers
15:54:12.430 [main] DEBUG org.hibernate.cfg.Configuration - Processing foreign key constraints
15:54:12.432 [main] DEBUG o.h.e.t.j.p.i.JtaPlatformInitiator - No JtaPlatform was specified, checking resolver
15:54:12.433 [main] DEBUG o.h.e.t.j.p.i.JtaPlatformResolverInitiator - No JtaPlatformResolver was specified, using default [org.hibernate.engine.transaction.jta.platform.internal.StandardJtaPlatformResolver]
15:54:12.438 [main] DEBUG o.h.e.t.j.p.i.StandardJtaPlatformResolver - Could not resolve JtaPlatform, using default [org.hibernate.engine.transaction.jta.platform.internal.NoJtaPlatform]
15:54:12.443 [main] DEBUG org.hibernate.cfg.SettingsFactory - Automatic flush during beforeCompletion(): disabled
15:54:12.443 [main] DEBUG org.hibernate.cfg.SettingsFactory - Automatic session close at end of transaction: disabled
15:54:12.443 [main] DEBUG org.hibernate.cfg.SettingsFactory - JDBC batch size: 15
15:54:12.443 [main] DEBUG org.hibernate.cfg.SettingsFactory - JDBC batch updates for versioned data: disabled
15:54:12.443 [main] DEBUG org.hibernate.cfg.SettingsFactory - Scrollable result sets: enabled
15:54:12.443 [main] DEBUG org.hibernate.cfg.SettingsFactory - Wrap result sets: disabled
15:54:12.443 [main] DEBUG org.hibernate.cfg.SettingsFactory - JDBC3 getGeneratedKeys(): enabled
15:54:12.444 [main] DEBUG org.hibernate.cfg.SettingsFactory - multi-tenancy strategy : NONE
15:54:12.444 [main] DEBUG org.hibernate.cfg.SettingsFactory - Connection release mode: auto
15:54:12.444 [main] INFO  o.h.e.t.i.TransactionFactoryInitiator - HHH000399: Using default transaction strategy (direct JDBC transactions)
15:54:12.449 [main] DEBUG org.hibernate.cfg.SettingsFactory - Using BatchFetchStyle : LEGACY
15:54:12.450 [main] DEBUG org.hibernate.cfg.SettingsFactory - Maximum outer join fetch depth: 2
15:54:12.451 [main] DEBUG org.hibernate.cfg.SettingsFactory - Default batch fetch size: 1
15:54:12.451 [main] DEBUG org.hibernate.cfg.SettingsFactory - Generate SQL with comments: disabled
15:54:12.451 [main] DEBUG org.hibernate.cfg.SettingsFactory - Order SQL updates by primary key: disabled
15:54:12.452 [main] DEBUG org.hibernate.cfg.SettingsFactory - Order SQL inserts for batching: disabled
15:54:12.452 [main] DEBUG org.hibernate.cfg.SettingsFactory - Default null ordering: none
15:54:12.453 [main] DEBUG org.hibernate.cfg.SettingsFactory - Query translator: org.hibernate.hql.internal.ast.ASTQueryTranslatorFactory
15:54:12.456 [main] INFO  o.h.h.i.a.ASTQueryTranslatorFactory - HHH000397: Using ASTQueryTranslatorFactory
15:54:12.456 [main] DEBUG org.hibernate.cfg.SettingsFactory - Query language substitutions: {}
15:54:12.456 [main] DEBUG org.hibernate.cfg.SettingsFactory - JPA-QL strict compliance: disabled
15:54:12.456 [main] DEBUG org.hibernate.cfg.SettingsFactory - Second-level cache: enabled
15:54:12.456 [main] DEBUG org.hibernate.cfg.SettingsFactory - Query cache: disabled
15:54:12.458 [main] DEBUG o.h.c.i.RegionFactoryInitiator - Cache region factory : org.hibernate.cache.internal.NoCachingRegionFactory
15:54:12.461 [main] DEBUG org.hibernate.cfg.SettingsFactory - Optimize cache for minimal puts: disabled
15:54:12.461 [main] DEBUG org.hibernate.cfg.SettingsFactory - Structured second-level cache entries: disabled
15:54:12.461 [main] DEBUG org.hibernate.cfg.SettingsFactory - Second-level cache direct-reference entries: disabled
15:54:12.461 [main] DEBUG org.hibernate.cfg.SettingsFactory - Automatic eviction of collection cache: disabled
15:54:12.461 [main] DEBUG org.hibernate.cfg.SettingsFactory - Statistics: disabled
15:54:12.462 [main] DEBUG org.hibernate.cfg.SettingsFactory - Deleted entity synthetic identifier rollback: disabled
15:54:12.463 [main] DEBUG org.hibernate.cfg.SettingsFactory - Default entity-mode: pojo
15:54:12.463 [main] DEBUG org.hibernate.cfg.SettingsFactory - Named query checking : enabled
15:54:12.463 [main] DEBUG org.hibernate.cfg.SettingsFactory - Check Nullability in Core (should be disabled when Bean Validation is on): enabled
15:54:12.463 [main] DEBUG org.hibernate.cfg.SettingsFactory - Allow initialization of lazy state outside session : : disabled
15:54:12.463 [main] DEBUG org.hibernate.cfg.SettingsFactory - JTA Track by Thread: enabled
15:54:12.475 [main] DEBUG o.h.internal.SessionFactoryImpl - Building session factory
15:54:12.487 [main] DEBUG o.h.internal.SessionFactoryImpl - Session factory constructed with filter configurations : {}
15:54:12.488 [main] DEBUG o.h.internal.SessionFactoryImpl - Instantiating session factory with properties: {java.runtime.name=Java(TM) SE Runtime Environment, hibernate.connection.password=root, sun.boot.library.path=/usr/java/jdk1.8.0_144/jre/lib/amd64, java.vm.version=25.144-b01, hibernate.connection.username=root, java.vm.vendor=Oracle Corporation, java.vendor.url=http://java.oracle.com/, path.separator=:, java.vm.name=Java HotSpot(TM) 64-Bit Server VM, file.encoding.pkg=sun.io, user.country=AR, sun.java.launcher=SUN_STANDARD, sun.os.patch.level=unknown, test=com.fabiocompany.supermercadosdeltaplus.test.UsuarioTest, java.vm.specification.name=Java Virtual Machine Specification, user.dir=/home/fabio/Documentos/NetBeans Projects/repoingweb3personal/supermercadosdeltaplusModulo, java.runtime.version=1.8.0_144-b01, java.awt.graphicsenv=sun.awt.X11GraphicsEnvironment, basedir=/home/fabio/Documentos/NetBeans Projects/repoingweb3personal/supermercadosdeltaplusModulo, java.endorsed.dirs=/usr/java/jdk1.8.0_144/jre/lib/endorsed, os.arch=amd64, surefire.real.class.path=/home/fabio/Documentos/NetBeans Projects/repoingweb3personal/supermercadosdeltaplusModulo/target/surefire/surefirebooter21263009499006356.jar, java.io.tmpdir=/tmp, line.separator=
, java.vm.specification.vendor=Oracle Corporation, os.name=Linux, maven.ext.class.path=/home/fabio/netbeans-8.2/java/maven-nblib/netbeans-eventspy.jar, sun.jnu.encoding=UTF-8, java.library.path=/usr/java/jdk1.8.0_144/jre/lib/amd64:/usr/java/jdk1.8.0_144/jre/lib/i386::/usr/java/packages/lib/amd64:/usr/lib64:/lib64:/lib:/usr/lib, surefire.test.class.path=/home/fabio/Documentos/NetBeans Projects/repoingweb3personal/supermercadosdeltaplusModulo/target/test-classes:/home/fabio/Documentos/NetBeans Projects/repoingweb3personal/supermercadosdeltaplusModulo/target/classes:/home/fabio/.m2/repository/org/hibernate/hibernate-entitymanager/4.3.1.Final/hibernate-entitymanager-4.3.1.Final.jar:/home/fabio/.m2/repository/org/jboss/logging/jboss-logging/3.3.1.Final/jboss-logging-3.3.1.Final.jar:/home/fabio/.m2/repository/org/jboss/logging/jboss-logging-annotations/1.2.0.Beta1/jboss-logging-annotations-1.2.0.Beta1.jar:/home/fabio/.m2/repository/dom4j/dom4j/1.6.1/dom4j-1.6.1.jar:/home/fabio/.m2/repository/org/hibernate/common/hibernate-commons-annotations/4.0.4.Final/hibernate-commons-annotations-4.0.4.Final.jar:/home/fabio/.m2/repository/org/jboss/spec/javax/transaction/jboss-transaction-api_1.2_spec/1.0.0.Final/jboss-transaction-api_1.2_spec-1.0.0.Final.jar:/home/fabio/.m2/repository/org/javassist/javassist/3.21.0-GA/javassist-3.21.0-GA.jar:/home/fabio/.m2/repository/unknown/binary/mysql-connector-java-5.1.44-bin/SNAPSHOT/mysql-connector-java-5.1.44-bin-SNAPSHOT.jar:/home/fabio/.m2/repository/junit/junit/4.12/junit-4.12.jar:/home/fabio/.m2/repository/org/hamcrest/hamcrest-core/1.3/hamcrest-core-1.3.jar:/home/fabio/.m2/repository/org/springframework/boot/spring-boot-starter-web/1.5.6.RELEASE/spring-boot-starter-web-1.5.6.RELEASE.jar:/home/fabio/.m2/repository/org/springframework/boot/spring-boot-starter/1.5.6.RELEASE/spring-boot-starter-1.5.6.RELEASE.jar:/home/fabio/.m2/repository/org/springframework/boot/spring-boot/1.5.6.RELEASE/spring-boot-1.5.6.RELEASE.jar:/home/fabio/.m2/repository/org/springframework/boot/spring-boot-autoconfigure/1.5.6.RELEASE/spring-boot-autoconfigure-1.5.6.RELEASE.jar:/home/fabio/.m2/repository/org/springframework/boot/spring-boot-starter-logging/1.5.6.RELEASE/spring-boot-starter-logging-1.5.6.RELEASE.jar:/home/fabio/.m2/repository/org/slf4j/jul-to-slf4j/1.7.25/jul-to-slf4j-1.7.25.jar:/home/fabio/.m2/repository/org/slf4j/log4j-over-slf4j/1.7.25/log4j-over-slf4j-1.7.25.jar:/home/fabio/.m2/repository/org/yaml/snakeyaml/1.17/snakeyaml-1.17.jar:/home/fabio/.m2/repository/org/springframework/boot/spring-boot-starter-tomcat/1.5.6.RELEASE/spring-boot-starter-tomcat-1.5.6.RELEASE.jar:/home/fabio/.m2/repository/org/apache/tomcat/embed/tomcat-embed-core/8.5.16/tomcat-embed-core-8.5.16.jar:/home/fabio/.m2/repository/org/apache/tomcat/embed/tomcat-embed-el/8.5.16/tomcat-embed-el-8.5.16.jar:/home/fabio/.m2/repository/org/apache/tomcat/embed/tomcat-embed-websocket/8.5.16/tomcat-embed-websocket-8.5.16.jar:/home/fabio/.m2/repository/com/fasterxml/jackson/core/jackson-databind/2.8.9/jackson-databind-2.8.9.jar:/home/fabio/.m2/repository/com/fasterxml/jackson/core/jackson-annotations/2.8.0/jackson-annotations-2.8.0.jar:/home/fabio/.m2/repository/com/fasterxml/jackson/core/jackson-core/2.8.9/jackson-core-2.8.9.jar:/home/fabio/.m2/repository/org/springframework/boot/spring-boot-starter-actuator/1.5.6.RELEASE/spring-boot-starter-actuator-1.5.6.RELEASE.jar:/home/fabio/.m2/repository/org/springframework/boot/spring-boot-actuator/1.5.6.RELEASE/spring-boot-actuator-1.5.6.RELEASE.jar:/home/fabio/.m2/repository/org/aspectj/aspectjweaver/1.8.10/aspectjweaver-1.8.10.jar:/home/fabio/.m2/repository/org/springframework/spring-core/4.3.10.RELEASE/spring-core-4.3.10.RELEASE.jar:/home/fabio/.m2/repository/org/springframework/spring-context/4.3.10.RELEASE/spring-context-4.3.10.RELEASE.jar:/home/fabio/.m2/repository/org/springframework/spring-beans/4.3.10.RELEASE/spring-beans-4.3.10.RELEASE.jar:/home/fabio/.m2/repository/org/springframework/spring-expression/4.3.10.RELEASE/spring-expression-4.3.10.RELEASE.jar:/home/fabio/.m2/repository/org/springframework/spring-aspects/4.3.10.RELEASE/spring-aspects-4.3.10.RELEASE.jar:/home/fabio/.m2/repository/org/springframework/spring-webmvc/4.3.10.RELEASE/spring-webmvc-4.3.10.RELEASE.jar:/home/fabio/.m2/repository/org/springframework/spring-web/4.3.10.RELEASE/spring-web-4.3.10.RELEASE.jar:/home/fabio/.m2/repository/org/springframework/spring-oxm/4.3.10.RELEASE/spring-oxm-4.3.10.RELEASE.jar:/home/fabio/.m2/repository/org/springframework/spring-tx/4.3.10.RELEASE/spring-tx-4.3.10.RELEASE.jar:/home/fabio/.m2/repository/org/springframework/spring-aop/4.3.10.RELEASE/spring-aop-4.3.10.RELEASE.jar:/home/fabio/.m2/repository/org/springframework/spring-orm/4.3.10.RELEASE/spring-orm-4.3.10.RELEASE.jar:/home/fabio/.m2/repository/org/springframework/spring-jdbc/4.3.10.RELEASE/spring-jdbc-4.3.10.RELEASE.jar:/home/fabio/.m2/repository/org/springframework/boot/spring-boot-starter-security/1.5.6.RELEASE/spring-boot-starter-security-1.5.6.RELEASE.jar:/home/fabio/.m2/repository/org/springframework/security/spring-security-config/4.2.3.RELEASE/spring-security-config-4.2.3.RELEASE.jar:/home/fabio/.m2/repository/org/springframework/security/spring-security-core/4.2.3.RELEASE/spring-security-core-4.2.3.RELEASE.jar:/home/fabio/.m2/repository/org/springframework/security/spring-security-web/4.2.3.RELEASE/spring-security-web-4.2.3.RELEASE.jar:/home/fabio/.m2/repository/org/slf4j/slf4j-api/1.7.25/slf4j-api-1.7.25.jar:/home/fabio/.m2/repository/ch/qos/logback/logback-classic/1.1.3/logback-classic-1.1.3.jar:/home/fabio/.m2/repository/ch/qos/logback/logback-core/1.1.3/logback-core-1.1.3.jar:/home/fabio/.m2/repository/org/slf4j/jcl-over-slf4j/1.7.25/jcl-over-slf4j-1.7.25.jar:/home/fabio/.m2/repository/commons-dbutils/commons-dbutils/1.6/commons-dbutils-1.6.jar:/home/fabio/.m2/repository/org/hibernate/hibernate-core/4.3.11.Final/hibernate-core-4.3.11.Final.jar:/home/fabio/.m2/repository/antlr/antlr/2.7.7/antlr-2.7.7.jar:/home/fabio/.m2/repository/org/jboss/jandex/1.1.0.Final/jandex-1.1.0.Final.jar:/home/fabio/.m2/repository/org/hibernate/hibernate-c3p0/4.3.11.Final/hibernate-c3p0-4.3.11.Final.jar:/home/fabio/.m2/repository/com/mchange/c3p0/0.9.2.1/c3p0-0.9.2.1.jar:/home/fabio/.m2/repository/com/mchange/mchange-commons-java/0.2.3.4/mchange-commons-java-0.2.3.4.jar:/home/fabio/.m2/repository/org/hibernate/hibernate-validator/5.3.5.Final/hibernate-validator-5.3.5.Final.jar:/home/fabio/.m2/repository/com/fasterxml/classmate/1.3.3/classmate-1.3.3.jar:/home/fabio/.m2/repository/org/hibernate/javax/persistence/hibernate-jpa-2.1-api/1.0.0.Final/hibernate-jpa-2.1-api-1.0.0.Final.jar:/home/fabio/.m2/repository/javax/validation/validation-api/1.1.0.Final/validation-api-1.1.0.Final.jar:/home/fabio/.m2/repository/org/jooq/jooq/3.9.4/jooq-3.9.4.jar:/home/fabio/.m2/repository/mysql/mysql-connector-java/5.1.43/mysql-connector-java-5.1.43.jar:, java.specification.name=Java Platform API Specification, java.class.version=52.0, sun.management.compiler=HotSpot 64-Bit Tiered Compilers, os.version=4.4.0-96-generic, user.home=/home/fabio, user.timezone=America/Argentina/Cordoba, java.awt.printerjob=sun.print.PSPrinterJob, java.specification.version=1.8, file.encoding=UTF-8, hibernate.connection.driver_class=com.mysql.jdbc.Driver, user.name=fabio, java.class.path=/home/fabio/Documentos/NetBeans Projects/repoingweb3personal/supermercadosdeltaplusModulo/target/test-classes:/home/fabio/Documentos/NetBeans Projects/repoingweb3personal/supermercadosdeltaplusModulo/target/classes:/home/fabio/.m2/repository/org/hibernate/hibernate-entitymanager/4.3.1.Final/hibernate-entitymanager-4.3.1.Final.jar:/home/fabio/.m2/repository/org/jboss/logging/jboss-logging/3.3.1.Final/jboss-logging-3.3.1.Final.jar:/home/fabio/.m2/repository/org/jboss/logging/jboss-logging-annotations/1.2.0.Beta1/jboss-logging-annotations-1.2.0.Beta1.jar:/home/fabio/.m2/repository/dom4j/dom4j/1.6.1/dom4j-1.6.1.jar:/home/fabio/.m2/repository/org/hibernate/common/hibernate-commons-annotations/4.0.4.Final/hibernate-commons-annotations-4.0.4.Final.jar:/home/fabio/.m2/repository/org/jboss/spec/javax/transaction/jboss-transaction-api_1.2_spec/1.0.0.Final/jboss-transaction-api_1.2_spec-1.0.0.Final.jar:/home/fabio/.m2/repository/org/javassist/javassist/3.21.0-GA/javassist-3.21.0-GA.jar:/home/fabio/.m2/repository/unknown/binary/mysql-connector-java-5.1.44-bin/SNAPSHOT/mysql-connector-java-5.1.44-bin-SNAPSHOT.jar:/home/fabio/.m2/repository/junit/junit/4.12/junit-4.12.jar:/home/fabio/.m2/repository/org/hamcrest/hamcrest-core/1.3/hamcrest-core-1.3.jar:/home/fabio/.m2/repository/org/springframework/boot/spring-boot-starter-web/1.5.6.RELEASE/spring-boot-starter-web-1.5.6.RELEASE.jar:/home/fabio/.m2/repository/org/springframework/boot/spring-boot-starter/1.5.6.RELEASE/spring-boot-starter-1.5.6.RELEASE.jar:/home/fabio/.m2/repository/org/springframework/boot/spring-boot/1.5.6.RELEASE/spring-boot-1.5.6.RELEASE.jar:/home/fabio/.m2/repository/org/springframework/boot/spring-boot-autoconfigure/1.5.6.RELEASE/spring-boot-autoconfigure-1.5.6.RELEASE.jar:/home/fabio/.m2/repository/org/springframework/boot/spring-boot-starter-logging/1.5.6.RELEASE/spring-boot-starter-logging-1.5.6.RELEASE.jar:/home/fabio/.m2/repository/org/slf4j/jul-to-slf4j/1.7.25/jul-to-slf4j-1.7.25.jar:/home/fabio/.m2/repository/org/slf4j/log4j-over-slf4j/1.7.25/log4j-over-slf4j-1.7.25.jar:/home/fabio/.m2/repository/org/yaml/snakeyaml/1.17/snakeyaml-1.17.jar:/home/fabio/.m2/repository/org/springframework/boot/spring-boot-starter-tomcat/1.5.6.RELEASE/spring-boot-starter-tomcat-1.5.6.RELEASE.jar:/home/fabio/.m2/repository/org/apache/tomcat/embed/tomcat-embed-core/8.5.16/tomcat-embed-core-8.5.16.jar:/home/fabio/.m2/repository/org/apache/tomcat/embed/tomcat-embed-el/8.5.16/tomcat-embed-el-8.5.16.jar:/home/fabio/.m2/repository/org/apache/tomcat/embed/tomcat-embed-websocket/8.5.16/tomcat-embed-websocket-8.5.16.jar:/home/fabio/.m2/repository/com/fasterxml/jackson/core/jackson-databind/2.8.9/jackson-databind-2.8.9.jar:/home/fabio/.m2/repository/com/fasterxml/jackson/core/jackson-annotations/2.8.0/jackson-annotations-2.8.0.jar:/home/fabio/.m2/repository/com/fasterxml/jackson/core/jackson-core/2.8.9/jackson-core-2.8.9.jar:/home/fabio/.m2/repository/org/springframework/boot/spring-boot-starter-actuator/1.5.6.RELEASE/spring-boot-starter-actuator-1.5.6.RELEASE.jar:/home/fabio/.m2/repository/org/springframework/boot/spring-boot-actuator/1.5.6.RELEASE/spring-boot-actuator-1.5.6.RELEASE.jar:/home/fabio/.m2/repository/org/aspectj/aspectjweaver/1.8.10/aspectjweaver-1.8.10.jar:/home/fabio/.m2/repository/org/springframework/spring-core/4.3.10.RELEASE/spring-core-4.3.10.RELEASE.jar:/home/fabio/.m2/repository/org/springframework/spring-context/4.3.10.RELEASE/spring-context-4.3.10.RELEASE.jar:/home/fabio/.m2/repository/org/springframework/spring-beans/4.3.10.RELEASE/spring-beans-4.3.10.RELEASE.jar:/home/fabio/.m2/repository/org/springframework/spring-expression/4.3.10.RELEASE/spring-expression-4.3.10.RELEASE.jar:/home/fabio/.m2/repository/org/springframework/spring-aspects/4.3.10.RELEASE/spring-aspects-4.3.10.RELEASE.jar:/home/fabio/.m2/repository/org/springframework/spring-webmvc/4.3.10.RELEASE/spring-webmvc-4.3.10.RELEASE.jar:/home/fabio/.m2/repository/org/springframework/spring-web/4.3.10.RELEASE/spring-web-4.3.10.RELEASE.jar:/home/fabio/.m2/repository/org/springframework/spring-oxm/4.3.10.RELEASE/spring-oxm-4.3.10.RELEASE.jar:/home/fabio/.m2/repository/org/springframework/spring-tx/4.3.10.RELEASE/spring-tx-4.3.10.RELEASE.jar:/home/fabio/.m2/repository/org/springframework/spring-aop/4.3.10.RELEASE/spring-aop-4.3.10.RELEASE.jar:/home/fabio/.m2/repository/org/springframework/spring-orm/4.3.10.RELEASE/spring-orm-4.3.10.RELEASE.jar:/home/fabio/.m2/repository/org/springframework/spring-jdbc/4.3.10.RELEASE/spring-jdbc-4.3.10.RELEASE.jar:/home/fabio/.m2/repository/org/springframework/boot/spring-boot-starter-security/1.5.6.RELEASE/spring-boot-starter-security-1.5.6.RELEASE.jar:/home/fabio/.m2/repository/org/springframework/security/spring-security-config/4.2.3.RELEASE/spring-security-config-4.2.3.RELEASE.jar:/home/fabio/.m2/repository/org/springframework/security/spring-security-core/4.2.3.RELEASE/spring-security-core-4.2.3.RELEASE.jar:/home/fabio/.m2/repository/org/springframework/security/spring-security-web/4.2.3.RELEASE/spring-security-web-4.2.3.RELEASE.jar:/home/fabio/.m2/repository/org/slf4j/slf4j-api/1.7.25/slf4j-api-1.7.25.jar:/home/fabio/.m2/repository/ch/qos/logback/logback-classic/1.1.3/logback-classic-1.1.3.jar:/home/fabio/.m2/repository/ch/qos/logback/logback-core/1.1.3/logback-core-1.1.3.jar:/home/fabio/.m2/repository/org/slf4j/jcl-over-slf4j/1.7.25/jcl-over-slf4j-1.7.25.jar:/home/fabio/.m2/repository/commons-dbutils/commons-dbutils/1.6/commons-dbutils-1.6.jar:/home/fabio/.m2/repository/org/hibernate/hibernate-core/4.3.11.Final/hibernate-core-4.3.11.Final.jar:/home/fabio/.m2/repository/antlr/antlr/2.7.7/antlr-2.7.7.jar:/home/fabio/.m2/repository/org/jboss/jandex/1.1.0.Final/jandex-1.1.0.Final.jar:/home/fabio/.m2/repository/org/hibernate/hibernate-c3p0/4.3.11.Final/hibernate-c3p0-4.3.11.Final.jar:/home/fabio/.m2/repository/com/mchange/c3p0/0.9.2.1/c3p0-0.9.2.1.jar:/home/fabio/.m2/repository/com/mchange/mchange-commons-java/0.2.3.4/mchange-commons-java-0.2.3.4.jar:/home/fabio/.m2/repository/org/hibernate/hibernate-validator/5.3.5.Final/hibernate-validator-5.3.5.Final.jar:/home/fabio/.m2/repository/com/fasterxml/classmate/1.3.3/classmate-1.3.3.jar:/home/fabio/.m2/repository/org/hibernate/javax/persistence/hibernate-jpa-2.1-api/1.0.0.Final/hibernate-jpa-2.1-api-1.0.0.Final.jar:/home/fabio/.m2/repository/javax/validation/validation-api/1.1.0.Final/validation-api-1.1.0.Final.jar:/home/fabio/.m2/repository/org/jooq/jooq/3.9.4/jooq-3.9.4.jar:/home/fabio/.m2/repository/mysql/mysql-connector-java/5.1.43/mysql-connector-java-5.1.43.jar:, hibernate.bytecode.use_reflection_optimizer=false, java.vm.specification.version=1.8, sun.arch.data.model=64, java.home=/usr/java/jdk1.8.0_144/jre, sun.java.command=/home/fabio/Documentos/NetBeans Projects/repoingweb3personal/supermercadosdeltaplusModulo/target/surefire/surefirebooter21263009499006356.jar /home/fabio/Documentos/NetBeans Projects/repoingweb3personal/supermercadosdeltaplusModulo/target/surefire/surefire4114098133841019870tmp /home/fabio/Documentos/NetBeans Projects/repoingweb3personal/supermercadosdeltaplusModulo/target/surefire/surefire_03039521627203409447tmp, hibernate.dialect=org.hibernate.dialect.MySQLDialect, hibernate.connection.url=jdbc:mysql://localhost:3306/supermercadosdeltaplus?zeroDateTimeBehavior=convertToNull, java.specification.vendor=Oracle Corporation, user.language=es, awt.toolkit=sun.awt.X11.XToolkit, java.vm.info=mixed mode, java.version=1.8.0_144, java.ext.dirs=/usr/java/jdk1.8.0_144/jre/lib/ext:/usr/java/packages/lib/ext, sun.boot.class.path=/usr/java/jdk1.8.0_144/jre/lib/resources.jar:/usr/java/jdk1.8.0_144/jre/lib/rt.jar:/usr/java/jdk1.8.0_144/jre/lib/sunrsasign.jar:/usr/java/jdk1.8.0_144/jre/lib/jsse.jar:/usr/java/jdk1.8.0_144/jre/lib/jce.jar:/usr/java/jdk1.8.0_144/jre/lib/charsets.jar:/usr/java/jdk1.8.0_144/jre/lib/jfr.jar:/usr/java/jdk1.8.0_144/jre/classes, java.vendor=Oracle Corporation, localRepository=/home/fabio/.m2/repository, file.separator=/, java.vendor.url.bug=http://bugreport.sun.com/bugreport/, sun.cpu.endian=little, sun.io.unicode.encoding=UnicodeLittle, sun.desktop=gnome, sun.cpu.isalist=}
15:54:12.544 [main] INFO  o.h.validator.internal.util.Version - HV000001: Hibernate Validator 5.3.5.Final
15:54:12.591 [main] DEBUG o.h.v.i.e.r.DefaultTraversableResolver - Found javax.persistence.Persistence on classpath containing 'getPersistenceUtil'. Assuming JPA 2 environment. Trying to instantiate JPA aware TraversableResolver
15:54:12.593 [main] DEBUG o.h.v.i.e.r.DefaultTraversableResolver - Instantiated JPA aware TraversableResolver of type org.hibernate.validator.internal.engine.resolver.JPATraversableResolver.
15:54:12.599 [main] DEBUG o.h.v.i.xml.ValidationXmlParser - Trying to load META-INF/validation.xml for XML based Validator configuration.
15:54:12.602 [main] DEBUG o.h.v.i.xml.ResourceLoaderHelper - Trying to load META-INF/validation.xml via TCCL
15:54:12.602 [main] DEBUG o.h.v.i.xml.ResourceLoaderHelper - Trying to load META-INF/validation.xml via Hibernate Validator's class loader
15:54:12.603 [main] DEBUG o.h.v.i.xml.ValidationXmlParser - No META-INF/validation.xml found. Using annotation based configuration only.
15:54:12.714 [main] DEBUG o.h.secure.spi.JaccIntegrator - Skipping JACC integration as it was not enabled
15:54:12.725 [main] DEBUG o.h.internal.SessionFactoryRegistry - Initializing SessionFactoryRegistry : org.hibernate.internal.SessionFactoryRegistry@4331d187
15:54:12.727 [main] DEBUG o.h.internal.SessionFactoryRegistry - Registering SessionFactory: b35cbdc4-b665-4c73-af43-00d81f74f147 (<unnamed>)
15:54:12.727 [main] DEBUG o.h.internal.SessionFactoryRegistry - Not binding SessionFactory to JNDI, no JNDI name configured
15:54:12.728 [main] DEBUG o.h.internal.SessionFactoryImpl - Instantiated session factory
15:54:12.729 [main] DEBUG o.h.internal.NamedQueryRepository - Checking 0 named HQL queries
15:54:12.729 [main] DEBUG o.h.internal.NamedQueryRepository - Checking 0 named SQL queries
15:54:12.757 [main] DEBUG o.h.s.internal.StatisticsInitiator - Statistics initialized [enabled=false]
]]></system-out>
    <system-err><![CDATA[Sun Sep 24 15:54:11 ART 2017 WARN: Establishing SSL connection without server's identity verification is not recommended. According to MySQL 5.5.45+, 5.6.26+ and 5.7.6+ requirements SSL connection must be established by default if explicit option isn't set. For compliance with existing applications not using SSL the verifyServerCertificate property is set to 'false'. You need either to explicitly disable SSL by setting useSSL=false, or set useSSL=true and provide truststore for server certificate verification.
]]></system-err>
  </testcase>
</testsuite>