-------------------------------------------------------------------------------
Test set: com.fabiocompany.supermercadosdeltaplus.test.SupermercadosDeltaPlusTest
-------------------------------------------------------------------------------
Tests run: 1, Failures: 0, Errors: 1, Skipped: 0, Time elapsed: 20.084 sec <<< FAILURE! - in com.fabiocompany.supermercadosdeltaplus.test.SupermercadosDeltaPlusTest
guardarUsuario(com.fabiocompany.supermercadosdeltaplus.test.SupermercadosDeltaPlusTest)  Time elapsed: 20.082 sec  <<< ERROR!
com.fabiocompany.supermercadosdeltaplus.service.exception.ServiceException: object references an unsaved transient instance - save the transient instance before flushing: com.fabiocompany.supermercadosdeltaplus.model.Tipodepago
	at org.hibernate.engine.internal.ForeignKeys.getEntityIdentifierIfNotUnsaved(ForeignKeys.java:294)
	at org.hibernate.type.EntityType.getIdentifier(EntityType.java:537)
	at org.hibernate.type.ManyToOneType.isDirty(ManyToOneType.java:311)
	at org.hibernate.type.ManyToOneType.isDirty(ManyToOneType.java:321)
	at org.hibernate.type.TypeHelper.findDirty(TypeHelper.java:310)
	at org.hibernate.persister.entity.AbstractEntityPersister.findDirty(AbstractEntityPersister.java:4243)
	at org.hibernate.event.internal.DefaultFlushEntityEventListener.dirtyCheck(DefaultFlushEntityEventListener.java:546)
	at org.hibernate.event.internal.DefaultFlushEntityEventListener.isUpdateNecessary(DefaultFlushEntityEventListener.java:232)
	at org.hibernate.event.internal.DefaultFlushEntityEventListener.onFlushEntity(DefaultFlushEntityEventListener.java:159)
	at org.hibernate.event.internal.AbstractFlushingEventListener.flushEntities(AbstractFlushingEventListener.java:231)
	at org.hibernate.event.internal.AbstractFlushingEventListener.flushEverythingToExecutions(AbstractFlushingEventListener.java:102)
	at org.hibernate.event.internal.DefaultFlushEventListener.onFlush(DefaultFlushEventListener.java:55)
	at org.hibernate.internal.SessionImpl.flush(SessionImpl.java:1258)
	at org.hibernate.internal.SessionImpl.managedFlush(SessionImpl.java:425)
	at org.hibernate.engine.transaction.internal.jdbc.JdbcTransaction.beforeTransactionCommit(JdbcTransaction.java:101)
	at org.hibernate.engine.transaction.spi.AbstractTransactionImpl.commit(AbstractTransactionImpl.java:177)
	at com.fabiocompany.supermercadosdeltaplus.persistence.dao.hibernate.GenericDAO.saveOrUpdate(GenericDAO.java:159)
	at com.fabiocompany.supermercadosdeltaplus.service.impl.GenericService.saveOrUpdate(GenericService.java:74)
	at com.fabiocompany.supermercadosdeltaplus.test.SupermercadosDeltaPlusTest.guardarUsuario(SupermercadosDeltaPlusTest.java:136)

