<?xml version="1.0" encoding="UTF-8"?>
<testsuite name="com.fabiocompany.supermercadosdeltaplus.test.SupermercadosDeltaPlusTest" time="3.906" tests="1" errors="1" skipped="0" failures="0">
  <properties>
[...]
</properties>
  <testcase name="guardarUsuario" classname="com.fabiocompany.supermercadosdeltaplus.test.SupermercadosDeltaPlusTest" time="3.906">
    <error message="object references an unsaved transient instance - save the transient instance before flushing: com.fabiocompany.supermercadosdeltaplus.model.Tipodepago" type="com.fabiocompany.supermercadosdeltaplus.service.exception.ServiceException">com.fabiocompany.supermercadosdeltaplus.service.exception.ServiceException: object references an unsaved transient instance - save the transient instance before flushing: com.fabiocompany.supermercadosdeltaplus.model.Tipodepago
	at org.hibernate.engine.internal.ForeignKeys.getEntityIdentifierIfNotUnsaved(ForeignKeys.java:294)
	at org.hibernate.type.EntityType.getIdentifier(EntityType.java:537)
	at org.hibernate.type.ManyToOneType.isDirty(ManyToOneType.java:311)
	at org.hibernate.type.ManyToOneType.isDirty(ManyToOneType.java:321)
	at org.hibernate.type.TypeHelper.findDirty(TypeHelper.java:310)
	at org.hibernate.persister.entity.AbstractEntityPersister.findDirty(AbstractEntityPersister.java:4243)
	at org.hibernate.event.internal.DefaultFlushEntityEventListener.dirtyCheck(DefaultFlushEntityEventListener.java:546)
	at org.hibernate.event.internal.DefaultFlushEntityEventListener.isUpdateNecessary(DefaultFlushEntityEventListener.java:232)
	at org.hibernate.event.internal.DefaultFlushEntityEventListener.onFlushEntity(DefaultFlushEntityEventListener.java:159)
	at org.hibernate.event.internal.AbstractFlushingEventListener.flushEntities(AbstractFlushingEventListener.java:231)
	at org.hibernate.event.internal.AbstractFlushingEventListener.flushEverythingToExecutions(AbstractFlushingEventListener.java:102)
	at org.hibernate.event.internal.DefaultFlushEventListener.onFlush(DefaultFlushEventListener.java:55)
	at org.hibernate.internal.SessionImpl.flush(SessionImpl.java:1258)
	at org.hibernate.internal.SessionImpl.managedFlush(SessionImpl.java:425)
	at org.hibernate.engine.transaction.internal.jdbc.JdbcTransaction.beforeTransactionCommit(JdbcTransaction.java:101)
	at org.hibernate.engine.transaction.spi.AbstractTransactionImpl.commit(AbstractTransactionImpl.java:177)
	at com.fabiocompany.supermercadosdeltaplus.persistence.dao.hibernate.GenericDAO.saveOrUpdate(GenericDAO.java:159)
	at com.fabiocompany.supermercadosdeltaplus.service.impl.GenericService.saveOrUpdate(GenericService.java:74)
	at com.fabiocompany.supermercadosdeltaplus.test.SupermercadosDeltaPlusTest.guardarUsuario(SupermercadosDeltaPlusTest.java:136)
</error>
    <system-out><![CDATA[16:53:28.848 [main] DEBUG org.jboss.logging - Logging Provider: org.jboss.logging.Slf4jLoggerProvider
16:53:28.889 [main] DEBUG org.hibernate.type.BasicTypeRegistry - Adding type registration boolean -> org.hibernate.type.BooleanType@a67c67e
16:53:28.890 [main] DEBUG org.hibernate.type.BasicTypeRegistry - Adding type registration boolean -> org.hibernate.type.BooleanType@a67c67e
16:53:28.890 [main] DEBUG org.hibernate.type.BasicTypeRegistry - Adding type registration java.lang.Boolean -> org.hibernate.type.BooleanType@a67c67e
16:53:28.893 [main] DEBUG org.hibernate.type.BasicTypeRegistry - Adding type registration numeric_boolean -> org.hibernate.type.NumericBooleanType@5ce81285
16:53:28.895 [main] DEBUG org.hibernate.type.BasicTypeRegistry - Adding type registration true_false -> org.hibernate.type.TrueFalseType@20398b7c
16:53:28.896 [main] DEBUG org.hibernate.type.BasicTypeRegistry - Adding type registration yes_no -> org.hibernate.type.YesNoType@3632be31
16:53:28.898 [main] DEBUG org.hibernate.type.BasicTypeRegistry - Adding type registration byte -> org.hibernate.type.ByteType@370736d9
16:53:28.898 [main] DEBUG org.hibernate.type.BasicTypeRegistry - Adding type registration byte -> org.hibernate.type.ByteType@370736d9
16:53:28.898 [main] DEBUG org.hibernate.type.BasicTypeRegistry - Adding type registration java.lang.Byte -> org.hibernate.type.ByteType@370736d9
16:53:28.900 [main] DEBUG org.hibernate.type.BasicTypeRegistry - Adding type registration character -> org.hibernate.type.CharacterType@18eed359
16:53:28.900 [main] DEBUG org.hibernate.type.BasicTypeRegistry - Adding type registration char -> org.hibernate.type.CharacterType@18eed359
16:53:28.900 [main] DEBUG org.hibernate.type.BasicTypeRegistry - Adding type registration java.lang.Character -> org.hibernate.type.CharacterType@18eed359
16:53:28.903 [main] DEBUG org.hibernate.type.BasicTypeRegistry - Adding type registration short -> org.hibernate.type.ShortType@eec5a4a
16:53:28.903 [main] DEBUG org.hibernate.type.BasicTypeRegistry - Adding type registration short -> org.hibernate.type.ShortType@eec5a4a
16:53:28.904 [main] DEBUG org.hibernate.type.BasicTypeRegistry - Adding type registration java.lang.Short -> org.hibernate.type.ShortType@eec5a4a
16:53:28.906 [main] DEBUG org.hibernate.type.BasicTypeRegistry - Adding type registration integer -> org.hibernate.type.IntegerType@731a74c
16:53:28.906 [main] DEBUG org.hibernate.type.BasicTypeRegistry - Adding type registration int -> org.hibernate.type.IntegerType@731a74c
16:53:28.906 [main] DEBUG org.hibernate.type.BasicTypeRegistry - Adding type registration java.lang.Integer -> org.hibernate.type.IntegerType@731a74c
16:53:28.908 [main] DEBUG org.hibernate.type.BasicTypeRegistry - Adding type registration long -> org.hibernate.type.LongType@67b92f0a
16:53:28.908 [main] DEBUG org.hibernate.type.BasicTypeRegistry - Adding type registration long -> org.hibernate.type.LongType@67b92f0a
16:53:28.908 [main] DEBUG org.hibernate.type.BasicTypeRegistry - Adding type registration java.lang.Long -> org.hibernate.type.LongType@67b92f0a
16:53:28.911 [main] DEBUG org.hibernate.type.BasicTypeRegistry - Adding type registration float -> org.hibernate.type.FloatType@5bc79255
16:53:28.911 [main] DEBUG org.hibernate.type.BasicTypeRegistry - Adding type registration float -> org.hibernate.type.FloatType@5bc79255
16:53:28.911 [main] DEBUG org.hibernate.type.BasicTypeRegistry - Adding type registration java.lang.Float -> org.hibernate.type.FloatType@5bc79255
16:53:28.915 [main] DEBUG org.hibernate.type.BasicTypeRegistry - Adding type registration double -> org.hibernate.type.DoubleType@3701eaf6
16:53:28.915 [main] DEBUG org.hibernate.type.BasicTypeRegistry - Adding type registration double -> org.hibernate.type.DoubleType@3701eaf6
16:53:28.915 [main] DEBUG org.hibernate.type.BasicTypeRegistry - Adding type registration java.lang.Double -> org.hibernate.type.DoubleType@3701eaf6
16:53:28.918 [main] DEBUG org.hibernate.type.BasicTypeRegistry - Adding type registration big_decimal -> org.hibernate.type.BigDecimalType@6e6c3152
16:53:28.918 [main] DEBUG org.hibernate.type.BasicTypeRegistry - Adding type registration java.math.BigDecimal -> org.hibernate.type.BigDecimalType@6e6c3152
16:53:28.920 [main] DEBUG org.hibernate.type.BasicTypeRegistry - Adding type registration big_integer -> org.hibernate.type.BigIntegerType@cd2dae5
16:53:28.920 [main] DEBUG org.hibernate.type.BasicTypeRegistry - Adding type registration java.math.BigInteger -> org.hibernate.type.BigIntegerType@cd2dae5
16:53:28.921 [main] DEBUG org.hibernate.type.BasicTypeRegistry - Adding type registration string -> org.hibernate.type.StringType@57855c9a
16:53:28.921 [main] DEBUG org.hibernate.type.BasicTypeRegistry - Adding type registration java.lang.String -> org.hibernate.type.StringType@57855c9a
16:53:28.922 [main] DEBUG org.hibernate.type.BasicTypeRegistry - Adding type registration nstring -> org.hibernate.type.StringNVarcharType@6737fd8f
16:53:28.923 [main] DEBUG org.hibernate.type.BasicTypeRegistry - Adding type registration ncharacter -> org.hibernate.type.CharacterNCharType@7494e528
16:53:28.924 [main] DEBUG org.hibernate.type.BasicTypeRegistry - Adding type registration url -> org.hibernate.type.UrlType@5e853265
16:53:28.924 [main] DEBUG org.hibernate.type.BasicTypeRegistry - Adding type registration java.net.URL -> org.hibernate.type.UrlType@5e853265
16:53:28.926 [main] DEBUG org.hibernate.type.BasicTypeRegistry - Adding type registration date -> org.hibernate.type.DateType@694e1548
16:53:28.927 [main] DEBUG org.hibernate.type.BasicTypeRegistry - Adding type registration java.sql.Date -> org.hibernate.type.DateType@694e1548
16:53:28.928 [main] DEBUG org.hibernate.type.BasicTypeRegistry - Adding type registration time -> org.hibernate.type.TimeType@7f13d6e
16:53:28.929 [main] DEBUG org.hibernate.type.BasicTypeRegistry - Adding type registration java.sql.Time -> org.hibernate.type.TimeType@7f13d6e
16:53:28.931 [main] DEBUG org.hibernate.type.BasicTypeRegistry - Adding type registration timestamp -> org.hibernate.type.TimestampType@10bbd20a
16:53:28.931 [main] DEBUG org.hibernate.type.BasicTypeRegistry - Adding type registration java.sql.Timestamp -> org.hibernate.type.TimestampType@10bbd20a
16:53:28.931 [main] DEBUG org.hibernate.type.BasicTypeRegistry - Adding type registration java.util.Date -> org.hibernate.type.TimestampType@10bbd20a
16:53:28.933 [main] DEBUG org.hibernate.type.BasicTypeRegistry - Adding type registration dbtimestamp -> org.hibernate.type.DbTimestampType@184f6be2
16:53:28.935 [main] DEBUG org.hibernate.type.BasicTypeRegistry - Adding type registration calendar -> org.hibernate.type.CalendarType@27a5f880
16:53:28.935 [main] DEBUG org.hibernate.type.BasicTypeRegistry - Adding type registration java.util.Calendar -> org.hibernate.type.CalendarType@27a5f880
16:53:28.936 [main] DEBUG org.hibernate.type.BasicTypeRegistry - Adding type registration java.util.GregorianCalendar -> org.hibernate.type.CalendarType@27a5f880
16:53:28.937 [main] DEBUG org.hibernate.type.BasicTypeRegistry - Adding type registration calendar_date -> org.hibernate.type.CalendarDateType@167fdd33
16:53:28.939 [main] DEBUG org.hibernate.type.BasicTypeRegistry - Adding type registration locale -> org.hibernate.type.LocaleType@74650e52
16:53:28.939 [main] DEBUG org.hibernate.type.BasicTypeRegistry - Adding type registration java.util.Locale -> org.hibernate.type.LocaleType@74650e52
16:53:28.941 [main] DEBUG org.hibernate.type.BasicTypeRegistry - Adding type registration currency -> org.hibernate.type.CurrencyType@3712b94
16:53:28.941 [main] DEBUG org.hibernate.type.BasicTypeRegistry - Adding type registration java.util.Currency -> org.hibernate.type.CurrencyType@3712b94
16:53:28.943 [main] DEBUG org.hibernate.type.BasicTypeRegistry - Adding type registration timezone -> org.hibernate.type.TimeZoneType@646d64ab
16:53:28.943 [main] DEBUG org.hibernate.type.BasicTypeRegistry - Adding type registration java.util.TimeZone -> org.hibernate.type.TimeZoneType@646d64ab
16:53:28.944 [main] DEBUG org.hibernate.type.BasicTypeRegistry - Adding type registration class -> org.hibernate.type.ClassType@76f2b07d
16:53:28.945 [main] DEBUG org.hibernate.type.BasicTypeRegistry - Adding type registration java.lang.Class -> org.hibernate.type.ClassType@76f2b07d
16:53:28.948 [main] DEBUG org.hibernate.type.BasicTypeRegistry - Adding type registration uuid-binary -> org.hibernate.type.UUIDBinaryType@11438d26
16:53:28.948 [main] DEBUG org.hibernate.type.BasicTypeRegistry - Adding type registration java.util.UUID -> org.hibernate.type.UUIDBinaryType@11438d26
16:53:28.950 [main] DEBUG org.hibernate.type.BasicTypeRegistry - Adding type registration uuid-char -> org.hibernate.type.UUIDCharType@5faeada1
16:53:28.952 [main] DEBUG org.hibernate.type.BasicTypeRegistry - Adding type registration pg-uuid -> org.hibernate.type.PostgresUUIDType@30a3107a
16:53:28.953 [main] DEBUG org.hibernate.type.BasicTypeRegistry - Adding type registration binary -> org.hibernate.type.BinaryType@17d677df
16:53:28.954 [main] DEBUG org.hibernate.type.BasicTypeRegistry - Adding type registration byte[] -> org.hibernate.type.BinaryType@17d677df
16:53:28.954 [main] DEBUG org.hibernate.type.BasicTypeRegistry - Adding type registration [B -> org.hibernate.type.BinaryType@17d677df
16:53:28.956 [main] DEBUG org.hibernate.type.BasicTypeRegistry - Adding type registration wrapper-binary -> org.hibernate.type.WrapperBinaryType@4b553d26
16:53:28.956 [main] DEBUG org.hibernate.type.BasicTypeRegistry - Adding type registration Byte[] -> org.hibernate.type.WrapperBinaryType@4b553d26
16:53:28.957 [main] DEBUG org.hibernate.type.BasicTypeRegistry - Adding type registration [Ljava.lang.Byte; -> org.hibernate.type.WrapperBinaryType@4b553d26
16:53:28.958 [main] DEBUG org.hibernate.type.BasicTypeRegistry - Adding type registration image -> org.hibernate.type.ImageType@7d70d1b1
16:53:28.961 [main] DEBUG org.hibernate.type.BasicTypeRegistry - Adding type registration characters -> org.hibernate.type.CharArrayType@7e2d773b
16:53:28.961 [main] DEBUG org.hibernate.type.BasicTypeRegistry - Adding type registration char[] -> org.hibernate.type.CharArrayType@7e2d773b
16:53:28.961 [main] DEBUG org.hibernate.type.BasicTypeRegistry - Adding type registration [C -> org.hibernate.type.CharArrayType@7e2d773b
16:53:28.964 [main] DEBUG org.hibernate.type.BasicTypeRegistry - Adding type registration wrapper-characters -> org.hibernate.type.CharacterArrayType@1a8a8f7c
16:53:28.964 [main] DEBUG org.hibernate.type.BasicTypeRegistry - Adding type registration [Ljava.lang.Character; -> org.hibernate.type.CharacterArrayType@1a8a8f7c
16:53:28.964 [main] DEBUG org.hibernate.type.BasicTypeRegistry - Adding type registration Character[] -> org.hibernate.type.CharacterArrayType@1a8a8f7c
16:53:28.966 [main] DEBUG org.hibernate.type.BasicTypeRegistry - Adding type registration text -> org.hibernate.type.TextType@3234e239
16:53:28.967 [main] DEBUG org.hibernate.type.BasicTypeRegistry - Adding type registration ntext -> org.hibernate.type.NTextType@37d31475
16:53:28.972 [main] DEBUG org.hibernate.type.BasicTypeRegistry - Adding type registration blob -> org.hibernate.type.BlobType@cb51256
16:53:28.972 [main] DEBUG org.hibernate.type.BasicTypeRegistry - Adding type registration java.sql.Blob -> org.hibernate.type.BlobType@cb51256
16:53:28.973 [main] DEBUG org.hibernate.type.BasicTypeRegistry - Adding type registration materialized_blob -> org.hibernate.type.MaterializedBlobType@25af5db5
16:53:28.978 [main] DEBUG org.hibernate.type.BasicTypeRegistry - Adding type registration clob -> org.hibernate.type.ClobType@ed9d034
16:53:28.978 [main] DEBUG org.hibernate.type.BasicTypeRegistry - Adding type registration java.sql.Clob -> org.hibernate.type.ClobType@ed9d034
16:53:28.983 [main] DEBUG org.hibernate.type.BasicTypeRegistry - Adding type registration nclob -> org.hibernate.type.NClobType@2db7a79b
16:53:28.983 [main] DEBUG org.hibernate.type.BasicTypeRegistry - Adding type registration java.sql.NClob -> org.hibernate.type.NClobType@2db7a79b
16:53:28.984 [main] DEBUG org.hibernate.type.BasicTypeRegistry - Adding type registration materialized_clob -> org.hibernate.type.MaterializedClobType@42eca56e
16:53:28.985 [main] DEBUG org.hibernate.type.BasicTypeRegistry - Adding type registration materialized_nclob -> org.hibernate.type.MaterializedNClobType@192d3247
16:53:28.986 [main] DEBUG org.hibernate.type.BasicTypeRegistry - Adding type registration serializable -> org.hibernate.type.SerializableType@553a3d88
16:53:28.989 [main] DEBUG org.hibernate.type.BasicTypeRegistry - Adding type registration object -> org.hibernate.type.ObjectType@51c8530f
16:53:28.989 [main] DEBUG org.hibernate.type.BasicTypeRegistry - Adding type registration java.lang.Object -> org.hibernate.type.ObjectType@51c8530f
16:53:28.990 [main] DEBUG org.hibernate.type.BasicTypeRegistry - Adding type registration imm_date -> org.hibernate.type.AdaptedImmutableType@c81cdd1
16:53:28.990 [main] DEBUG org.hibernate.type.BasicTypeRegistry - Adding type registration imm_time -> org.hibernate.type.AdaptedImmutableType@1fc2b765
16:53:28.990 [main] DEBUG org.hibernate.type.BasicTypeRegistry - Adding type registration imm_timestamp -> org.hibernate.type.AdaptedImmutableType@75881071
16:53:28.990 [main] DEBUG org.hibernate.type.BasicTypeRegistry - Adding type registration imm_dbtimestamp -> org.hibernate.type.AdaptedImmutableType@2a70a3d8
16:53:28.991 [main] DEBUG org.hibernate.type.BasicTypeRegistry - Adding type registration imm_calendar -> org.hibernate.type.AdaptedImmutableType@289d1c02
16:53:28.991 [main] DEBUG org.hibernate.type.BasicTypeRegistry - Adding type registration imm_calendar_date -> org.hibernate.type.AdaptedImmutableType@22eeefeb
16:53:28.991 [main] DEBUG org.hibernate.type.BasicTypeRegistry - Adding type registration imm_binary -> org.hibernate.type.AdaptedImmutableType@17d0685f
16:53:28.992 [main] DEBUG org.hibernate.type.BasicTypeRegistry - Adding type registration imm_serializable -> org.hibernate.type.AdaptedImmutableType@3891771e
16:53:29.015 [main] INFO  o.h.annotations.common.Version - HCANN000001: Hibernate Commons Annotations {4.0.4.Final}
16:53:29.025 [main] INFO  org.hibernate.Version - HHH000412: Hibernate Core {4.3.11.Final}
16:53:29.029 [main] INFO  org.hibernate.cfg.Environment - HHH000206: hibernate.properties not found
16:53:29.032 [main] INFO  org.hibernate.cfg.Environment - HHH000021: Bytecode provider name : javassist
16:53:29.048 [main] DEBUG o.h.i.f.i.DefaultIdentifierGeneratorFactory - Registering IdentifierGenerator strategy [uuid2] -> [org.hibernate.id.UUIDGenerator]
16:53:29.050 [main] DEBUG o.h.i.f.i.DefaultIdentifierGeneratorFactory - Registering IdentifierGenerator strategy [guid] -> [org.hibernate.id.GUIDGenerator]
16:53:29.051 [main] DEBUG o.h.i.f.i.DefaultIdentifierGeneratorFactory - Registering IdentifierGenerator strategy [uuid] -> [org.hibernate.id.UUIDHexGenerator]
16:53:29.052 [main] DEBUG o.h.i.f.i.DefaultIdentifierGeneratorFactory - Registering IdentifierGenerator strategy [uuid.hex] -> [org.hibernate.id.UUIDHexGenerator]
16:53:29.054 [main] DEBUG o.h.i.f.i.DefaultIdentifierGeneratorFactory - Registering IdentifierGenerator strategy [hilo] -> [org.hibernate.id.TableHiLoGenerator]
16:53:29.055 [main] DEBUG o.h.i.f.i.DefaultIdentifierGeneratorFactory - Registering IdentifierGenerator strategy [assigned] -> [org.hibernate.id.Assigned]
16:53:29.057 [main] DEBUG o.h.i.f.i.DefaultIdentifierGeneratorFactory - Registering IdentifierGenerator strategy [identity] -> [org.hibernate.id.IdentityGenerator]
16:53:29.058 [main] DEBUG o.h.i.f.i.DefaultIdentifierGeneratorFactory - Registering IdentifierGenerator strategy [select] -> [org.hibernate.id.SelectGenerator]
16:53:29.059 [main] DEBUG o.h.i.f.i.DefaultIdentifierGeneratorFactory - Registering IdentifierGenerator strategy [sequence] -> [org.hibernate.id.SequenceGenerator]
16:53:29.060 [main] DEBUG o.h.i.f.i.DefaultIdentifierGeneratorFactory - Registering IdentifierGenerator strategy [seqhilo] -> [org.hibernate.id.SequenceHiLoGenerator]
16:53:29.061 [main] DEBUG o.h.i.f.i.DefaultIdentifierGeneratorFactory - Registering IdentifierGenerator strategy [increment] -> [org.hibernate.id.IncrementGenerator]
16:53:29.061 [main] DEBUG o.h.i.f.i.DefaultIdentifierGeneratorFactory - Registering IdentifierGenerator strategy [foreign] -> [org.hibernate.id.ForeignGenerator]
16:53:29.062 [main] DEBUG o.h.i.f.i.DefaultIdentifierGeneratorFactory - Registering IdentifierGenerator strategy [sequence-identity] -> [org.hibernate.id.SequenceIdentityGenerator]
16:53:29.063 [main] DEBUG o.h.i.f.i.DefaultIdentifierGeneratorFactory - Registering IdentifierGenerator strategy [enhanced-sequence] -> [org.hibernate.id.enhanced.SequenceStyleGenerator]
16:53:29.064 [main] DEBUG o.h.i.f.i.DefaultIdentifierGeneratorFactory - Registering IdentifierGenerator strategy [enhanced-table] -> [org.hibernate.id.enhanced.TableGenerator]
16:53:29.069 [main] INFO  org.hibernate.cfg.Configuration - HHH000043: Configuring from resource: /hibernate.cfg.xml
16:53:29.069 [main] INFO  org.hibernate.cfg.Configuration - HHH000040: Configuration resource: /hibernate.cfg.xml
16:53:29.119 [main] DEBUG o.h.i.util.xml.DTDEntityResolver - Trying to resolve system-id [http://hibernate.sourceforge.net/hibernate-configuration-3.0.dtd]
16:53:29.119 [main] WARN  o.h.i.util.xml.DTDEntityResolver - HHH000223: Recognized obsolete hibernate namespace http://hibernate.sourceforge.net/. Use namespace http://www.hibernate.org/dtd/ instead. Refer to Hibernate 3.6 Migration Guide!
16:53:29.119 [main] DEBUG o.h.i.util.xml.DTDEntityResolver - Attempting to resolve on classpath under org/hibernate/
16:53:29.120 [main] DEBUG o.h.i.util.xml.DTDEntityResolver - Located [http://hibernate.sourceforge.net/hibernate-configuration-3.0.dtd] in classpath
16:53:29.145 [main] DEBUG org.hibernate.cfg.Configuration - hibernate.dialect=org.hibernate.dialect.MySQLDialect
16:53:29.145 [main] DEBUG org.hibernate.cfg.Configuration - hibernate.connection.driver_class=com.mysql.jdbc.Driver
16:53:29.145 [main] DEBUG org.hibernate.cfg.Configuration - hibernate.connection.url=jdbc:mysql://localhost:3306/supermercadosdeltaplus
16:53:29.146 [main] DEBUG org.hibernate.cfg.Configuration - hibernate.connection.username=root
16:53:29.146 [main] DEBUG org.hibernate.cfg.Configuration - hibernate.connection.password=root
16:53:29.146 [main] DEBUG org.hibernate.cfg.Configuration - hibernate.current_session_context_class=thread
16:53:29.146 [main] DEBUG org.hibernate.cfg.Configuration - hibernate.c3p0.timeout=3600
16:53:29.146 [main] DEBUG org.hibernate.cfg.Configuration - hibernate.c3p0.maxIdleTime=3600
16:53:29.147 [main] DEBUG org.hibernate.cfg.Configuration - hibernate.c3p0.acquire_increment=3
16:53:29.147 [main] DEBUG org.hibernate.cfg.Configuration - hibernate.c3p0.idle_test_period=10
16:53:29.147 [main] DEBUG org.hibernate.cfg.Configuration - hibernate.c3p0.min_size=5
16:53:29.147 [main] DEBUG org.hibernate.cfg.Configuration - hibernate.c3p0.max_size=75
16:53:29.147 [main] DEBUG org.hibernate.cfg.Configuration - hibernate.c3p0.max_statements=10
16:53:29.148 [main] DEBUG org.hibernate.cfg.Configuration - hibernate.c3p0.preferredTestQuery=select 1
16:53:29.148 [main] DEBUG org.hibernate.cfg.Configuration - hibernate.c3p0.testConnectionOnCheckout=true
16:53:29.148 [main] DEBUG org.hibernate.cfg.Configuration - show_sql=true
16:53:29.148 [main] DEBUG org.hibernate.cfg.Configuration - format_sql=true
16:53:29.149 [main] DEBUG org.hibernate.cfg.Configuration - hbm2ddl.auto=update
16:53:29.149 [main] DEBUG org.hibernate.cfg.Configuration - Session-factory config [null] named class [com.fabiocompany.supermercadosdeltaplus.model.Cabeceraticket] for mapping
16:53:29.161 [main] DEBUG org.hibernate.cfg.Configuration - Session-factory config [null] named class [com.fabiocompany.supermercadosdeltaplus.model.Detalleoferta] for mapping
16:53:29.162 [main] DEBUG org.hibernate.cfg.Configuration - Session-factory config [null] named class [com.fabiocompany.supermercadosdeltaplus.model.Detalleticket] for mapping
16:53:29.163 [main] DEBUG org.hibernate.cfg.Configuration - Session-factory config [null] named class [com.fabiocompany.supermercadosdeltaplus.model.Personausuario] for mapping
16:53:29.163 [main] DEBUG org.hibernate.cfg.Configuration - Session-factory config [null] named class [com.fabiocompany.supermercadosdeltaplus.model.Producto] for mapping
16:53:29.164 [main] DEBUG org.hibernate.cfg.Configuration - Session-factory config [null] named class [com.fabiocompany.supermercadosdeltaplus.model.Tarjeta] for mapping
16:53:29.164 [main] DEBUG org.hibernate.cfg.Configuration - Session-factory config [null] named class [com.fabiocompany.supermercadosdeltaplus.model.Tipodepago] for mapping
16:53:29.165 [main] DEBUG org.hibernate.cfg.Configuration - Session-factory config [null] named class [com.fabiocompany.supermercadosdeltaplus.model.Usuario] for mapping
16:53:29.166 [main] INFO  org.hibernate.cfg.Configuration - HHH000041: Configured SessionFactory: null
16:53:29.166 [main] DEBUG org.hibernate.cfg.Configuration - Properties: {show_sql=true, java.vendor=Oracle Corporation, localRepository=/home/fabio/.m2/repository, sun.java.launcher=SUN_STANDARD, hibernate.connection.url=jdbc:mysql://localhost:3306/supermercadosdeltaplus, sun.management.compiler=HotSpot 64-Bit Tiered Compilers, hbm2ddl.auto=update, os.name=Linux, sun.boot.class.path=/usr/lib/jvm/java-8-openjdk-amd64/jre/lib/resources.jar:/usr/lib/jvm/java-8-openjdk-amd64/jre/lib/rt.jar:/usr/lib/jvm/java-8-openjdk-amd64/jre/lib/sunrsasign.jar:/usr/lib/jvm/java-8-openjdk-amd64/jre/lib/jsse.jar:/usr/lib/jvm/java-8-openjdk-amd64/jre/lib/jce.jar:/usr/lib/jvm/java-8-openjdk-amd64/jre/lib/charsets.jar:/usr/lib/jvm/java-8-openjdk-amd64/jre/lib/jfr.jar:/usr/lib/jvm/java-8-openjdk-amd64/jre/classes, hibernate.current_session_context_class=thread, sun.desktop=gnome, hibernate.c3p0.max_size=75, java.vm.specification.vendor=Oracle Corporation, java.runtime.version=1.8.0_131-8u131-b11-2ubuntu1.16.04.3-b11, hibernate.c3p0.min_size=5, user.name=fabio, hibernate.c3p0.timeout=3600, user.language=es, build=jar, sun.boot.library.path=/usr/lib/jvm/java-8-openjdk-amd64/jre/lib/amd64, hibernate.c3p0.preferredTestQuery=select 1, java.version=1.8.0_131, user.timezone=America/Argentina/Cordoba, sun.arch.data.model=64, java.endorsed.dirs=/usr/lib/jvm/java-8-openjdk-amd64/jre/lib/endorsed, sun.cpu.isalist=, sun.jnu.encoding=UTF-8, file.encoding.pkg=sun.io, file.separator=/, java.specification.name=Java Platform API Specification, hibernate.format_sql=true, java.class.version=52.0, user.country=AR, java.home=/usr/lib/jvm/java-8-openjdk-amd64/jre, java.vm.info=mixed mode, os.version=4.4.0-96-generic, surefire.real.class.path=/home/fabio/Documentos/facu/ingweb3/repoingweb3personal/supermercadosdeltaplusModulo/target/surefire/surefirebooter4002182255390091397.jar, path.separator=:, java.vm.version=25.131-b11, hibernate.connection.password=root, java.awt.printerjob=sun.print.PSPrinterJob, sun.io.unicode.encoding=UnicodeLittle, awt.toolkit=sun.awt.X11.XToolkit, hibernate.connection.username=root, user.home=/home/fabio, java.specification.vendor=Oracle Corporation, hibernate.hbm2ddl.auto=update, java.library.path=/usr/java/packages/lib/amd64:/usr/lib/x86_64-linux-gnu/jni:/lib/x86_64-linux-gnu:/usr/lib/x86_64-linux-gnu:/usr/lib/jni:/lib:/usr/lib, java.vendor.url=http://java.oracle.com/, hibernate.c3p0.maxIdleTime=3600, hibernate.connection.driver_class=com.mysql.jdbc.Driver, java.vm.vendor=Oracle Corporation, hibernate.dialect=org.hibernate.dialect.MySQLDialect, java.runtime.name=OpenJDK Runtime Environment, sun.java.command=/home/fabio/Documentos/facu/ingweb3/repoingweb3personal/supermercadosdeltaplusModulo/target/surefire/surefirebooter4002182255390091397.jar /home/fabio/Documentos/facu/ingweb3/repoingweb3personal/supermercadosdeltaplusModulo/target/surefire/surefire5165423537100081995tmp /home/fabio/Documentos/facu/ingweb3/repoingweb3personal/supermercadosdeltaplusModulo/target/surefire/surefire_08762621422027277100tmp, java.class.path=/home/fabio/Documentos/facu/ingweb3/repoingweb3personal/supermercadosdeltaplusModulo/target/test-classes:/home/fabio/Documentos/facu/ingweb3/repoingweb3personal/supermercadosdeltaplusModulo/target/classes:/home/fabio/.m2/repository/org/hibernate/hibernate-entitymanager/4.3.1.Final/hibernate-entitymanager-4.3.1.Final.jar:/home/fabio/.m2/repository/org/jboss/logging/jboss-logging/3.3.1.Final/jboss-logging-3.3.1.Final.jar:/home/fabio/.m2/repository/org/jboss/logging/jboss-logging-annotations/1.2.0.Beta1/jboss-logging-annotations-1.2.0.Beta1.jar:/home/fabio/.m2/repository/dom4j/dom4j/1.6.1/dom4j-1.6.1.jar:/home/fabio/.m2/repository/org/hibernate/common/hibernate-commons-annotations/4.0.4.Final/hibernate-commons-annotations-4.0.4.Final.jar:/home/fabio/.m2/repository/org/jboss/spec/javax/transaction/jboss-transaction-api_1.2_spec/1.0.0.Final/jboss-transaction-api_1.2_spec-1.0.0.Final.jar:/home/fabio/.m2/repository/org/javassist/javassist/3.21.0-GA/javassist-3.21.0-GA.jar:/home/fabio/.m2/repository/junit/junit/4.12/junit-4.12.jar:/home/fabio/.m2/repository/org/hamcrest/hamcrest-core/1.3/hamcrest-core-1.3.jar:/home/fabio/.m2/repository/org/hibernate/javax/persistence/hibernate-jpa-2.1-api/1.0.0.Final/hibernate-jpa-2.1-api-1.0.0.Final.jar:/home/fabio/.m2/repository/javax/javaee-web-api/7.0/javaee-web-api-7.0.jar:/home/fabio/.m2/repository/org/springframework/boot/spring-boot-starter-web/1.5.6.RELEASE/spring-boot-starter-web-1.5.6.RELEASE.jar:/home/fabio/.m2/repository/org/springframework/boot/spring-boot-starter/1.5.6.RELEASE/spring-boot-starter-1.5.6.RELEASE.jar:/home/fabio/.m2/repository/org/springframework/boot/spring-boot/1.5.6.RELEASE/spring-boot-1.5.6.RELEASE.jar:/home/fabio/.m2/repository/org/springframework/boot/spring-boot-autoconfigure/1.5.6.RELEASE/spring-boot-autoconfigure-1.5.6.RELEASE.jar:/home/fabio/.m2/repository/org/springframework/boot/spring-boot-starter-logging/1.5.6.RELEASE/spring-boot-starter-logging-1.5.6.RELEASE.jar:/home/fabio/.m2/repository/org/slf4j/jul-to-slf4j/1.7.25/jul-to-slf4j-1.7.25.jar:/home/fabio/.m2/repository/org/slf4j/log4j-over-slf4j/1.7.25/log4j-over-slf4j-1.7.25.jar:/home/fabio/.m2/repository/org/yaml/snakeyaml/1.17/snakeyaml-1.17.jar:/home/fabio/.m2/repository/org/springframework/boot/spring-boot-starter-tomcat/1.5.6.RELEASE/spring-boot-starter-tomcat-1.5.6.RELEASE.jar:/home/fabio/.m2/repository/org/apache/tomcat/embed/tomcat-embed-core/8.5.16/tomcat-embed-core-8.5.16.jar:/home/fabio/.m2/repository/org/apache/tomcat/embed/tomcat-embed-el/8.5.16/tomcat-embed-el-8.5.16.jar:/home/fabio/.m2/repository/org/apache/tomcat/embed/tomcat-embed-websocket/8.5.16/tomcat-embed-websocket-8.5.16.jar:/home/fabio/.m2/repository/com/fasterxml/jackson/core/jackson-databind/2.8.9/jackson-databind-2.8.9.jar:/home/fabio/.m2/repository/com/fasterxml/jackson/core/jackson-annotations/2.8.0/jackson-annotations-2.8.0.jar:/home/fabio/.m2/repository/com/fasterxml/jackson/core/jackson-core/2.8.9/jackson-core-2.8.9.jar:/home/fabio/.m2/repository/org/springframework/boot/spring-boot-starter-actuator/1.5.6.RELEASE/spring-boot-starter-actuator-1.5.6.RELEASE.jar:/home/fabio/.m2/repository/org/springframework/boot/spring-boot-actuator/1.5.6.RELEASE/spring-boot-actuator-1.5.6.RELEASE.jar:/home/fabio/.m2/repository/org/aspectj/aspectjweaver/1.8.10/aspectjweaver-1.8.10.jar:/home/fabio/.m2/repository/org/springframework/spring-core/4.3.10.RELEASE/spring-core-4.3.10.RELEASE.jar:/home/fabio/.m2/repository/org/springframework/spring-context/4.3.10.RELEASE/spring-context-4.3.10.RELEASE.jar:/home/fabio/.m2/repository/org/springframework/spring-beans/4.3.10.RELEASE/spring-beans-4.3.10.RELEASE.jar:/home/fabio/.m2/repository/org/springframework/spring-expression/4.3.10.RELEASE/spring-expression-4.3.10.RELEASE.jar:/home/fabio/.m2/repository/org/springframework/spring-aspects/4.3.10.RELEASE/spring-aspects-4.3.10.RELEASE.jar:/home/fabio/.m2/repository/org/springframework/spring-webmvc/4.3.10.RELEASE/spring-webmvc-4.3.10.RELEASE.jar:/home/fabio/.m2/repository/org/springframework/spring-web/4.3.10.RELEASE/spring-web-4.3.10.RELEASE.jar:/home/fabio/.m2/repository/org/springframework/spring-oxm/4.3.10.RELEASE/spring-oxm-4.3.10.RELEASE.jar:/home/fabio/.m2/repository/org/springframework/spring-tx/4.3.10.RELEASE/spring-tx-4.3.10.RELEASE.jar:/home/fabio/.m2/repository/org/springframework/spring-aop/4.3.10.RELEASE/spring-aop-4.3.10.RELEASE.jar:/home/fabio/.m2/repository/org/springframework/spring-orm/4.3.10.RELEASE/spring-orm-4.3.10.RELEASE.jar:/home/fabio/.m2/repository/org/springframework/spring-jdbc/4.3.10.RELEASE/spring-jdbc-4.3.10.RELEASE.jar:/home/fabio/.m2/repository/org/springframework/boot/spring-boot-starter-security/1.5.6.RELEASE/spring-boot-starter-security-1.5.6.RELEASE.jar:/home/fabio/.m2/repository/org/springframework/security/spring-security-config/4.2.3.RELEASE/spring-security-config-4.2.3.RELEASE.jar:/home/fabio/.m2/repository/org/springframework/security/spring-security-core/4.2.3.RELEASE/spring-security-core-4.2.3.RELEASE.jar:/home/fabio/.m2/repository/org/springframework/security/spring-security-web/4.2.3.RELEASE/spring-security-web-4.2.3.RELEASE.jar:/home/fabio/.m2/repository/org/slf4j/slf4j-api/1.7.25/slf4j-api-1.7.25.jar:/home/fabio/.m2/repository/ch/qos/logback/logback-classic/1.1.3/logback-classic-1.1.3.jar:/home/fabio/.m2/repository/ch/qos/logback/logback-core/1.1.3/logback-core-1.1.3.jar:/home/fabio/.m2/repository/org/slf4j/jcl-over-slf4j/1.7.25/jcl-over-slf4j-1.7.25.jar:/home/fabio/.m2/repository/commons-dbutils/commons-dbutils/1.6/commons-dbutils-1.6.jar:/home/fabio/.m2/repository/org/hibernate/hibernate-core/4.3.11.Final/hibernate-core-4.3.11.Final.jar:/home/fabio/.m2/repository/antlr/antlr/2.7.7/antlr-2.7.7.jar:/home/fabio/.m2/repository/org/jboss/jandex/1.1.0.Final/jandex-1.1.0.Final.jar:/home/fabio/.m2/repository/org/hibernate/hibernate-c3p0/4.3.11.Final/hibernate-c3p0-4.3.11.Final.jar:/home/fabio/.m2/repository/com/mchange/c3p0/0.9.2.1/c3p0-0.9.2.1.jar:/home/fabio/.m2/repository/com/mchange/mchange-commons-java/0.2.3.4/mchange-commons-java-0.2.3.4.jar:/home/fabio/.m2/repository/org/hibernate/hibernate-validator/5.3.5.Final/hibernate-validator-5.3.5.Final.jar:/home/fabio/.m2/repository/com/fasterxml/classmate/1.3.3/classmate-1.3.3.jar:/home/fabio/.m2/repository/javax/validation/validation-api/1.1.0.Final/validation-api-1.1.0.Final.jar:/home/fabio/.m2/repository/org/jooq/jooq/3.9.4/jooq-3.9.4.jar:/home/fabio/.m2/repository/mysql/mysql-connector-java/5.1.43/mysql-connector-java-5.1.43.jar:, hibernate.bytecode.use_reflection_optimizer=false, java.vm.specification.name=Java Virtual Machine Specification, hibernate.c3p0.testConnectionOnCheckout=true, java.vm.specification.version=1.8, sun.cpu.endian=little, sun.os.patch.level=unknown, surefire.test.class.path=/home/fabio/Documentos/facu/ingweb3/repoingweb3personal/supermercadosdeltaplusModulo/target/test-classes:/home/fabio/Documentos/facu/ingweb3/repoingweb3personal/supermercadosdeltaplusModulo/target/classes:/home/fabio/.m2/repository/org/hibernate/hibernate-entitymanager/4.3.1.Final/hibernate-entitymanager-4.3.1.Final.jar:/home/fabio/.m2/repository/org/jboss/logging/jboss-logging/3.3.1.Final/jboss-logging-3.3.1.Final.jar:/home/fabio/.m2/repository/org/jboss/logging/jboss-logging-annotations/1.2.0.Beta1/jboss-logging-annotations-1.2.0.Beta1.jar:/home/fabio/.m2/repository/dom4j/dom4j/1.6.1/dom4j-1.6.1.jar:/home/fabio/.m2/repository/org/hibernate/common/hibernate-commons-annotations/4.0.4.Final/hibernate-commons-annotations-4.0.4.Final.jar:/home/fabio/.m2/repository/org/jboss/spec/javax/transaction/jboss-transaction-api_1.2_spec/1.0.0.Final/jboss-transaction-api_1.2_spec-1.0.0.Final.jar:/home/fabio/.m2/repository/org/javassist/javassist/3.21.0-GA/javassist-3.21.0-GA.jar:/home/fabio/.m2/repository/junit/junit/4.12/junit-4.12.jar:/home/fabio/.m2/repository/org/hamcrest/hamcrest-core/1.3/hamcrest-core-1.3.jar:/home/fabio/.m2/repository/org/hibernate/javax/persistence/hibernate-jpa-2.1-api/1.0.0.Final/hibernate-jpa-2.1-api-1.0.0.Final.jar:/home/fabio/.m2/repository/javax/javaee-web-api/7.0/javaee-web-api-7.0.jar:/home/fabio/.m2/repository/org/springframework/boot/spring-boot-starter-web/1.5.6.RELEASE/spring-boot-starter-web-1.5.6.RELEASE.jar:/home/fabio/.m2/repository/org/springframework/boot/spring-boot-starter/1.5.6.RELEASE/spring-boot-starter-1.5.6.RELEASE.jar:/home/fabio/.m2/repository/org/springframework/boot/spring-boot/1.5.6.RELEASE/spring-boot-1.5.6.RELEASE.jar:/home/fabio/.m2/repository/org/springframework/boot/spring-boot-autoconfigure/1.5.6.RELEASE/spring-boot-autoconfigure-1.5.6.RELEASE.jar:/home/fabio/.m2/repository/org/springframework/boot/spring-boot-starter-logging/1.5.6.RELEASE/spring-boot-starter-logging-1.5.6.RELEASE.jar:/home/fabio/.m2/repository/org/slf4j/jul-to-slf4j/1.7.25/jul-to-slf4j-1.7.25.jar:/home/fabio/.m2/repository/org/slf4j/log4j-over-slf4j/1.7.25/log4j-over-slf4j-1.7.25.jar:/home/fabio/.m2/repository/org/yaml/snakeyaml/1.17/snakeyaml-1.17.jar:/home/fabio/.m2/repository/org/springframework/boot/spring-boot-starter-tomcat/1.5.6.RELEASE/spring-boot-starter-tomcat-1.5.6.RELEASE.jar:/home/fabio/.m2/repository/org/apache/tomcat/embed/tomcat-embed-core/8.5.16/tomcat-embed-core-8.5.16.jar:/home/fabio/.m2/repository/org/apache/tomcat/embed/tomcat-embed-el/8.5.16/tomcat-embed-el-8.5.16.jar:/home/fabio/.m2/repository/org/apache/tomcat/embed/tomcat-embed-websocket/8.5.16/tomcat-embed-websocket-8.5.16.jar:/home/fabio/.m2/repository/com/fasterxml/jackson/core/jackson-databind/2.8.9/jackson-databind-2.8.9.jar:/home/fabio/.m2/repository/com/fasterxml/jackson/core/jackson-annotations/2.8.0/jackson-annotations-2.8.0.jar:/home/fabio/.m2/repository/com/fasterxml/jackson/core/jackson-core/2.8.9/jackson-core-2.8.9.jar:/home/fabio/.m2/repository/org/springframework/boot/spring-boot-starter-actuator/1.5.6.RELEASE/spring-boot-starter-actuator-1.5.6.RELEASE.jar:/home/fabio/.m2/repository/org/springframework/boot/spring-boot-actuator/1.5.6.RELEASE/spring-boot-actuator-1.5.6.RELEASE.jar:/home/fabio/.m2/repository/org/aspectj/aspectjweaver/1.8.10/aspectjweaver-1.8.10.jar:/home/fabio/.m2/repository/org/springframework/spring-core/4.3.10.RELEASE/spring-core-4.3.10.RELEASE.jar:/home/fabio/.m2/repository/org/springframework/spring-context/4.3.10.RELEASE/spring-context-4.3.10.RELEASE.jar:/home/fabio/.m2/repository/org/springframework/spring-beans/4.3.10.RELEASE/spring-beans-4.3.10.RELEASE.jar:/home/fabio/.m2/repository/org/springframework/spring-expression/4.3.10.RELEASE/spring-expression-4.3.10.RELEASE.jar:/home/fabio/.m2/repository/org/springframework/spring-aspects/4.3.10.RELEASE/spring-aspects-4.3.10.RELEASE.jar:/home/fabio/.m2/repository/org/springframework/spring-webmvc/4.3.10.RELEASE/spring-webmvc-4.3.10.RELEASE.jar:/home/fabio/.m2/repository/org/springframework/spring-web/4.3.10.RELEASE/spring-web-4.3.10.RELEASE.jar:/home/fabio/.m2/repository/org/springframework/spring-oxm/4.3.10.RELEASE/spring-oxm-4.3.10.RELEASE.jar:/home/fabio/.m2/repository/org/springframework/spring-tx/4.3.10.RELEASE/spring-tx-4.3.10.RELEASE.jar:/home/fabio/.m2/repository/org/springframework/spring-aop/4.3.10.RELEASE/spring-aop-4.3.10.RELEASE.jar:/home/fabio/.m2/repository/org/springframework/spring-orm/4.3.10.RELEASE/spring-orm-4.3.10.RELEASE.jar:/home/fabio/.m2/repository/org/springframework/spring-jdbc/4.3.10.RELEASE/spring-jdbc-4.3.10.RELEASE.jar:/home/fabio/.m2/repository/org/springframework/boot/spring-boot-starter-security/1.5.6.RELEASE/spring-boot-starter-security-1.5.6.RELEASE.jar:/home/fabio/.m2/repository/org/springframework/security/spring-security-config/4.2.3.RELEASE/spring-security-config-4.2.3.RELEASE.jar:/home/fabio/.m2/repository/org/springframework/security/spring-security-core/4.2.3.RELEASE/spring-security-core-4.2.3.RELEASE.jar:/home/fabio/.m2/repository/org/springframework/security/spring-security-web/4.2.3.RELEASE/spring-security-web-4.2.3.RELEASE.jar:/home/fabio/.m2/repository/org/slf4j/slf4j-api/1.7.25/slf4j-api-1.7.25.jar:/home/fabio/.m2/repository/ch/qos/logback/logback-classic/1.1.3/logback-classic-1.1.3.jar:/home/fabio/.m2/repository/ch/qos/logback/logback-core/1.1.3/logback-core-1.1.3.jar:/home/fabio/.m2/repository/org/slf4j/jcl-over-slf4j/1.7.25/jcl-over-slf4j-1.7.25.jar:/home/fabio/.m2/repository/commons-dbutils/commons-dbutils/1.6/commons-dbutils-1.6.jar:/home/fabio/.m2/repository/org/hibernate/hibernate-core/4.3.11.Final/hibernate-core-4.3.11.Final.jar:/home/fabio/.m2/repository/antlr/antlr/2.7.7/antlr-2.7.7.jar:/home/fabio/.m2/repository/org/jboss/jandex/1.1.0.Final/jandex-1.1.0.Final.jar:/home/fabio/.m2/repository/org/hibernate/hibernate-c3p0/4.3.11.Final/hibernate-c3p0-4.3.11.Final.jar:/home/fabio/.m2/repository/com/mchange/c3p0/0.9.2.1/c3p0-0.9.2.1.jar:/home/fabio/.m2/repository/com/mchange/mchange-commons-java/0.2.3.4/mchange-commons-java-0.2.3.4.jar:/home/fabio/.m2/repository/org/hibernate/hibernate-validator/5.3.5.Final/hibernate-validator-5.3.5.Final.jar:/home/fabio/.m2/repository/com/fasterxml/classmate/1.3.3/classmate-1.3.3.jar:/home/fabio/.m2/repository/javax/validation/validation-api/1.1.0.Final/validation-api-1.1.0.Final.jar:/home/fabio/.m2/repository/org/jooq/jooq/3.9.4/jooq-3.9.4.jar:/home/fabio/.m2/repository/mysql/mysql-connector-java/5.1.43/mysql-connector-java-5.1.43.jar:, java.io.tmpdir=/tmp, java.vendor.url.bug=http://bugreport.sun.com/bugreport/, os.arch=amd64, java.awt.graphicsenv=sun.awt.X11GraphicsEnvironment, java.ext.dirs=/usr/lib/jvm/java-8-openjdk-amd64/jre/lib/ext:/usr/java/packages/lib/ext, user.dir=/home/fabio/Documentos/facu/ingweb3/repoingweb3personal/supermercadosdeltaplusModulo, hibernate.c3p0.idle_test_period=10, line.separator=
, java.vm.name=OpenJDK 64-Bit Server VM, basedir=/home/fabio/Documentos/facu/ingweb3/repoingweb3personal/supermercadosdeltaplusModulo, hibernate.c3p0.acquire_increment=3, file.encoding=UTF-8, format_sql=true, java.specification.version=1.8, hibernate.show_sql=true, hibernate.c3p0.max_statements=10}
16:53:29.185 [main] DEBUG o.h.i.internal.IntegratorServiceImpl - Adding Integrator [org.hibernate.cfg.beanvalidation.BeanValidationIntegrator].
16:53:29.190 [main] DEBUG o.h.i.internal.IntegratorServiceImpl - Adding Integrator [org.hibernate.secure.spi.JaccIntegrator].
16:53:29.194 [main] DEBUG o.h.i.internal.IntegratorServiceImpl - Adding Integrator [org.hibernate.cache.internal.CollectionCacheInvalidator].
16:53:29.216 [main] DEBUG o.h.b.r.s.i.StrategySelectorImpl - Registering named strategy selector [org.hibernate.dialect.Dialect] : [MySQL5] -> [org.hibernate.dialect.MySQL5Dialect] (replacing [org.hibernate.dialect.MySQL5Dialect])
16:53:29.216 [main] DEBUG o.h.b.r.s.i.StrategySelectorImpl - Registering named strategy selector [org.hibernate.dialect.Dialect] : [MySQL5InnoDB] -> [org.hibernate.dialect.MySQL5InnoDBDialect] (replacing [org.hibernate.dialect.MySQL5InnoDBDialect])
16:53:29.293 [main] DEBUG o.h.service.spi.ServiceBinding - Overriding existing service binding [org.hibernate.secure.spi.JaccService]
16:53:29.293 [main] DEBUG org.hibernate.cfg.Configuration - Preparing to build session factory with filters : {}
16:53:29.312 [main] INFO  o.h.c.i.C3P0ConnectionProvider - HHH010002: C3P0 using driver: com.mysql.jdbc.Driver at URL: jdbc:mysql://localhost:3306/supermercadosdeltaplus
16:53:29.312 [main] INFO  o.h.c.i.C3P0ConnectionProvider - HHH000046: Connection properties: {user=root, password=****}
16:53:29.312 [main] INFO  o.h.c.i.C3P0ConnectionProvider - HHH000006: Autocommit mode: false
16:53:29.322 [main] WARN  o.h.c.i.C3P0ConnectionProvider - HHH010001: Both hibernate-style property 'hibernate.c3p0.timeout' and c3p0-style property 'hibernate.c3p0.maxIdleTime' have been set in Hibernate properties.  Hibernate-style property 'hibernate.c3p0.timeout' will be used and c3p0-style property 'hibernate.c3p0.maxIdleTime' will be ignored!
16:53:29.344 [main] INFO  com.mchange.v2.log.MLog - MLog clients using log4j logging.
16:53:29.495 [main] INFO  com.mchange.v2.c3p0.C3P0Registry - Initializing c3p0-0.9.2.1 [built 20-March-2013 10:47:27 +0000; debug? true; trace: 10]
16:53:29.522 [main] DEBUG c.m.v.c.m.DynamicPooledDataSourceManagerMBean - MBean: com.mchange.v2.c3p0:type=PooledDataSource,identityToken=z8kfsx9q1mx42su1v0syda|69453e37,name=z8kfsx9q1mx42su1v0syda|69453e37 registered.
16:53:29.554 [main] DEBUG c.m.v.c.m.DynamicPooledDataSourceManagerMBean - MBean: com.mchange.v2.c3p0:type=PooledDataSource,identityToken=z8kfsx9q1mx42su1v0syda|69453e37,name=z8kfsx9q1mx42su1v0syda|69453e37 unregistered, in order to be reregistered after update.
16:53:29.555 [main] DEBUG c.m.v.c.m.DynamicPooledDataSourceManagerMBean - MBean: com.mchange.v2.c3p0:type=PooledDataSource,identityToken=z8kfsx9q1mx42su1v0syda|69453e37,name=z8kfsx9q1mx42su1v0syda|69453e37 registered.
16:53:29.617 [main] INFO  c.m.v.c.i.AbstractPoolBackedDataSource - Initializing c3p0 pool... com.mchange.v2.c3p0.PoolBackedDataSource@4d2653b1 [ connectionPoolDataSource -> com.mchange.v2.c3p0.WrapperConnectionPoolDataSource@9c1877fb [ acquireIncrement -> 3, acquireRetryAttempts -> 30, acquireRetryDelay -> 1000, autoCommitOnClose -> false, automaticTestTable -> null, breakAfterAcquireFailure -> false, checkoutTimeout -> 0, connectionCustomizerClassName -> null, connectionTesterClassName -> com.mchange.v2.c3p0.impl.DefaultConnectionTester, debugUnreturnedConnectionStackTraces -> false, factoryClassLocation -> null, forceIgnoreUnresolvedTransactions -> false, identityToken -> z8kfsx9q1mx42su1v0syda|8297b3a, idleConnectionTestPeriod -> 10, initialPoolSize -> 5, maxAdministrativeTaskTime -> 0, maxConnectionAge -> 0, maxIdleTime -> 3600, maxIdleTimeExcessConnections -> 0, maxPoolSize -> 75, maxStatements -> 10, maxStatementsPerConnection -> 0, minPoolSize -> 5, nestedDataSource -> com.mchange.v2.c3p0.DriverManagerDataSource@639cb4ed [ description -> null, driverClass -> null, factoryClassLocation -> null, identityToken -> z8kfsx9q1mx42su1v0syda|7b98f307, jdbcUrl -> jdbc:mysql://localhost:3306/supermercadosdeltaplus, properties -> {user=******, password=******} ], preferredTestQuery -> select 1, propertyCycle -> 0, statementCacheNumDeferredCloseThreads -> 0, testConnectionOnCheckin -> false, testConnectionOnCheckout -> true, unreturnedConnectionTimeout -> 0, usesTraditionalReflectiveProxies -> false; userOverrides: {} ], dataSourceName -> null, factoryClassLocation -> null, identityToken -> z8kfsx9q1mx42su1v0syda|69453e37, numHelperThreads -> 3 ]
16:53:29.650 [main] DEBUG c.m.v.resourcepool.BasicResourcePool - incremented pending_acquires: 1
16:53:29.650 [main] DEBUG c.m.v.resourcepool.BasicResourcePool - Starting acquisition series. Incremented pending_acquires [1],  attempts_remaining: 30
16:53:29.650 [main] DEBUG c.m.v.a.ThreadPoolAsynchronousRunner - com.mchange.v2.async.ThreadPoolAsynchronousRunner@568ff82: Adding task to queue -- com.mchange.v2.resourcepool.BasicResourcePool$ScatteredAcquireTask@50caa560
16:53:29.650 [main] DEBUG c.m.v.resourcepool.BasicResourcePool - incremented pending_acquires: 2
16:53:29.651 [main] DEBUG c.m.v.resourcepool.BasicResourcePool - Starting acquisition series. Incremented pending_acquires [2],  attempts_remaining: 30
16:53:29.651 [main] DEBUG c.m.v.a.ThreadPoolAsynchronousRunner - com.mchange.v2.async.ThreadPoolAsynchronousRunner@568ff82: Adding task to queue -- com.mchange.v2.resourcepool.BasicResourcePool$ScatteredAcquireTask@2a266d09
16:53:29.651 [main] DEBUG c.m.v.resourcepool.BasicResourcePool - incremented pending_acquires: 3
16:53:29.651 [main] DEBUG c.m.v.resourcepool.BasicResourcePool - Starting acquisition series. Incremented pending_acquires [3],  attempts_remaining: 30
16:53:29.651 [main] DEBUG c.m.v.a.ThreadPoolAsynchronousRunner - com.mchange.v2.async.ThreadPoolAsynchronousRunner@568ff82: Adding task to queue -- com.mchange.v2.resourcepool.BasicResourcePool$ScatteredAcquireTask@5ab9e72c
16:53:29.651 [main] DEBUG c.m.v.resourcepool.BasicResourcePool - incremented pending_acquires: 4
16:53:29.651 [main] DEBUG c.m.v.resourcepool.BasicResourcePool - Starting acquisition series. Incremented pending_acquires [4],  attempts_remaining: 30
16:53:29.651 [main] DEBUG c.m.v.a.ThreadPoolAsynchronousRunner - com.mchange.v2.async.ThreadPoolAsynchronousRunner@568ff82: Adding task to queue -- com.mchange.v2.resourcepool.BasicResourcePool$ScatteredAcquireTask@186f8716
16:53:29.651 [main] DEBUG c.m.v.resourcepool.BasicResourcePool - incremented pending_acquires: 5
16:53:29.652 [main] DEBUG c.m.v.resourcepool.BasicResourcePool - Starting acquisition series. Incremented pending_acquires [5],  attempts_remaining: 30
16:53:29.652 [main] DEBUG c.m.v.a.ThreadPoolAsynchronousRunner - com.mchange.v2.async.ThreadPoolAsynchronousRunner@568ff82: Adding task to queue -- com.mchange.v2.resourcepool.BasicResourcePool$ScatteredAcquireTask@1d8bd0de
16:53:29.656 [main] DEBUG c.m.v.resourcepool.BasicResourcePool - com.mchange.v2.resourcepool.BasicResourcePool@45ca843 config: [start -> 5; min -> 5; max -> 75; inc -> 3; num_acq_attempts -> 30; acq_attempt_delay -> 1000; check_idle_resources_delay -> 10000; mox_resource_age -> 0; max_idle_time -> 3600000; excess_max_idle_time -> 0; destroy_unreturned_resc_time -> 0; expiration_enforcement_delay -> 900000; break_on_acquisition_failure -> false; debug_store_checkout_exceptions -> false]
16:53:29.657 [main] DEBUG c.m.v.c.i.C3P0PooledConnectionPoolManager - Created new pool for auth, username (masked): 'ro******'.
16:53:29.657 [main] DEBUG c.m.v.resourcepool.BasicResourcePool - acquire test -- pool size: 0; target_pool_size: 5; desired target? 1
16:53:29.658 [main] DEBUG c.m.v.resourcepool.BasicResourcePool - awaitAvailable(): [unknown]
16:53:29.658 [main] DEBUG c.m.v.resourcepool.BasicResourcePool - trace com.mchange.v2.resourcepool.BasicResourcePool@45ca843 [managed: 0, unused: 0, excluded: 0]
16:53:30.507 [C3P0PooledConnectionPoolManager[identityToken->z8kfsx9q1mx42su1v0syda|69453e37]-HelperThread-#2] DEBUG c.m.v.c3p0.stmt.GooGooStatementCache - checkinAll(): com.mchange.v2.c3p0.stmt.GlobalMaxOnlyStatementCache stats -- total size: 0; checked out: 0; num connections: 0; num keys: 0
16:53:30.508 [C3P0PooledConnectionPoolManager[identityToken->z8kfsx9q1mx42su1v0syda|69453e37]-HelperThread-#0] DEBUG c.m.v.c3p0.stmt.GooGooStatementCache - checkinAll(): com.mchange.v2.c3p0.stmt.GlobalMaxOnlyStatementCache stats -- total size: 0; checked out: 0; num connections: 0; num keys: 0
16:53:30.508 [C3P0PooledConnectionPoolManager[identityToken->z8kfsx9q1mx42su1v0syda|69453e37]-HelperThread-#1] DEBUG c.m.v.c3p0.stmt.GooGooStatementCache - checkinAll(): com.mchange.v2.c3p0.stmt.GlobalMaxOnlyStatementCache stats -- total size: 0; checked out: 0; num connections: 0; num keys: 0
16:53:30.508 [C3P0PooledConnectionPoolManager[identityToken->z8kfsx9q1mx42su1v0syda|69453e37]-HelperThread-#1] DEBUG c.m.v.c.i.C3P0PooledConnectionPool - com.mchange.v2.c3p0.impl.C3P0PooledConnectionPool$1PooledConnectionResourcePoolManager@573de7df.acquireResource() returning. 
16:53:30.508 [C3P0PooledConnectionPoolManager[identityToken->z8kfsx9q1mx42su1v0syda|69453e37]-HelperThread-#2] DEBUG c.m.v.c.i.C3P0PooledConnectionPool - com.mchange.v2.c3p0.impl.C3P0PooledConnectionPool$1PooledConnectionResourcePoolManager@573de7df.acquireResource() returning. 
16:53:30.509 [C3P0PooledConnectionPoolManager[identityToken->z8kfsx9q1mx42su1v0syda|69453e37]-HelperThread-#0] DEBUG c.m.v.c.i.C3P0PooledConnectionPool - com.mchange.v2.c3p0.impl.C3P0PooledConnectionPool$1PooledConnectionResourcePoolManager@573de7df.acquireResource() returning. 
16:53:30.509 [C3P0PooledConnectionPoolManager[identityToken->z8kfsx9q1mx42su1v0syda|69453e37]-HelperThread-#1] DEBUG c.m.v.resourcepool.BasicResourcePool - trace com.mchange.v2.resourcepool.BasicResourcePool@45ca843 [managed: 1, unused: 1, excluded: 0]
16:53:30.510 [C3P0PooledConnectionPoolManager[identityToken->z8kfsx9q1mx42su1v0syda|69453e37]-HelperThread-#1] DEBUG c.m.v.resourcepool.BasicResourcePool - decremented pending_acquires: 4
16:53:30.510 [C3P0PooledConnectionPoolManager[identityToken->z8kfsx9q1mx42su1v0syda|69453e37]-HelperThread-#1] DEBUG c.m.v.resourcepool.BasicResourcePool - Acquisition series terminated successfully. Decremented pending_acquires [4],  attempts_remaining: 30
16:53:30.512 [C3P0PooledConnectionPoolManager[identityToken->z8kfsx9q1mx42su1v0syda|69453e37]-HelperThread-#0] DEBUG c.m.v.resourcepool.BasicResourcePool - trace com.mchange.v2.resourcepool.BasicResourcePool@45ca843 [managed: 2, unused: 2, excluded: 0] (e.g. com.mchange.v2.c3p0.impl.NewPooledConnection@3f68ac68)
16:53:30.512 [C3P0PooledConnectionPoolManager[identityToken->z8kfsx9q1mx42su1v0syda|69453e37]-HelperThread-#0] DEBUG c.m.v.resourcepool.BasicResourcePool - decremented pending_acquires: 3
16:53:30.512 [main] DEBUG c.m.v.c.i.C3P0PooledConnectionPool - Testing PooledConnection [com.mchange.v2.c3p0.impl.NewPooledConnection@6323cb31] on CHECKOUT.
16:53:30.513 [C3P0PooledConnectionPoolManager[identityToken->z8kfsx9q1mx42su1v0syda|69453e37]-HelperThread-#2] DEBUG c.m.v.resourcepool.BasicResourcePool - trace com.mchange.v2.resourcepool.BasicResourcePool@45ca843 [managed: 3, unused: 2, excluded: 0] (e.g. com.mchange.v2.c3p0.impl.NewPooledConnection@3f68ac68)
16:53:30.513 [C3P0PooledConnectionPoolManager[identityToken->z8kfsx9q1mx42su1v0syda|69453e37]-HelperThread-#2] DEBUG c.m.v.resourcepool.BasicResourcePool - decremented pending_acquires: 2
16:53:30.513 [C3P0PooledConnectionPoolManager[identityToken->z8kfsx9q1mx42su1v0syda|69453e37]-HelperThread-#2] DEBUG c.m.v.resourcepool.BasicResourcePool - Acquisition series terminated successfully. Decremented pending_acquires [2],  attempts_remaining: 30
16:53:30.543 [C3P0PooledConnectionPoolManager[identityToken->z8kfsx9q1mx42su1v0syda|69453e37]-HelperThread-#0] DEBUG c.m.v.resourcepool.BasicResourcePool - Acquisition series terminated successfully. Decremented pending_acquires [2],  attempts_remaining: 30
16:53:30.560 [main] DEBUG c.m.v.c3p0.stmt.GooGooStatementCache - checkinAll(): com.mchange.v2.c3p0.stmt.GlobalMaxOnlyStatementCache stats -- total size: 0; checked out: 0; num connections: 0; num keys: 0
16:53:30.561 [main] DEBUG c.m.v.c.i.C3P0PooledConnectionPool - Test of PooledConnection [com.mchange.v2.c3p0.impl.NewPooledConnection@6323cb31] on CHECKOUT has SUCCEEDED.
16:53:30.561 [main] DEBUG c.m.v.resourcepool.BasicResourcePool - trace com.mchange.v2.resourcepool.BasicResourcePool@45ca843 [managed: 3, unused: 2, excluded: 0] (e.g. com.mchange.v2.c3p0.impl.NewPooledConnection@3f68ac68)
16:53:30.577 [main] DEBUG o.h.e.jdbc.internal.JdbcServicesImpl - Database ->
       name : MySQL
    version : 5.7.19
      major : 5
      minor : 7
16:53:30.578 [main] DEBUG o.h.e.jdbc.internal.JdbcServicesImpl - Driver ->
       name : MySQL Connector Java
    version : mysql-connector-java-5.1.43 ( Revision: 1d14b699eff3e6112aaedb1cbe5a151ab81f98f1 )
      major : 5
      minor : 1
16:53:30.579 [main] DEBUG o.h.e.jdbc.internal.JdbcServicesImpl - JDBC version : 4.0
16:53:30.582 [main] DEBUG o.h.e.j.c.i.StandardRefCursorSupport - Unexpected error trying to gauge level of JDBC REF_CURSOR support : null
16:53:30.671 [main] INFO  org.hibernate.dialect.Dialect - HHH000400: Using dialect: org.hibernate.dialect.MySQLDialect
16:53:30.690 [main] INFO  o.h.e.j.internal.LobCreatorBuilder - HHH000424: Disabling contextual LOB creation as createClob() method threw error : java.lang.reflect.InvocationTargetException
16:53:30.690 [main] DEBUG c.m.v.c3p0.stmt.GooGooStatementCache - checkinAll(): com.mchange.v2.c3p0.stmt.GlobalMaxOnlyStatementCache stats -- total size: 0; checked out: 0; num connections: 0; num keys: 0
16:53:30.693 [main] DEBUG c.m.v.a.ThreadPoolAsynchronousRunner - com.mchange.v2.async.ThreadPoolAsynchronousRunner@568ff82: Adding task to queue -- com.mchange.v2.resourcepool.BasicResourcePool$1RefurbishCheckinResourceTask@1a4013
16:53:30.693 [main] DEBUG c.m.v.resourcepool.BasicResourcePool - trace com.mchange.v2.resourcepool.BasicResourcePool@45ca843 [managed: 3, unused: 2, excluded: 0] (e.g. com.mchange.v2.c3p0.impl.NewPooledConnection@3f68ac68)
16:53:30.693 [C3P0PooledConnectionPoolManager[identityToken->z8kfsx9q1mx42su1v0syda|69453e37]-HelperThread-#0] DEBUG c.m.v.c3p0.stmt.GooGooStatementCache - checkinAll(): com.mchange.v2.c3p0.stmt.GlobalMaxOnlyStatementCache stats -- total size: 0; checked out: 0; num connections: 0; num keys: 0
16:53:30.718 [C3P0PooledConnectionPoolManager[identityToken->z8kfsx9q1mx42su1v0syda|69453e37]-HelperThread-#2] DEBUG c.m.v.c3p0.stmt.GooGooStatementCache - checkinAll(): com.mchange.v2.c3p0.stmt.GlobalMaxOnlyStatementCache stats -- total size: 0; checked out: 0; num connections: 0; num keys: 0
16:53:30.718 [C3P0PooledConnectionPoolManager[identityToken->z8kfsx9q1mx42su1v0syda|69453e37]-HelperThread-#2] DEBUG c.m.v.c.i.C3P0PooledConnectionPool - com.mchange.v2.c3p0.impl.C3P0PooledConnectionPool$1PooledConnectionResourcePoolManager@573de7df.acquireResource() returning. 
16:53:30.718 [C3P0PooledConnectionPoolManager[identityToken->z8kfsx9q1mx42su1v0syda|69453e37]-HelperThread-#2] DEBUG c.m.v.resourcepool.BasicResourcePool - trace com.mchange.v2.resourcepool.BasicResourcePool@45ca843 [managed: 4, unused: 4, excluded: 0] (e.g. com.mchange.v2.c3p0.impl.NewPooledConnection@3f68ac68)
16:53:30.718 [C3P0PooledConnectionPoolManager[identityToken->z8kfsx9q1mx42su1v0syda|69453e37]-HelperThread-#2] DEBUG c.m.v.resourcepool.BasicResourcePool - decremented pending_acquires: 1
16:53:30.718 [C3P0PooledConnectionPoolManager[identityToken->z8kfsx9q1mx42su1v0syda|69453e37]-HelperThread-#2] DEBUG c.m.v.resourcepool.BasicResourcePool - Acquisition series terminated successfully. Decremented pending_acquires [1],  attempts_remaining: 30
16:53:30.722 [C3P0PooledConnectionPoolManager[identityToken->z8kfsx9q1mx42su1v0syda|69453e37]-HelperThread-#1] DEBUG c.m.v.c3p0.stmt.GooGooStatementCache - checkinAll(): com.mchange.v2.c3p0.stmt.GlobalMaxOnlyStatementCache stats -- total size: 0; checked out: 0; num connections: 0; num keys: 0
16:53:30.723 [C3P0PooledConnectionPoolManager[identityToken->z8kfsx9q1mx42su1v0syda|69453e37]-HelperThread-#1] DEBUG c.m.v.c.i.C3P0PooledConnectionPool - com.mchange.v2.c3p0.impl.C3P0PooledConnectionPool$1PooledConnectionResourcePoolManager@573de7df.acquireResource() returning. 
16:53:30.723 [C3P0PooledConnectionPoolManager[identityToken->z8kfsx9q1mx42su1v0syda|69453e37]-HelperThread-#1] DEBUG c.m.v.resourcepool.BasicResourcePool - trace com.mchange.v2.resourcepool.BasicResourcePool@45ca843 [managed: 5, unused: 5, excluded: 0] (e.g. com.mchange.v2.c3p0.impl.NewPooledConnection@3f68ac68)
16:53:30.723 [C3P0PooledConnectionPoolManager[identityToken->z8kfsx9q1mx42su1v0syda|69453e37]-HelperThread-#1] DEBUG c.m.v.resourcepool.BasicResourcePool - decremented pending_acquires: 0
16:53:30.723 [C3P0PooledConnectionPoolManager[identityToken->z8kfsx9q1mx42su1v0syda|69453e37]-HelperThread-#1] DEBUG c.m.v.resourcepool.BasicResourcePool - Acquisition series terminated successfully. Decremented pending_acquires [0],  attempts_remaining: 30
16:53:30.749 [main] DEBUG org.hibernate.cfg.Configuration - Processing hbm.xml files
16:53:30.749 [main] DEBUG org.hibernate.cfg.Configuration - Process annotated classes
16:53:30.754 [main] DEBUG org.hibernate.cfg.AnnotationBinder - Binding entity from annotated class: com.fabiocompany.supermercadosdeltaplus.model.Cabeceraticket
16:53:30.781 [main] DEBUG org.hibernate.cfg.Ejb3Column - Binding column: Ejb3DiscriminatorColumn{logicalColumnName'DTYPE', discriminatorTypeName='string'}
16:53:30.783 [main] DEBUG org.hibernate.cfg.AnnotationBinder - No value specified for 'javax.persistence.sharedCache.mode'; using UNSPECIFIED
16:53:30.792 [main] DEBUG o.h.cfg.annotations.EntityBinder - Import with entity name Cabeceraticket
16:53:30.797 [main] DEBUG o.h.cfg.annotations.EntityBinder - Bind entity com.fabiocompany.supermercadosdeltaplus.model.Cabeceraticket on table cabeceraticket
16:53:30.852 [main] DEBUG org.hibernate.cfg.Ejb3Column - Binding column: Ejb3Column{table=org.hibernate.mapping.Table(cabeceraticket), mappingColumn=idticket, insertable=true, updatable=true, unique=false}
16:53:30.859 [main] DEBUG o.h.cfg.annotations.PropertyBinder - MetadataSourceProcessor property idticket with lazy=false
16:53:30.863 [main] DEBUG o.h.cfg.AbstractPropertyHolder - Attempting to locate auto-apply AttributeConverter for property [com.fabiocompany.supermercadosdeltaplus.model.Cabeceraticket:idticket]
16:53:30.865 [main] DEBUG o.h.c.annotations.SimpleValueBinder - building SimpleValue for idticket
16:53:30.869 [main] DEBUG o.h.cfg.annotations.PropertyBinder - Building property idticket
16:53:30.877 [main] DEBUG org.hibernate.cfg.Ejb3Column - Binding column: Ejb3JoinColumn{logicalColumnName='idticket', referencedColumn='', mappedBy=''}
16:53:30.878 [main] DEBUG org.hibernate.cfg.Ejb3Column - Binding column: Ejb3Column{table=org.hibernate.mapping.Table(cabeceraticket), mappingColumn=detalletickets, insertable=true, updatable=true, unique=false}
16:53:30.880 [main] DEBUG org.hibernate.cfg.Ejb3Column - Binding column: Ejb3Column{table=org.hibernate.mapping.Table(cabeceraticket), mappingColumn=idx, insertable=true, updatable=true, unique=false}
16:53:30.891 [main] DEBUG org.hibernate.cfg.Ejb3Column - Binding column: Ejb3Column{table=org.hibernate.mapping.Table(cabeceraticket), mappingColumn=element, insertable=true, updatable=true, unique=false}
16:53:30.892 [main] DEBUG org.hibernate.cfg.Ejb3Column - Binding column: Ejb3Column{table=org.hibernate.mapping.Table(cabeceraticket), mappingColumn=detalletickets_KEY, insertable=true, updatable=true, unique=false}
16:53:30.892 [main] DEBUG org.hibernate.cfg.Ejb3Column - Binding column: Ejb3JoinColumn{logicalColumnName='detalletickets_KEY', referencedColumn='null', mappedBy='null'}
16:53:30.894 [main] DEBUG org.hibernate.cfg.Ejb3Column - Binding column: Ejb3JoinColumn{logicalColumnName='null', referencedColumn='null', mappedBy=''}
16:53:30.894 [main] DEBUG org.hibernate.cfg.Ejb3Column - Binding column: Ejb3JoinColumn{logicalColumnName='null', referencedColumn='null', mappedBy=''}
16:53:30.895 [main] DEBUG o.h.cfg.annotations.CollectionBinder - Collection role: com.fabiocompany.supermercadosdeltaplus.model.Cabeceraticket.detalletickets
16:53:30.898 [main] DEBUG o.h.cfg.annotations.PropertyBinder - Building property detalletickets
16:53:30.899 [main] DEBUG org.hibernate.cfg.Ejb3Column - Binding column: Ejb3Column{table=org.hibernate.mapping.Table(cabeceraticket), mappingColumn=fecha, insertable=true, updatable=true, unique=false}
16:53:30.899 [main] DEBUG o.h.cfg.annotations.PropertyBinder - MetadataSourceProcessor property fecha with lazy=false
16:53:30.899 [main] DEBUG o.h.cfg.AbstractPropertyHolder - Attempting to locate auto-apply AttributeConverter for property [com.fabiocompany.supermercadosdeltaplus.model.Cabeceraticket:fecha]
16:53:30.899 [main] DEBUG o.h.c.annotations.SimpleValueBinder - building SimpleValue for fecha
16:53:30.900 [main] DEBUG o.h.cfg.annotations.PropertyBinder - Building property fecha
16:53:30.900 [main] DEBUG org.hibernate.cfg.Ejb3Column - Binding column: Ejb3JoinColumn{logicalColumnName='idusuario', referencedColumn='', mappedBy=''}
16:53:30.900 [main] DEBUG org.hibernate.cfg.Ejb3Column - Binding column: Ejb3Column{table=org.hibernate.mapping.Table(cabeceraticket), mappingColumn=usuario, insertable=true, updatable=true, unique=false}
16:53:30.902 [main] DEBUG o.h.cfg.annotations.PropertyBinder - Building property usuario
16:53:30.905 [main] DEBUG org.hibernate.cfg.AnnotationBinder - Binding entity from annotated class: com.fabiocompany.supermercadosdeltaplus.model.Detalleoferta
16:53:30.906 [main] DEBUG org.hibernate.cfg.Ejb3Column - Binding column: Ejb3DiscriminatorColumn{logicalColumnName'DTYPE', discriminatorTypeName='string'}
16:53:30.906 [main] DEBUG org.hibernate.cfg.AnnotationBinder - No value specified for 'javax.persistence.sharedCache.mode'; using UNSPECIFIED
16:53:30.906 [main] DEBUG o.h.cfg.annotations.EntityBinder - Import with entity name Detalleoferta
16:53:30.906 [main] DEBUG o.h.cfg.annotations.EntityBinder - Bind entity com.fabiocompany.supermercadosdeltaplus.model.Detalleoferta on table detalleoferta
16:53:30.911 [main] DEBUG org.hibernate.cfg.Ejb3Column - Binding column: Ejb3Column{table=org.hibernate.mapping.Table(detalleoferta), mappingColumn=iddetalleoferta, insertable=true, updatable=true, unique=false}
16:53:30.911 [main] DEBUG o.h.cfg.annotations.PropertyBinder - MetadataSourceProcessor property iddetalleoferta with lazy=false
16:53:30.912 [main] DEBUG o.h.cfg.AbstractPropertyHolder - Attempting to locate auto-apply AttributeConverter for property [com.fabiocompany.supermercadosdeltaplus.model.Detalleoferta:iddetalleoferta]
16:53:30.912 [main] DEBUG o.h.c.annotations.SimpleValueBinder - building SimpleValue for iddetalleoferta
16:53:30.912 [main] DEBUG o.h.cfg.annotations.PropertyBinder - Building property iddetalleoferta
16:53:30.912 [main] DEBUG org.hibernate.cfg.Ejb3Column - Binding column: Ejb3Column{table=org.hibernate.mapping.Table(detalleoferta), mappingColumn=descripciondepromocion, insertable=true, updatable=true, unique=false}
16:53:30.913 [main] DEBUG o.h.cfg.annotations.PropertyBinder - MetadataSourceProcessor property descripciondepromocion with lazy=false
16:53:30.913 [main] DEBUG o.h.cfg.AbstractPropertyHolder - Attempting to locate auto-apply AttributeConverter for property [com.fabiocompany.supermercadosdeltaplus.model.Detalleoferta:descripciondepromocion]
16:53:30.913 [main] DEBUG o.h.c.annotations.SimpleValueBinder - building SimpleValue for descripciondepromocion
16:53:30.913 [main] DEBUG o.h.cfg.annotations.PropertyBinder - Building property descripciondepromocion
16:53:30.914 [main] DEBUG org.hibernate.cfg.Ejb3Column - Binding column: Ejb3Column{table=org.hibernate.mapping.Table(detalleoferta), mappingColumn=null, insertable=true, updatable=true, unique=false}
16:53:30.914 [main] DEBUG org.hibernate.cfg.Ejb3Column - Binding column: Ejb3Column{table=org.hibernate.mapping.Table(detalleoferta), mappingColumn=element, insertable=true, updatable=true, unique=false}
16:53:30.914 [main] DEBUG org.hibernate.cfg.Ejb3Column - Binding column: Ejb3Column{table=org.hibernate.mapping.Table(detalleoferta), mappingColumn=detalletickets_KEY, insertable=true, updatable=true, unique=false}
16:53:30.914 [main] DEBUG org.hibernate.cfg.Ejb3Column - Binding column: Ejb3JoinColumn{logicalColumnName='detalletickets_KEY', referencedColumn='null', mappedBy='null'}
16:53:30.915 [main] DEBUG org.hibernate.cfg.Ejb3Column - Binding column: Ejb3JoinColumn{logicalColumnName='null', referencedColumn='null', mappedBy='detalleofertas'}
16:53:30.915 [main] DEBUG org.hibernate.cfg.Ejb3Column - Binding column: Ejb3JoinColumn{logicalColumnName='null', referencedColumn='null', mappedBy='detalleofertas'}
16:53:30.915 [main] DEBUG o.h.cfg.annotations.CollectionBinder - Collection role: com.fabiocompany.supermercadosdeltaplus.model.Detalleoferta.detalletickets
16:53:30.915 [main] DEBUG o.h.cfg.annotations.PropertyBinder - Building property detalletickets
16:53:30.916 [main] DEBUG org.hibernate.cfg.Ejb3Column - Binding column: Ejb3Column{table=org.hibernate.mapping.Table(detalleoferta), mappingColumn=montodedescuento, insertable=true, updatable=true, unique=false}
16:53:30.916 [main] DEBUG o.h.cfg.annotations.PropertyBinder - MetadataSourceProcessor property montodedescuento with lazy=false
16:53:30.917 [main] DEBUG o.h.cfg.AbstractPropertyHolder - Attempting to locate auto-apply AttributeConverter for property [com.fabiocompany.supermercadosdeltaplus.model.Detalleoferta:montodedescuento]
16:53:30.917 [main] DEBUG o.h.c.annotations.SimpleValueBinder - building SimpleValue for montodedescuento
16:53:30.917 [main] DEBUG o.h.cfg.annotations.PropertyBinder - Building property montodedescuento
16:53:30.917 [main] DEBUG org.hibernate.cfg.AnnotationBinder - Binding entity from annotated class: com.fabiocompany.supermercadosdeltaplus.model.Detalleticket
16:53:30.917 [main] DEBUG org.hibernate.cfg.Ejb3Column - Binding column: Ejb3DiscriminatorColumn{logicalColumnName'DTYPE', discriminatorTypeName='string'}
16:53:30.918 [main] DEBUG org.hibernate.cfg.AnnotationBinder - No value specified for 'javax.persistence.sharedCache.mode'; using UNSPECIFIED
16:53:30.918 [main] DEBUG o.h.cfg.annotations.EntityBinder - Import with entity name Detalleticket
16:53:30.918 [main] DEBUG o.h.cfg.annotations.EntityBinder - Bind entity com.fabiocompany.supermercadosdeltaplus.model.Detalleticket on table detalleticket
16:53:30.926 [main] DEBUG org.hibernate.cfg.Ejb3Column - Binding column: Ejb3Column{table=org.hibernate.mapping.Table(detalleticket), mappingColumn=iddetalleticket, insertable=true, updatable=true, unique=false}
16:53:30.927 [main] DEBUG o.h.cfg.annotations.PropertyBinder - MetadataSourceProcessor property iddetalleticket with lazy=false
16:53:30.927 [main] DEBUG o.h.cfg.AbstractPropertyHolder - Attempting to locate auto-apply AttributeConverter for property [com.fabiocompany.supermercadosdeltaplus.model.Detalleticket:iddetalleticket]
16:53:30.927 [main] DEBUG o.h.c.annotations.SimpleValueBinder - building SimpleValue for iddetalleticket
16:53:30.927 [main] DEBUG o.h.cfg.annotations.PropertyBinder - Building property iddetalleticket
16:53:30.928 [main] DEBUG org.hibernate.cfg.Ejb3Column - Binding column: Ejb3JoinColumn{logicalColumnName='idticket', referencedColumn='', mappedBy=''}
16:53:30.928 [main] DEBUG org.hibernate.cfg.Ejb3Column - Binding column: Ejb3Column{table=org.hibernate.mapping.Table(detalleticket), mappingColumn=cabeceraticket, insertable=true, updatable=true, unique=false}
16:53:30.928 [main] DEBUG o.h.cfg.annotations.PropertyBinder - Building property cabeceraticket
16:53:30.928 [main] DEBUG org.hibernate.cfg.Ejb3Column - Binding column: Ejb3Column{table=org.hibernate.mapping.Table(detalleticket), mappingColumn=cantidad, insertable=true, updatable=true, unique=false}
16:53:30.928 [main] DEBUG o.h.cfg.annotations.PropertyBinder - MetadataSourceProcessor property cantidad with lazy=false
16:53:30.929 [main] DEBUG o.h.cfg.AbstractPropertyHolder - Attempting to locate auto-apply AttributeConverter for property [com.fabiocompany.supermercadosdeltaplus.model.Detalleticket:cantidad]
16:53:30.929 [main] DEBUG o.h.c.annotations.SimpleValueBinder - building SimpleValue for cantidad
16:53:30.929 [main] DEBUG o.h.cfg.annotations.PropertyBinder - Building property cantidad
16:53:30.929 [main] DEBUG org.hibernate.cfg.Ejb3Column - Binding column: Ejb3Column{table=org.hibernate.mapping.Table(detalleticket), mappingColumn=cantidadporproducto, insertable=true, updatable=true, unique=false}
16:53:30.929 [main] DEBUG o.h.cfg.annotations.PropertyBinder - MetadataSourceProcessor property cantidadporproducto with lazy=false
16:53:30.929 [main] DEBUG o.h.cfg.AbstractPropertyHolder - Attempting to locate auto-apply AttributeConverter for property [com.fabiocompany.supermercadosdeltaplus.model.Detalleticket:cantidadporproducto]
16:53:30.930 [main] DEBUG o.h.c.annotations.SimpleValueBinder - building SimpleValue for cantidadporproducto
16:53:30.930 [main] DEBUG o.h.cfg.annotations.PropertyBinder - Building property cantidadporproducto
16:53:30.930 [main] DEBUG org.hibernate.cfg.Ejb3Column - Binding column: Ejb3Column{table=org.hibernate.mapping.Table(detalleticket), mappingColumn=null, insertable=true, updatable=true, unique=false}
16:53:30.930 [main] DEBUG org.hibernate.cfg.Ejb3Column - Binding column: Ejb3Column{table=org.hibernate.mapping.Table(detalleticket), mappingColumn=element, insertable=true, updatable=true, unique=false}
16:53:30.931 [main] DEBUG org.hibernate.cfg.Ejb3Column - Binding column: Ejb3Column{table=org.hibernate.mapping.Table(detalleticket), mappingColumn=detalleofertas_KEY, insertable=true, updatable=true, unique=false}
16:53:30.931 [main] DEBUG org.hibernate.cfg.Ejb3Column - Binding column: Ejb3JoinColumn{logicalColumnName='detalleofertas_KEY', referencedColumn='null', mappedBy='null'}
16:53:30.931 [main] DEBUG org.hibernate.cfg.Ejb3Column - Binding column: Ejb3JoinColumn{logicalColumnName='iddetalleticket', referencedColumn='', mappedBy=''}
16:53:30.931 [main] DEBUG org.hibernate.cfg.Ejb3Column - Binding column: Ejb3JoinColumn{logicalColumnName='iddetalleoferta', referencedColumn='', mappedBy=''}
16:53:30.931 [main] DEBUG o.h.cfg.annotations.CollectionBinder - Collection role: com.fabiocompany.supermercadosdeltaplus.model.Detalleticket.detalleofertas
16:53:30.932 [main] DEBUG o.h.cfg.annotations.PropertyBinder - Building property detalleofertas
16:53:30.932 [main] DEBUG org.hibernate.cfg.Ejb3Column - Binding column: Ejb3Column{table=org.hibernate.mapping.Table(detalleticket), mappingColumn=montodepago, insertable=true, updatable=true, unique=false}
16:53:30.932 [main] DEBUG o.h.cfg.annotations.PropertyBinder - MetadataSourceProcessor property montodepago with lazy=false
16:53:30.933 [main] DEBUG o.h.cfg.AbstractPropertyHolder - Attempting to locate auto-apply AttributeConverter for property [com.fabiocompany.supermercadosdeltaplus.model.Detalleticket:montodepago]
16:53:30.933 [main] DEBUG o.h.c.annotations.SimpleValueBinder - building SimpleValue for montodepago
16:53:30.933 [main] DEBUG o.h.cfg.annotations.PropertyBinder - Building property montodepago
16:53:30.933 [main] DEBUG org.hibernate.cfg.Ejb3Column - Binding column: Ejb3Column{table=org.hibernate.mapping.Table(detalleticket), mappingColumn=null, insertable=true, updatable=true, unique=false}
16:53:30.934 [main] DEBUG org.hibernate.cfg.Ejb3Column - Binding column: Ejb3Column{table=org.hibernate.mapping.Table(detalleticket), mappingColumn=element, insertable=true, updatable=true, unique=false}
16:53:30.934 [main] DEBUG org.hibernate.cfg.Ejb3Column - Binding column: Ejb3Column{table=org.hibernate.mapping.Table(detalleticket), mappingColumn=productos_KEY, insertable=true, updatable=true, unique=false}
16:53:30.934 [main] DEBUG org.hibernate.cfg.Ejb3Column - Binding column: Ejb3JoinColumn{logicalColumnName='productos_KEY', referencedColumn='null', mappedBy='null'}
16:53:30.934 [main] DEBUG org.hibernate.cfg.Ejb3Column - Binding column: Ejb3JoinColumn{logicalColumnName='iddetalleticket', referencedColumn='', mappedBy=''}
16:53:30.934 [main] DEBUG org.hibernate.cfg.Ejb3Column - Binding column: Ejb3JoinColumn{logicalColumnName='idproducto', referencedColumn='', mappedBy=''}
16:53:30.934 [main] DEBUG o.h.cfg.annotations.CollectionBinder - Collection role: com.fabiocompany.supermercadosdeltaplus.model.Detalleticket.productos
16:53:30.934 [main] DEBUG o.h.cfg.annotations.PropertyBinder - Building property productos
16:53:30.935 [main] DEBUG org.hibernate.cfg.Ejb3Column - Binding column: Ejb3Column{table=org.hibernate.mapping.Table(detalleticket), mappingColumn=subtotal, insertable=true, updatable=true, unique=false}
16:53:30.935 [main] DEBUG o.h.cfg.annotations.PropertyBinder - MetadataSourceProcessor property subtotal with lazy=false
16:53:30.935 [main] DEBUG o.h.cfg.AbstractPropertyHolder - Attempting to locate auto-apply AttributeConverter for property [com.fabiocompany.supermercadosdeltaplus.model.Detalleticket:subtotal]
16:53:30.935 [main] DEBUG o.h.c.annotations.SimpleValueBinder - building SimpleValue for subtotal
16:53:30.935 [main] DEBUG o.h.cfg.annotations.PropertyBinder - Building property subtotal
16:53:30.935 [main] DEBUG org.hibernate.cfg.Ejb3Column - Binding column: Ejb3JoinColumn{logicalColumnName='idtipodepago', referencedColumn='', mappedBy=''}
16:53:30.936 [main] DEBUG org.hibernate.cfg.Ejb3Column - Binding column: Ejb3Column{table=org.hibernate.mapping.Table(detalleticket), mappingColumn=tipodepago, insertable=true, updatable=true, unique=false}
16:53:30.936 [main] DEBUG o.h.cfg.annotations.PropertyBinder - Building property tipodepago
16:53:30.936 [main] DEBUG org.hibernate.cfg.Ejb3Column - Binding column: Ejb3Column{table=org.hibernate.mapping.Table(detalleticket), mappingColumn=total, insertable=true, updatable=true, unique=false}
16:53:30.936 [main] DEBUG o.h.cfg.annotations.PropertyBinder - MetadataSourceProcessor property total with lazy=false
16:53:30.936 [main] DEBUG o.h.cfg.AbstractPropertyHolder - Attempting to locate auto-apply AttributeConverter for property [com.fabiocompany.supermercadosdeltaplus.model.Detalleticket:total]
16:53:30.937 [main] DEBUG o.h.c.annotations.SimpleValueBinder - building SimpleValue for total
16:53:30.937 [main] DEBUG o.h.cfg.annotations.PropertyBinder - Building property total
16:53:30.937 [main] DEBUG org.hibernate.cfg.AnnotationBinder - Binding entity from annotated class: com.fabiocompany.supermercadosdeltaplus.model.Personausuario
16:53:30.937 [main] DEBUG org.hibernate.cfg.Ejb3Column - Binding column: Ejb3DiscriminatorColumn{logicalColumnName'DTYPE', discriminatorTypeName='string'}
16:53:30.937 [main] DEBUG org.hibernate.cfg.AnnotationBinder - No value specified for 'javax.persistence.sharedCache.mode'; using UNSPECIFIED
16:53:30.937 [main] DEBUG o.h.cfg.annotations.EntityBinder - Import with entity name Personausuario
16:53:30.937 [main] DEBUG o.h.cfg.annotations.EntityBinder - Bind entity com.fabiocompany.supermercadosdeltaplus.model.Personausuario on table personausuario
16:53:30.940 [main] DEBUG org.hibernate.cfg.Ejb3Column - Binding column: Ejb3Column{table=org.hibernate.mapping.Table(personausuario), mappingColumn=idpersonausuario, insertable=true, updatable=true, unique=false}
16:53:30.941 [main] DEBUG o.h.cfg.annotations.PropertyBinder - MetadataSourceProcessor property idpersonausuario with lazy=false
16:53:30.941 [main] DEBUG o.h.cfg.AbstractPropertyHolder - Attempting to locate auto-apply AttributeConverter for property [com.fabiocompany.supermercadosdeltaplus.model.Personausuario:idpersonausuario]
16:53:30.941 [main] DEBUG o.h.c.annotations.SimpleValueBinder - building SimpleValue for idpersonausuario
16:53:30.941 [main] DEBUG o.h.cfg.annotations.PropertyBinder - Building property idpersonausuario
16:53:30.941 [main] DEBUG org.hibernate.cfg.Ejb3Column - Binding column: Ejb3Column{table=org.hibernate.mapping.Table(personausuario), mappingColumn=correo, insertable=true, updatable=true, unique=false}
16:53:30.941 [main] DEBUG o.h.cfg.annotations.PropertyBinder - MetadataSourceProcessor property correo with lazy=false
16:53:30.941 [main] DEBUG o.h.cfg.AbstractPropertyHolder - Attempting to locate auto-apply AttributeConverter for property [com.fabiocompany.supermercadosdeltaplus.model.Personausuario:correo]
16:53:30.942 [main] DEBUG o.h.c.annotations.SimpleValueBinder - building SimpleValue for correo
16:53:30.942 [main] DEBUG o.h.cfg.annotations.PropertyBinder - Building property correo
16:53:30.942 [main] DEBUG org.hibernate.cfg.Ejb3Column - Binding column: Ejb3Column{table=org.hibernate.mapping.Table(personausuario), mappingColumn=dnipersonausuario, insertable=true, updatable=true, unique=false}
16:53:30.942 [main] DEBUG o.h.cfg.annotations.PropertyBinder - MetadataSourceProcessor property dnipersonausuario with lazy=false
16:53:30.942 [main] DEBUG o.h.cfg.AbstractPropertyHolder - Attempting to locate auto-apply AttributeConverter for property [com.fabiocompany.supermercadosdeltaplus.model.Personausuario:dnipersonausuario]
16:53:30.942 [main] DEBUG o.h.c.annotations.SimpleValueBinder - building SimpleValue for dnipersonausuario
16:53:30.942 [main] DEBUG o.h.cfg.annotations.PropertyBinder - Building property dnipersonausuario
16:53:30.942 [main] DEBUG org.hibernate.cfg.Ejb3Column - Binding column: Ejb3Column{table=org.hibernate.mapping.Table(personausuario), mappingColumn=nombrepersonausuario, insertable=true, updatable=true, unique=false}
16:53:30.942 [main] DEBUG o.h.cfg.annotations.PropertyBinder - MetadataSourceProcessor property nombrepersonausuario with lazy=false
16:53:30.942 [main] DEBUG o.h.cfg.AbstractPropertyHolder - Attempting to locate auto-apply AttributeConverter for property [com.fabiocompany.supermercadosdeltaplus.model.Personausuario:nombrepersonausuario]
16:53:30.943 [main] DEBUG o.h.c.annotations.SimpleValueBinder - building SimpleValue for nombrepersonausuario
16:53:30.943 [main] DEBUG o.h.cfg.annotations.PropertyBinder - Building property nombrepersonausuario
16:53:30.943 [main] DEBUG org.hibernate.cfg.Ejb3Column - Binding column: Ejb3Column{table=org.hibernate.mapping.Table(personausuario), mappingColumn=numerodetelefono, insertable=true, updatable=true, unique=false}
16:53:30.943 [main] DEBUG o.h.cfg.annotations.PropertyBinder - MetadataSourceProcessor property numerodetelefono with lazy=false
16:53:30.943 [main] DEBUG o.h.cfg.AbstractPropertyHolder - Attempting to locate auto-apply AttributeConverter for property [com.fabiocompany.supermercadosdeltaplus.model.Personausuario:numerodetelefono]
16:53:30.944 [main] DEBUG o.h.c.annotations.SimpleValueBinder - building SimpleValue for numerodetelefono
16:53:30.944 [main] DEBUG o.h.cfg.annotations.PropertyBinder - Building property numerodetelefono
[...]
16:53:32.142 [main] DEBUG org.hibernate.engine.spi.ActionQueue - Executing identity-insert immediately
16:53:32.143 [main] DEBUG org.hibernate.SQL - 
    insert 
    into
        cabeceraticket
        (fecha, idusuario) 
    values
        (?, ?)
Hibernate: 
    insert 
    into
        cabeceraticket
        (fecha, idusuario) 
    values
        (?, ?)
16:53:32.143 [main] DEBUG c.m.v.a.ThreadPoolAsynchronousRunner - com.mchange.v2.async.ThreadPoolAsynchronousRunner@568ff82: Adding task to queue -- com.mchange.v2.c3p0.stmt.GooGooStatementCache$1StmtAcquireTask@4816c290
16:53:32.144 [main] DEBUG c.m.v.c3p0.stmt.GooGooStatementCache - cxnStmtMgr.statementSet( com.mysql.jdbc.JDBC4Connection@7097f609 ).size(): 3
16:53:32.144 [main] DEBUG c.m.v.c3p0.stmt.GooGooStatementCache - checkoutStatement: com.mchange.v2.c3p0.stmt.GlobalMaxOnlyStatementCache stats -- total size: 3; checked out: 1; num connections: 1; num keys: 3
16:53:32.184 [main] DEBUG o.h.id.IdentifierGeneratorHelper - Natively generated identity: 6
16:53:32.185 [main] DEBUG c.m.v.c3p0.stmt.GooGooStatementCache - checkinStatement(): com.mchange.v2.c3p0.stmt.GlobalMaxOnlyStatementCache stats -- total size: 3; checked out: 0; num connections: 1; num keys: 3
16:53:32.187 [main] DEBUG org.hibernate.engine.spi.ActionQueue - Executing identity-insert immediately
16:53:32.188 [main] DEBUG org.hibernate.SQL - 
    insert 
    into
        detalleticket
        (idticket, cantidad, cantidadporproducto, montodepago, subtotal, idtipodepago, total) 
    values
        (?, ?, ?, ?, ?, ?, ?)
Hibernate: 
    insert 
    into
        detalleticket
        (idticket, cantidad, cantidadporproducto, montodepago, subtotal, idtipodepago, total) 
    values
        (?, ?, ?, ?, ?, ?, ?)
16:53:32.188 [main] DEBUG c.m.v.a.ThreadPoolAsynchronousRunner - com.mchange.v2.async.ThreadPoolAsynchronousRunner@568ff82: Adding task to queue -- com.mchange.v2.c3p0.stmt.GooGooStatementCache$1StmtAcquireTask@2a76b80a
16:53:32.190 [main] DEBUG c.m.v.c3p0.stmt.GooGooStatementCache - cxnStmtMgr.statementSet( com.mysql.jdbc.JDBC4Connection@7097f609 ).size(): 4
16:53:32.190 [main] DEBUG c.m.v.c3p0.stmt.GooGooStatementCache - checkoutStatement: com.mchange.v2.c3p0.stmt.GlobalMaxOnlyStatementCache stats -- total size: 4; checked out: 1; num connections: 1; num keys: 4
16:53:32.267 [main] DEBUG o.h.id.IdentifierGeneratorHelper - Natively generated identity: 6
16:53:32.268 [main] DEBUG c.m.v.c3p0.stmt.GooGooStatementCache - checkinStatement(): com.mchange.v2.c3p0.stmt.GlobalMaxOnlyStatementCache stats -- total size: 4; checked out: 0; num connections: 1; num keys: 4
16:53:32.269 [main] DEBUG org.hibernate.engine.spi.ActionQueue - Executing identity-insert immediately
16:53:32.269 [main] DEBUG org.hibernate.SQL - 
    insert 
    into
        detalleoferta
        (descripciondepromocion, montodedescuento) 
    values
        (?, ?)
Hibernate: 
    insert 
    into
        detalleoferta
        (descripciondepromocion, montodedescuento) 
    values
        (?, ?)
16:53:32.269 [main] DEBUG c.m.v.a.ThreadPoolAsynchronousRunner - com.mchange.v2.async.ThreadPoolAsynchronousRunner@568ff82: Adding task to queue -- com.mchange.v2.c3p0.stmt.GooGooStatementCache$1StmtAcquireTask@2e5c7f0b
16:53:32.270 [main] DEBUG c.m.v.c3p0.stmt.GooGooStatementCache - cxnStmtMgr.statementSet( com.mysql.jdbc.JDBC4Connection@7097f609 ).size(): 5
16:53:32.270 [main] DEBUG c.m.v.c3p0.stmt.GooGooStatementCache - checkoutStatement: com.mchange.v2.c3p0.stmt.GlobalMaxOnlyStatementCache stats -- total size: 5; checked out: 1; num connections: 1; num keys: 5
16:53:32.271 [main] DEBUG o.h.id.IdentifierGeneratorHelper - Natively generated identity: 6
16:53:32.272 [main] DEBUG c.m.v.c3p0.stmt.GooGooStatementCache - checkinStatement(): com.mchange.v2.c3p0.stmt.GlobalMaxOnlyStatementCache stats -- total size: 5; checked out: 0; num connections: 1; num keys: 5
16:53:32.276 [main] DEBUG o.h.e.t.spi.AbstractTransactionImpl - committing
16:53:32.276 [main] DEBUG o.h.e.i.AbstractFlushingEventListener - Processing flush-time cascades
16:53:32.277 [main] DEBUG o.h.e.i.AbstractFlushingEventListener - Dirty checking collections
16:53:32.278 [main] DEBUG o.h.engine.internal.Collections - Collection found: [com.fabiocompany.supermercadosdeltaplus.model.Cabeceraticket.detalletickets#6], was: [<unreferenced>] (initialized)
16:53:32.278 [main] DEBUG o.h.e.t.spi.AbstractTransactionImpl - rolling back
16:53:32.400 [main] DEBUG o.h.e.t.i.jdbc.JdbcTransaction - rolled JDBC Connection
16:53:32.413 [main] ERROR c.f.s.p.dao.hibernate.GenericDAO - object references an unsaved transient instance - save the transient instance before flushing: com.fabiocompany.supermercadosdeltaplus.model.Tipodepago
org.hibernate.TransientObjectException: object references an unsaved transient instance - save the transient instance before flushing: com.fabiocompany.supermercadosdeltaplus.model.Tipodepago
	at org.hibernate.engine.internal.ForeignKeys.getEntityIdentifierIfNotUnsaved(ForeignKeys.java:294) ~[hibernate-core-4.3.11.Final.jar:4.3.11.Final]
	at org.hibernate.type.EntityType.getIdentifier(EntityType.java:537) ~[hibernate-core-4.3.11.Final.jar:4.3.11.Final]
	at org.hibernate.type.ManyToOneType.isDirty(ManyToOneType.java:311) ~[hibernate-core-4.3.11.Final.jar:4.3.11.Final]
	at org.hibernate.type.ManyToOneType.isDirty(ManyToOneType.java:321) ~[hibernate-core-4.3.11.Final.jar:4.3.11.Final]
	at org.hibernate.type.TypeHelper.findDirty(TypeHelper.java:310) ~[hibernate-core-4.3.11.Final.jar:4.3.11.Final]
	at org.hibernate.persister.entity.AbstractEntityPersister.findDirty(AbstractEntityPersister.java:4243) ~[hibernate-core-4.3.11.Final.jar:4.3.11.Final]
	at org.hibernate.event.internal.DefaultFlushEntityEventListener.dirtyCheck(DefaultFlushEntityEventListener.java:546) ~[hibernate-core-4.3.11.Final.jar:4.3.11.Final]
	at org.hibernate.event.internal.DefaultFlushEntityEventListener.isUpdateNecessary(DefaultFlushEntityEventListener.java:232) ~[hibernate-core-4.3.11.Final.jar:4.3.11.Final]
	at org.hibernate.event.internal.DefaultFlushEntityEventListener.onFlushEntity(DefaultFlushEntityEventListener.java:159) ~[hibernate-core-4.3.11.Final.jar:4.3.11.Final]
	at org.hibernate.event.internal.AbstractFlushingEventListener.flushEntities(AbstractFlushingEventListener.java:231) ~[hibernate-core-4.3.11.Final.jar:4.3.11.Final]
	at org.hibernate.event.internal.AbstractFlushingEventListener.flushEverythingToExecutions(AbstractFlushingEventListener.java:102) ~[hibernate-core-4.3.11.Final.jar:4.3.11.Final]
	at org.hibernate.event.internal.DefaultFlushEventListener.onFlush(DefaultFlushEventListener.java:55) ~[hibernate-core-4.3.11.Final.jar:4.3.11.Final]
	at org.hibernate.internal.SessionImpl.flush(SessionImpl.java:1258) ~[hibernate-core-4.3.11.Final.jar:4.3.11.Final]
	at org.hibernate.internal.SessionImpl.managedFlush(SessionImpl.java:425) ~[hibernate-core-4.3.11.Final.jar:4.3.11.Final]
	at org.hibernate.engine.transaction.internal.jdbc.JdbcTransaction.beforeTransactionCommit(JdbcTransaction.java:101) ~[hibernate-core-4.3.11.Final.jar:4.3.11.Final]
	at org.hibernate.engine.transaction.spi.AbstractTransactionImpl.commit(AbstractTransactionImpl.java:177) ~[hibernate-core-4.3.11.Final.jar:4.3.11.Final]
	at com.fabiocompany.supermercadosdeltaplus.persistence.dao.hibernate.GenericDAO.saveOrUpdate(GenericDAO.java:159) ~[classes/:na]
	at com.fabiocompany.supermercadosdeltaplus.service.impl.GenericService.saveOrUpdate(GenericService.java:74) [classes/:na]
	at com.fabiocompany.supermercadosdeltaplus.test.SupermercadosDeltaPlusTest.guardarUsuario(SupermercadosDeltaPlusTest.java:136) [test-classes/:na]
	at sun.reflect.NativeMethodAccessorImpl.invoke0(Native Method) ~[na:1.8.0_131]
	at sun.reflect.NativeMethodAccessorImpl.invoke(NativeMethodAccessorImpl.java:62) ~[na:1.8.0_131]
	at sun.reflect.DelegatingMethodAccessorImpl.invoke(DelegatingMethodAccessorImpl.java:43) ~[na:1.8.0_131]
	at java.lang.reflect.Method.invoke(Method.java:498) ~[na:1.8.0_131]
	at org.junit.runners.model.FrameworkMethod$1.runReflectiveCall(FrameworkMethod.java:50) [junit-4.12.jar:4.12]
	at org.junit.internal.runners.model.ReflectiveCallable.run(ReflectiveCallable.java:12) [junit-4.12.jar:4.12]
	at org.junit.runners.model.FrameworkMethod.invokeExplosively(FrameworkMethod.java:47) [junit-4.12.jar:4.12]
	at org.junit.internal.runners.statements.InvokeMethod.evaluate(InvokeMethod.java:17) [junit-4.12.jar:4.12]
	at org.junit.runners.ParentRunner.runLeaf(ParentRunner.java:325) [junit-4.12.jar:4.12]
	at org.junit.runners.BlockJUnit4ClassRunner.runChild(BlockJUnit4ClassRunner.java:78) [junit-4.12.jar:4.12]
	at org.junit.runners.BlockJUnit4ClassRunner.runChild(BlockJUnit4ClassRunner.java:57) [junit-4.12.jar:4.12]
	at org.junit.runners.ParentRunner$3.run(ParentRunner.java:290) [junit-4.12.jar:4.12]
	at org.junit.runners.ParentRunner$1.schedule(ParentRunner.java:71) [junit-4.12.jar:4.12]
	at org.junit.runners.ParentRunner.runChildren(ParentRunner.java:288) [junit-4.12.jar:4.12]
	at org.junit.runners.ParentRunner.access$000(ParentRunner.java:58) [junit-4.12.jar:4.12]
	at org.junit.runners.ParentRunner$2.evaluate(ParentRunner.java:268) [junit-4.12.jar:4.12]
	at org.junit.runners.ParentRunner.run(ParentRunner.java:363) [junit-4.12.jar:4.12]
	at org.apache.maven.surefire.junit4.JUnit4Provider.execute(JUnit4Provider.java:283) [surefire-junit4-2.18.1.jar:2.18.1]
	at org.apache.maven.surefire.junit4.JUnit4Provider.executeWithRerun(JUnit4Provider.java:173) [surefire-junit4-2.18.1.jar:2.18.1]
	at org.apache.maven.surefire.junit4.JUnit4Provider.executeTestSet(JUnit4Provider.java:153) [surefire-junit4-2.18.1.jar:2.18.1]
	at org.apache.maven.surefire.junit4.JUnit4Provider.invoke(JUnit4Provider.java:128) [surefire-junit4-2.18.1.jar:2.18.1]
	at org.apache.maven.surefire.booter.ForkedBooter.invokeProviderInSameClassLoader(ForkedBooter.java:203) [surefire-booter-2.18.1.jar:2.18.1]
	at org.apache.maven.surefire.booter.ForkedBooter.runSuitesInProcess(ForkedBooter.java:155) [surefire-booter-2.18.1.jar:2.18.1]
	at org.apache.maven.surefire.booter.ForkedBooter.main(ForkedBooter.java:103) [surefire-booter-2.18.1.jar:2.18.1]
16:53:32.416 [main] DEBUG o.h.e.j.i.LogicalConnectionImpl - Releasing JDBC connection
16:53:32.416 [main] DEBUG c.m.v.c3p0.stmt.GooGooStatementCache - checkinAll(): com.mchange.v2.c3p0.stmt.GlobalMaxOnlyStatementCache stats -- total size: 5; checked out: 0; num connections: 1; num keys: 5
16:53:32.418 [main] DEBUG c.m.v.a.ThreadPoolAsynchronousRunner - com.mchange.v2.async.ThreadPoolAsynchronousRunner@568ff82: Adding task to queue -- com.mchange.v2.resourcepool.BasicResourcePool$1RefurbishCheckinResourceTask@4152d38d
16:53:32.418 [main] DEBUG c.m.v.resourcepool.BasicResourcePool - trace com.mchange.v2.resourcepool.BasicResourcePool@45ca843 [managed: 5, unused: 4, excluded: 0] (e.g. com.mchange.v2.c3p0.impl.NewPooledConnection@3f68ac68)
16:53:32.418 [main] DEBUG o.h.e.j.i.LogicalConnectionImpl - Released JDBC connection
16:53:32.418 [C3P0PooledConnectionPoolManager[identityToken->z8kfsx9q1mx42su1v0syda|69453e37]-HelperThread-#0] DEBUG c.m.v.c3p0.stmt.GooGooStatementCache - checkinAll(): com.mchange.v2.c3p0.stmt.GlobalMaxOnlyStatementCache stats -- total size: 5; checked out: 0; num connections: 1; num keys: 5
16:53:32.421 [main] ERROR c.f.s.service.impl.GenericService - object references an unsaved transient instance - save the transient instance before flushing: com.fabiocompany.supermercadosdeltaplus.model.Tipodepago
com.fabiocompany.supermercadosdeltaplus.persistence.exception.PersistenceException: object references an unsaved transient instance - save the transient instance before flushing: com.fabiocompany.supermercadosdeltaplus.model.Tipodepago
	at com.fabiocompany.supermercadosdeltaplus.persistence.dao.hibernate.GenericDAO.saveOrUpdate(GenericDAO.java:163) ~[classes/:na]
	at com.fabiocompany.supermercadosdeltaplus.service.impl.GenericService.saveOrUpdate(GenericService.java:74) ~[classes/:na]
	at com.fabiocompany.supermercadosdeltaplus.test.SupermercadosDeltaPlusTest.guardarUsuario(SupermercadosDeltaPlusTest.java:136) [test-classes/:na]
	at sun.reflect.NativeMethodAccessorImpl.invoke0(Native Method) ~[na:1.8.0_131]
	at sun.reflect.NativeMethodAccessorImpl.invoke(NativeMethodAccessorImpl.java:62) ~[na:1.8.0_131]
	at sun.reflect.DelegatingMethodAccessorImpl.invoke(DelegatingMethodAccessorImpl.java:43) ~[na:1.8.0_131]
	at java.lang.reflect.Method.invoke(Method.java:498) ~[na:1.8.0_131]
	at org.junit.runners.model.FrameworkMethod$1.runReflectiveCall(FrameworkMethod.java:50) [junit-4.12.jar:4.12]
	at org.junit.internal.runners.model.ReflectiveCallable.run(ReflectiveCallable.java:12) [junit-4.12.jar:4.12]
	at org.junit.runners.model.FrameworkMethod.invokeExplosively(FrameworkMethod.java:47) [junit-4.12.jar:4.12]
	at org.junit.internal.runners.statements.InvokeMethod.evaluate(InvokeMethod.java:17) [junit-4.12.jar:4.12]
	at org.junit.runners.ParentRunner.runLeaf(ParentRunner.java:325) [junit-4.12.jar:4.12]
	at org.junit.runners.BlockJUnit4ClassRunner.runChild(BlockJUnit4ClassRunner.java:78) [junit-4.12.jar:4.12]
	at org.junit.runners.BlockJUnit4ClassRunner.runChild(BlockJUnit4ClassRunner.java:57) [junit-4.12.jar:4.12]
	at org.junit.runners.ParentRunner$3.run(ParentRunner.java:290) [junit-4.12.jar:4.12]
	at org.junit.runners.ParentRunner$1.schedule(ParentRunner.java:71) [junit-4.12.jar:4.12]
	at org.junit.runners.ParentRunner.runChildren(ParentRunner.java:288) [junit-4.12.jar:4.12]
	at org.junit.runners.ParentRunner.access$000(ParentRunner.java:58) [junit-4.12.jar:4.12]
	at org.junit.runners.ParentRunner$2.evaluate(ParentRunner.java:268) [junit-4.12.jar:4.12]
	at org.junit.runners.ParentRunner.run(ParentRunner.java:363) [junit-4.12.jar:4.12]
	at org.apache.maven.surefire.junit4.JUnit4Provider.execute(JUnit4Provider.java:283) [surefire-junit4-2.18.1.jar:2.18.1]
	at org.apache.maven.surefire.junit4.JUnit4Provider.executeWithRerun(JUnit4Provider.java:173) [surefire-junit4-2.18.1.jar:2.18.1]
	at org.apache.maven.surefire.junit4.JUnit4Provider.executeTestSet(JUnit4Provider.java:153) [surefire-junit4-2.18.1.jar:2.18.1]
	at org.apache.maven.surefire.junit4.JUnit4Provider.invoke(JUnit4Provider.java:128) [surefire-junit4-2.18.1.jar:2.18.1]
	at org.apache.maven.surefire.booter.ForkedBooter.invokeProviderInSameClassLoader(ForkedBooter.java:203) [surefire-booter-2.18.1.jar:2.18.1]
	at org.apache.maven.surefire.booter.ForkedBooter.runSuitesInProcess(ForkedBooter.java:155) [surefire-booter-2.18.1.jar:2.18.1]
	at org.apache.maven.surefire.booter.ForkedBooter.main(ForkedBooter.java:103) [surefire-booter-2.18.1.jar:2.18.1]
Caused by: org.hibernate.TransientObjectException: object references an unsaved transient instance - save the transient instance before flushing: com.fabiocompany.supermercadosdeltaplus.model.Tipodepago
	at org.hibernate.engine.internal.ForeignKeys.getEntityIdentifierIfNotUnsaved(ForeignKeys.java:294) ~[hibernate-core-4.3.11.Final.jar:4.3.11.Final]
	at org.hibernate.type.EntityType.getIdentifier(EntityType.java:537) ~[hibernate-core-4.3.11.Final.jar:4.3.11.Final]
	at org.hibernate.type.ManyToOneType.isDirty(ManyToOneType.java:311) ~[hibernate-core-4.3.11.Final.jar:4.3.11.Final]
	at org.hibernate.type.ManyToOneType.isDirty(ManyToOneType.java:321) ~[hibernate-core-4.3.11.Final.jar:4.3.11.Final]
	at org.hibernate.type.TypeHelper.findDirty(TypeHelper.java:310) ~[hibernate-core-4.3.11.Final.jar:4.3.11.Final]
	at org.hibernate.persister.entity.AbstractEntityPersister.findDirty(AbstractEntityPersister.java:4243) ~[hibernate-core-4.3.11.Final.jar:4.3.11.Final]
	at org.hibernate.event.internal.DefaultFlushEntityEventListener.dirtyCheck(DefaultFlushEntityEventListener.java:546) ~[hibernate-core-4.3.11.Final.jar:4.3.11.Final]
	at org.hibernate.event.internal.DefaultFlushEntityEventListener.isUpdateNecessary(DefaultFlushEntityEventListener.java:232) ~[hibernate-core-4.3.11.Final.jar:4.3.11.Final]
	at org.hibernate.event.internal.DefaultFlushEntityEventListener.onFlushEntity(DefaultFlushEntityEventListener.java:159) ~[hibernate-core-4.3.11.Final.jar:4.3.11.Final]
	at org.hibernate.event.internal.AbstractFlushingEventListener.flushEntities(AbstractFlushingEventListener.java:231) ~[hibernate-core-4.3.11.Final.jar:4.3.11.Final]
	at org.hibernate.event.internal.AbstractFlushingEventListener.flushEverythingToExecutions(AbstractFlushingEventListener.java:102) ~[hibernate-core-4.3.11.Final.jar:4.3.11.Final]
	at org.hibernate.event.internal.DefaultFlushEventListener.onFlush(DefaultFlushEventListener.java:55) ~[hibernate-core-4.3.11.Final.jar:4.3.11.Final]
	at org.hibernate.internal.SessionImpl.flush(SessionImpl.java:1258) ~[hibernate-core-4.3.11.Final.jar:4.3.11.Final]
	at org.hibernate.internal.SessionImpl.managedFlush(SessionImpl.java:425) ~[hibernate-core-4.3.11.Final.jar:4.3.11.Final]
	at org.hibernate.engine.transaction.internal.jdbc.JdbcTransaction.beforeTransactionCommit(JdbcTransaction.java:101) ~[hibernate-core-4.3.11.Final.jar:4.3.11.Final]
	at org.hibernate.engine.transaction.spi.AbstractTransactionImpl.commit(AbstractTransactionImpl.java:177) ~[hibernate-core-4.3.11.Final.jar:4.3.11.Final]
	at com.fabiocompany.supermercadosdeltaplus.persistence.dao.hibernate.GenericDAO.saveOrUpdate(GenericDAO.java:159) ~[classes/:na]
	... 26 common frames omitted
]]></system-out>
    <system-err><![CDATA[Sat Sep 30 16:53:29 ART 2017 WARN: Establishing SSL connection without server's identity verification is not recommended. According to MySQL 5.5.45+, 5.6.26+ and 5.7.6+ requirements SSL connection must be established by default if explicit option isn't set. For compliance with existing applications not using SSL the verifyServerCertificate property is set to 'false'. You need either to explicitly disable SSL by setting useSSL=false, or set useSSL=true and provide truststore for server certificate verification.
Sat Sep 30 16:53:29 ART 2017 WARN: Establishing SSL connection without server's identity verification is not recommended. According to MySQL 5.5.45+, 5.6.26+ and 5.7.6+ requirements SSL connection must be established by default if explicit option isn't set. For compliance with existing applications not using SSL the verifyServerCertificate property is set to 'false'. You need either to explicitly disable SSL by setting useSSL=false, or set useSSL=true and provide truststore for server certificate verification.
Sat Sep 30 16:53:29 ART 2017 WARN: Establishing SSL connection without server's identity verification is not recommended. According to MySQL 5.5.45+, 5.6.26+ and 5.7.6+ requirements SSL connection must be established by default if explicit option isn't set. For compliance with existing applications not using SSL the verifyServerCertificate property is set to 'false'. You need either to explicitly disable SSL by setting useSSL=false, or set useSSL=true and provide truststore for server certificate verification.
Sat Sep 30 16:53:30 ART 2017 WARN: Establishing SSL connection without server's identity verification is not recommended. According to MySQL 5.5.45+, 5.6.26+ and 5.7.6+ requirements SSL connection must be established by default if explicit option isn't set. For compliance with existing applications not using SSL the verifyServerCertificate property is set to 'false'. You need either to explicitly disable SSL by setting useSSL=false, or set useSSL=true and provide truststore for server certificate verification.
Sat Sep 30 16:53:30 ART 2017 WARN: Establishing SSL connection without server's identity verification is not recommended. According to MySQL 5.5.45+, 5.6.26+ and 5.7.6+ requirements SSL connection must be established by default if explicit option isn't set. For compliance with existing applications not using SSL the verifyServerCertificate property is set to 'false'. You need either to explicitly disable SSL by setting useSSL=false, or set useSSL=true and provide truststore for server certificate verification.
]]></system-err>
  </testcase>
</testsuite>