<?xml version="1.0" encoding="UTF-8"?>
<testsuite name="com.fabiocompany.supermercadosdeltaplus.test.SupermercadosDeltaPlusTest" time="20.082" tests="1" errors="1" skipped="0" failures="0">
  <properties>
[...]
</properties>
  <testcase name="guardarUsuario" classname="com.fabiocompany.supermercadosdeltaplus.test.SupermercadosDeltaPlusTest" time="20.082">
    <error message="object references an unsaved transient instance - save the transient instance before flushing: com.fabiocompany.supermercadosdeltaplus.model.Tipodepago" type="com.fabiocompany.supermercadosdeltaplus.service.exception.ServiceException">com.fabiocompany.supermercadosdeltaplus.service.exception.ServiceException: object references an unsaved transient instance - save the transient instance before flushing: com.fabiocompany.supermercadosdeltaplus.model.Tipodepago
	at org.hibernate.engine.internal.ForeignKeys.getEntityIdentifierIfNotUnsaved(ForeignKeys.java:294)
	at org.hibernate.type.EntityType.getIdentifier(EntityType.java:537)
	at org.hibernate.type.ManyToOneType.isDirty(ManyToOneType.java:311)
	at org.hibernate.type.ManyToOneType.isDirty(ManyToOneType.java:321)
	at org.hibernate.type.TypeHelper.findDirty(TypeHelper.java:310)
	at org.hibernate.persister.entity.AbstractEntityPersister.findDirty(AbstractEntityPersister.java:4243)
	at org.hibernate.event.internal.DefaultFlushEntityEventListener.dirtyCheck(DefaultFlushEntityEventListener.java:546)
	at org.hibernate.event.internal.DefaultFlushEntityEventListener.isUpdateNecessary(DefaultFlushEntityEventListener.java:232)
	at org.hibernate.event.internal.DefaultFlushEntityEventListener.onFlushEntity(DefaultFlushEntityEventListener.java:159)
	at org.hibernate.event.internal.AbstractFlushingEventListener.flushEntities(AbstractFlushingEventListener.java:231)
	at org.hibernate.event.internal.AbstractFlushingEventListener.flushEverythingToExecutions(AbstractFlushingEventListener.java:102)
	at org.hibernate.event.internal.DefaultFlushEventListener.onFlush(DefaultFlushEventListener.java:55)
	at org.hibernate.internal.SessionImpl.flush(SessionImpl.java:1258)
	at org.hibernate.internal.SessionImpl.managedFlush(SessionImpl.java:425)
	at org.hibernate.engine.transaction.internal.jdbc.JdbcTransaction.beforeTransactionCommit(JdbcTransaction.java:101)
	at org.hibernate.engine.transaction.spi.AbstractTransactionImpl.commit(AbstractTransactionImpl.java:177)
	at com.fabiocompany.supermercadosdeltaplus.persistence.dao.hibernate.GenericDAO.saveOrUpdate(GenericDAO.java:159)
	at com.fabiocompany.supermercadosdeltaplus.service.impl.GenericService.saveOrUpdate(GenericService.java:74)
	at com.fabiocompany.supermercadosdeltaplus.test.SupermercadosDeltaPlusTest.guardarUsuario(SupermercadosDeltaPlusTest.java:136)
</error>
    <system-out><![CDATA[13:56:35.536 [main] DEBUG org.jboss.logging - Logging Provider: org.jboss.logging.Slf4jLoggerProvider
13:56:35.576 [main] DEBUG org.hibernate.type.BasicTypeRegistry - Adding type registration boolean -> org.hibernate.type.BooleanType@7e0b0338
13:56:35.577 [main] DEBUG org.hibernate.type.BasicTypeRegistry - Adding type registration boolean -> org.hibernate.type.BooleanType@7e0b0338
13:56:35.577 [main] DEBUG org.hibernate.type.BasicTypeRegistry - Adding type registration java.lang.Boolean -> org.hibernate.type.BooleanType@7e0b0338
13:56:35.579 [main] DEBUG org.hibernate.type.BasicTypeRegistry - Adding type registration numeric_boolean -> org.hibernate.type.NumericBooleanType@3c0f93f1
13:56:35.583 [main] DEBUG org.hibernate.type.BasicTypeRegistry - Adding type registration true_false -> org.hibernate.type.TrueFalseType@3327bd23
13:56:35.586 [main] DEBUG org.hibernate.type.BasicTypeRegistry - Adding type registration yes_no -> org.hibernate.type.YesNoType@52a86356
13:56:35.590 [main] DEBUG org.hibernate.type.BasicTypeRegistry - Adding type registration byte -> org.hibernate.type.ByteType@20398b7c
13:56:35.591 [main] DEBUG org.hibernate.type.BasicTypeRegistry - Adding type registration byte -> org.hibernate.type.ByteType@20398b7c
13:56:35.592 [main] DEBUG org.hibernate.type.BasicTypeRegistry - Adding type registration java.lang.Byte -> org.hibernate.type.ByteType@20398b7c
13:56:35.594 [main] DEBUG org.hibernate.type.BasicTypeRegistry - Adding type registration character -> org.hibernate.type.CharacterType@4e9ba398
13:56:35.594 [main] DEBUG org.hibernate.type.BasicTypeRegistry - Adding type registration char -> org.hibernate.type.CharacterType@4e9ba398
13:56:35.595 [main] DEBUG org.hibernate.type.BasicTypeRegistry - Adding type registration java.lang.Character -> org.hibernate.type.CharacterType@4e9ba398
13:56:35.598 [main] DEBUG org.hibernate.type.BasicTypeRegistry - Adding type registration short -> org.hibernate.type.ShortType@6b09bb57
13:56:35.599 [main] DEBUG org.hibernate.type.BasicTypeRegistry - Adding type registration short -> org.hibernate.type.ShortType@6b09bb57
13:56:35.601 [main] DEBUG org.hibernate.type.BasicTypeRegistry - Adding type registration java.lang.Short -> org.hibernate.type.ShortType@6b09bb57
13:56:35.604 [main] DEBUG org.hibernate.type.BasicTypeRegistry - Adding type registration integer -> org.hibernate.type.IntegerType@185d8b6
13:56:35.604 [main] DEBUG org.hibernate.type.BasicTypeRegistry - Adding type registration int -> org.hibernate.type.IntegerType@185d8b6
13:56:35.605 [main] DEBUG org.hibernate.type.BasicTypeRegistry - Adding type registration java.lang.Integer -> org.hibernate.type.IntegerType@185d8b6
13:56:35.608 [main] DEBUG org.hibernate.type.BasicTypeRegistry - Adding type registration long -> org.hibernate.type.LongType@3b0143d3
13:56:35.608 [main] DEBUG org.hibernate.type.BasicTypeRegistry - Adding type registration long -> org.hibernate.type.LongType@3b0143d3
13:56:35.610 [main] DEBUG org.hibernate.type.BasicTypeRegistry - Adding type registration java.lang.Long -> org.hibernate.type.LongType@3b0143d3
13:56:35.613 [main] DEBUG org.hibernate.type.BasicTypeRegistry - Adding type registration float -> org.hibernate.type.FloatType@1d16f93d
13:56:35.613 [main] DEBUG org.hibernate.type.BasicTypeRegistry - Adding type registration float -> org.hibernate.type.FloatType@1d16f93d
13:56:35.613 [main] DEBUG org.hibernate.type.BasicTypeRegistry - Adding type registration java.lang.Float -> org.hibernate.type.FloatType@1d16f93d
13:56:35.619 [main] DEBUG org.hibernate.type.BasicTypeRegistry - Adding type registration double -> org.hibernate.type.DoubleType@7fac631b
13:56:35.619 [main] DEBUG org.hibernate.type.BasicTypeRegistry - Adding type registration double -> org.hibernate.type.DoubleType@7fac631b
13:56:35.620 [main] DEBUG org.hibernate.type.BasicTypeRegistry - Adding type registration java.lang.Double -> org.hibernate.type.DoubleType@7fac631b
13:56:35.623 [main] DEBUG org.hibernate.type.BasicTypeRegistry - Adding type registration big_decimal -> org.hibernate.type.BigDecimalType@5c5a1b69
13:56:35.623 [main] DEBUG org.hibernate.type.BasicTypeRegistry - Adding type registration java.math.BigDecimal -> org.hibernate.type.BigDecimalType@5c5a1b69
13:56:35.626 [main] DEBUG org.hibernate.type.BasicTypeRegistry - Adding type registration big_integer -> org.hibernate.type.BigIntegerType@578486a3
13:56:35.627 [main] DEBUG org.hibernate.type.BasicTypeRegistry - Adding type registration java.math.BigInteger -> org.hibernate.type.BigIntegerType@578486a3
13:56:35.629 [main] DEBUG org.hibernate.type.BasicTypeRegistry - Adding type registration string -> org.hibernate.type.StringType@50b494a6
13:56:35.629 [main] DEBUG org.hibernate.type.BasicTypeRegistry - Adding type registration java.lang.String -> org.hibernate.type.StringType@50b494a6
13:56:35.631 [main] DEBUG org.hibernate.type.BasicTypeRegistry - Adding type registration nstring -> org.hibernate.type.StringNVarcharType@cd2dae5
13:56:35.634 [main] DEBUG org.hibernate.type.BasicTypeRegistry - Adding type registration ncharacter -> org.hibernate.type.CharacterNCharType@22a67b4
13:56:35.637 [main] DEBUG org.hibernate.type.BasicTypeRegistry - Adding type registration url -> org.hibernate.type.UrlType@6737fd8f
13:56:35.637 [main] DEBUG org.hibernate.type.BasicTypeRegistry - Adding type registration java.net.URL -> org.hibernate.type.UrlType@6737fd8f
13:56:35.640 [main] DEBUG org.hibernate.type.BasicTypeRegistry - Adding type registration date -> org.hibernate.type.DateType@6c49835d
13:56:35.640 [main] DEBUG org.hibernate.type.BasicTypeRegistry - Adding type registration java.sql.Date -> org.hibernate.type.DateType@6c49835d
13:56:35.643 [main] DEBUG org.hibernate.type.BasicTypeRegistry - Adding type registration time -> org.hibernate.type.TimeType@1e6d1014
13:56:35.644 [main] DEBUG org.hibernate.type.BasicTypeRegistry - Adding type registration java.sql.Time -> org.hibernate.type.TimeType@1e6d1014
13:56:35.646 [main] DEBUG org.hibernate.type.BasicTypeRegistry - Adding type registration timestamp -> org.hibernate.type.TimestampType@26aa12dd
13:56:35.647 [main] DEBUG org.hibernate.type.BasicTypeRegistry - Adding type registration java.sql.Timestamp -> org.hibernate.type.TimestampType@26aa12dd
13:56:35.647 [main] DEBUG org.hibernate.type.BasicTypeRegistry - Adding type registration java.util.Date -> org.hibernate.type.TimestampType@26aa12dd
13:56:35.650 [main] DEBUG org.hibernate.type.BasicTypeRegistry - Adding type registration dbtimestamp -> org.hibernate.type.DbTimestampType@71bbf57e
13:56:35.653 [main] DEBUG org.hibernate.type.BasicTypeRegistry - Adding type registration calendar -> org.hibernate.type.CalendarType@4e7dc304
13:56:35.653 [main] DEBUG org.hibernate.type.BasicTypeRegistry - Adding type registration java.util.Calendar -> org.hibernate.type.CalendarType@4e7dc304
13:56:35.653 [main] DEBUG org.hibernate.type.BasicTypeRegistry - Adding type registration java.util.GregorianCalendar -> org.hibernate.type.CalendarType@4e7dc304
13:56:35.655 [main] DEBUG org.hibernate.type.BasicTypeRegistry - Adding type registration calendar_date -> org.hibernate.type.CalendarDateType@48503868
13:56:35.658 [main] DEBUG org.hibernate.type.BasicTypeRegistry - Adding type registration locale -> org.hibernate.type.LocaleType@396f6598
13:56:35.658 [main] DEBUG org.hibernate.type.BasicTypeRegistry - Adding type registration java.util.Locale -> org.hibernate.type.LocaleType@396f6598
13:56:35.660 [main] DEBUG org.hibernate.type.BasicTypeRegistry - Adding type registration currency -> org.hibernate.type.CurrencyType@1e965684
13:56:35.660 [main] DEBUG org.hibernate.type.BasicTypeRegistry - Adding type registration java.util.Currency -> org.hibernate.type.CurrencyType@1e965684
13:56:35.662 [main] DEBUG org.hibernate.type.BasicTypeRegistry - Adding type registration timezone -> org.hibernate.type.TimeZoneType@15d0c81b
13:56:35.662 [main] DEBUG org.hibernate.type.BasicTypeRegistry - Adding type registration java.util.TimeZone -> org.hibernate.type.TimeZoneType@15d0c81b
13:56:35.663 [main] DEBUG org.hibernate.type.BasicTypeRegistry - Adding type registration class -> org.hibernate.type.ClassType@3712b94
13:56:35.664 [main] DEBUG org.hibernate.type.BasicTypeRegistry - Adding type registration java.lang.Class -> org.hibernate.type.ClassType@3712b94
13:56:35.666 [main] DEBUG org.hibernate.type.BasicTypeRegistry - Adding type registration uuid-binary -> org.hibernate.type.UUIDBinaryType@1f57539
13:56:35.667 [main] DEBUG org.hibernate.type.BasicTypeRegistry - Adding type registration java.util.UUID -> org.hibernate.type.UUIDBinaryType@1f57539
13:56:35.668 [main] DEBUG org.hibernate.type.BasicTypeRegistry - Adding type registration uuid-char -> org.hibernate.type.UUIDCharType@6ee52dcd
13:56:35.670 [main] DEBUG org.hibernate.type.BasicTypeRegistry - Adding type registration pg-uuid -> org.hibernate.type.PostgresUUIDType@1877ab81
13:56:35.672 [main] DEBUG org.hibernate.type.BasicTypeRegistry - Adding type registration binary -> org.hibernate.type.BinaryType@5faeada1
13:56:35.672 [main] DEBUG org.hibernate.type.BasicTypeRegistry - Adding type registration byte[] -> org.hibernate.type.BinaryType@5faeada1
13:56:35.672 [main] DEBUG org.hibernate.type.BasicTypeRegistry - Adding type registration [B -> org.hibernate.type.BinaryType@5faeada1
13:56:35.674 [main] DEBUG org.hibernate.type.BasicTypeRegistry - Adding type registration wrapper-binary -> org.hibernate.type.WrapperBinaryType@33c7e1bb
13:56:35.675 [main] DEBUG org.hibernate.type.BasicTypeRegistry - Adding type registration Byte[] -> org.hibernate.type.WrapperBinaryType@33c7e1bb
13:56:35.675 [main] DEBUG org.hibernate.type.BasicTypeRegistry - Adding type registration [Ljava.lang.Byte; -> org.hibernate.type.WrapperBinaryType@33c7e1bb
13:56:35.677 [main] DEBUG org.hibernate.type.BasicTypeRegistry - Adding type registration image -> org.hibernate.type.ImageType@17d677df
13:56:35.679 [main] DEBUG org.hibernate.type.BasicTypeRegistry - Adding type registration characters -> org.hibernate.type.CharArrayType@4b553d26
13:56:35.679 [main] DEBUG org.hibernate.type.BasicTypeRegistry - Adding type registration char[] -> org.hibernate.type.CharArrayType@4b553d26
13:56:35.679 [main] DEBUG org.hibernate.type.BasicTypeRegistry - Adding type registration [C -> org.hibernate.type.CharArrayType@4b553d26
13:56:35.681 [main] DEBUG org.hibernate.type.BasicTypeRegistry - Adding type registration wrapper-characters -> org.hibernate.type.CharacterArrayType@2a742aa2
13:56:35.682 [main] DEBUG org.hibernate.type.BasicTypeRegistry - Adding type registration [Ljava.lang.Character; -> org.hibernate.type.CharacterArrayType@2a742aa2
13:56:35.682 [main] DEBUG org.hibernate.type.BasicTypeRegistry - Adding type registration Character[] -> org.hibernate.type.CharacterArrayType@2a742aa2
13:56:35.684 [main] DEBUG org.hibernate.type.BasicTypeRegistry - Adding type registration text -> org.hibernate.type.TextType@7e2d773b
13:56:35.685 [main] DEBUG org.hibernate.type.BasicTypeRegistry - Adding type registration ntext -> org.hibernate.type.NTextType@51e2adc7
13:56:35.692 [main] DEBUG org.hibernate.type.BasicTypeRegistry - Adding type registration blob -> org.hibernate.type.BlobType@26a7b76d
13:56:35.693 [main] DEBUG org.hibernate.type.BasicTypeRegistry - Adding type registration java.sql.Blob -> org.hibernate.type.BlobType@26a7b76d
13:56:35.694 [main] DEBUG org.hibernate.type.BasicTypeRegistry - Adding type registration materialized_blob -> org.hibernate.type.MaterializedBlobType@1500955a
13:56:35.701 [main] DEBUG org.hibernate.type.BasicTypeRegistry - Adding type registration clob -> org.hibernate.type.ClobType@50d0686
13:56:35.701 [main] DEBUG org.hibernate.type.BasicTypeRegistry - Adding type registration java.sql.Clob -> org.hibernate.type.ClobType@50d0686
13:56:35.705 [main] DEBUG org.hibernate.type.BasicTypeRegistry - Adding type registration nclob -> org.hibernate.type.NClobType@491cc5c9
13:56:35.706 [main] DEBUG org.hibernate.type.BasicTypeRegistry - Adding type registration java.sql.NClob -> org.hibernate.type.NClobType@491cc5c9
13:56:35.707 [main] DEBUG org.hibernate.type.BasicTypeRegistry - Adding type registration materialized_clob -> org.hibernate.type.MaterializedClobType@462d5aee
13:56:35.708 [main] DEBUG org.hibernate.type.BasicTypeRegistry - Adding type registration materialized_nclob -> org.hibernate.type.MaterializedNClobType@4a87761d
13:56:35.711 [main] DEBUG org.hibernate.type.BasicTypeRegistry - Adding type registration serializable -> org.hibernate.type.SerializableType@6950e31
13:56:35.716 [main] DEBUG org.hibernate.type.BasicTypeRegistry - Adding type registration object -> org.hibernate.type.ObjectType@5891e32e
13:56:35.717 [main] DEBUG org.hibernate.type.BasicTypeRegistry - Adding type registration java.lang.Object -> org.hibernate.type.ObjectType@5891e32e
13:56:35.719 [main] DEBUG org.hibernate.type.BasicTypeRegistry - Adding type registration imm_date -> org.hibernate.type.AdaptedImmutableType@74a10858
13:56:35.720 [main] DEBUG org.hibernate.type.BasicTypeRegistry - Adding type registration imm_time -> org.hibernate.type.AdaptedImmutableType@23fe1d71
13:56:35.720 [main] DEBUG org.hibernate.type.BasicTypeRegistry - Adding type registration imm_timestamp -> org.hibernate.type.AdaptedImmutableType@28ac3dc3
13:56:35.720 [main] DEBUG org.hibernate.type.BasicTypeRegistry - Adding type registration imm_dbtimestamp -> org.hibernate.type.AdaptedImmutableType@32eebfca
13:56:35.721 [main] DEBUG org.hibernate.type.BasicTypeRegistry - Adding type registration imm_calendar -> org.hibernate.type.AdaptedImmutableType@4e718207
13:56:35.721 [main] DEBUG org.hibernate.type.BasicTypeRegistry - Adding type registration imm_calendar_date -> org.hibernate.type.AdaptedImmutableType@1d371b2d
13:56:35.722 [main] DEBUG org.hibernate.type.BasicTypeRegistry - Adding type registration imm_binary -> org.hibernate.type.AdaptedImmutableType@543c6f6d
13:56:35.722 [main] DEBUG org.hibernate.type.BasicTypeRegistry - Adding type registration imm_serializable -> org.hibernate.type.AdaptedImmutableType@13eb8acf
13:56:35.758 [main] INFO  o.h.annotations.common.Version - HCANN000001: Hibernate Commons Annotations {4.0.4.Final}
13:56:35.779 [main] INFO  org.hibernate.Version - HHH000412: Hibernate Core {4.3.11.Final}
13:56:35.786 [main] INFO  org.hibernate.cfg.Environment - HHH000206: hibernate.properties not found
13:56:35.790 [main] INFO  org.hibernate.cfg.Environment - HHH000021: Bytecode provider name : javassist
13:56:35.812 [main] DEBUG o.h.i.f.i.DefaultIdentifierGeneratorFactory - Registering IdentifierGenerator strategy [uuid2] -> [org.hibernate.id.UUIDGenerator]
13:56:35.814 [main] DEBUG o.h.i.f.i.DefaultIdentifierGeneratorFactory - Registering IdentifierGenerator strategy [guid] -> [org.hibernate.id.GUIDGenerator]
13:56:35.816 [main] DEBUG o.h.i.f.i.DefaultIdentifierGeneratorFactory - Registering IdentifierGenerator strategy [uuid] -> [org.hibernate.id.UUIDHexGenerator]
13:56:35.817 [main] DEBUG o.h.i.f.i.DefaultIdentifierGeneratorFactory - Registering IdentifierGenerator strategy [uuid.hex] -> [org.hibernate.id.UUIDHexGenerator]
13:56:35.820 [main] DEBUG o.h.i.f.i.DefaultIdentifierGeneratorFactory - Registering IdentifierGenerator strategy [hilo] -> [org.hibernate.id.TableHiLoGenerator]
13:56:35.820 [main] DEBUG o.h.i.f.i.DefaultIdentifierGeneratorFactory - Registering IdentifierGenerator strategy [assigned] -> [org.hibernate.id.Assigned]
13:56:35.822 [main] DEBUG o.h.i.f.i.DefaultIdentifierGeneratorFactory - Registering IdentifierGenerator strategy [identity] -> [org.hibernate.id.IdentityGenerator]
13:56:35.823 [main] DEBUG o.h.i.f.i.DefaultIdentifierGeneratorFactory - Registering IdentifierGenerator strategy [select] -> [org.hibernate.id.SelectGenerator]
13:56:35.824 [main] DEBUG o.h.i.f.i.DefaultIdentifierGeneratorFactory - Registering IdentifierGenerator strategy [sequence] -> [org.hibernate.id.SequenceGenerator]
13:56:35.825 [main] DEBUG o.h.i.f.i.DefaultIdentifierGeneratorFactory - Registering IdentifierGenerator strategy [seqhilo] -> [org.hibernate.id.SequenceHiLoGenerator]
13:56:35.825 [main] DEBUG o.h.i.f.i.DefaultIdentifierGeneratorFactory - Registering IdentifierGenerator strategy [increment] -> [org.hibernate.id.IncrementGenerator]
13:56:35.826 [main] DEBUG o.h.i.f.i.DefaultIdentifierGeneratorFactory - Registering IdentifierGenerator strategy [foreign] -> [org.hibernate.id.ForeignGenerator]
13:56:35.826 [main] DEBUG o.h.i.f.i.DefaultIdentifierGeneratorFactory - Registering IdentifierGenerator strategy [sequence-identity] -> [org.hibernate.id.SequenceIdentityGenerator]
13:56:35.827 [main] DEBUG o.h.i.f.i.DefaultIdentifierGeneratorFactory - Registering IdentifierGenerator strategy [enhanced-sequence] -> [org.hibernate.id.enhanced.SequenceStyleGenerator]
13:56:35.828 [main] DEBUG o.h.i.f.i.DefaultIdentifierGeneratorFactory - Registering IdentifierGenerator strategy [enhanced-table] -> [org.hibernate.id.enhanced.TableGenerator]
13:56:35.833 [main] INFO  org.hibernate.cfg.Configuration - HHH000043: Configuring from resource: /hibernate.cfg.xml
13:56:35.833 [main] INFO  org.hibernate.cfg.Configuration - HHH000040: Configuration resource: /hibernate.cfg.xml
13:56:35.887 [main] DEBUG o.h.i.util.xml.DTDEntityResolver - Trying to resolve system-id [http://hibernate.sourceforge.net/hibernate-configuration-3.0.dtd]
13:56:35.888 [main] WARN  o.h.i.util.xml.DTDEntityResolver - HHH000223: Recognized obsolete hibernate namespace http://hibernate.sourceforge.net/. Use namespace http://www.hibernate.org/dtd/ instead. Refer to Hibernate 3.6 Migration Guide!
13:56:35.888 [main] DEBUG o.h.i.util.xml.DTDEntityResolver - Attempting to resolve on classpath under org/hibernate/
13:56:35.889 [main] DEBUG o.h.i.util.xml.DTDEntityResolver - Located [http://hibernate.sourceforge.net/hibernate-configuration-3.0.dtd] in classpath
13:56:35.913 [main] DEBUG org.hibernate.cfg.Configuration - hibernate.dialect=org.hibernate.dialect.MySQLDialect
13:56:35.914 [main] DEBUG org.hibernate.cfg.Configuration - hibernate.connection.driver_class=com.mysql.jdbc.Driver
13:56:35.914 [main] DEBUG org.hibernate.cfg.Configuration - hibernate.connection.url=jdbc:mysql://localhost:3306/supermercadosdeltaplus
13:56:35.914 [main] DEBUG org.hibernate.cfg.Configuration - hibernate.connection.username=root
13:56:35.914 [main] DEBUG org.hibernate.cfg.Configuration - hibernate.connection.password=root
13:56:35.915 [main] DEBUG org.hibernate.cfg.Configuration - hibernate.current_session_context_class=thread
13:56:35.917 [main] DEBUG org.hibernate.cfg.Configuration - hibernate.c3p0.timeout=3600
13:56:35.917 [main] DEBUG org.hibernate.cfg.Configuration - hibernate.c3p0.maxIdleTime=3600
13:56:35.917 [main] DEBUG org.hibernate.cfg.Configuration - hibernate.c3p0.acquire_increment=3
13:56:35.917 [main] DEBUG org.hibernate.cfg.Configuration - hibernate.c3p0.idle_test_period=10
13:56:35.917 [main] DEBUG org.hibernate.cfg.Configuration - hibernate.c3p0.min_size=5
13:56:35.918 [main] DEBUG org.hibernate.cfg.Configuration - hibernate.c3p0.max_size=75
13:56:35.918 [main] DEBUG org.hibernate.cfg.Configuration - hibernate.c3p0.max_statements=10
13:56:35.918 [main] DEBUG org.hibernate.cfg.Configuration - hibernate.c3p0.preferredTestQuery=select 1
13:56:35.918 [main] DEBUG org.hibernate.cfg.Configuration - hibernate.c3p0.testConnectionOnCheckout=true
13:56:35.918 [main] DEBUG org.hibernate.cfg.Configuration - show_sql=true
13:56:35.919 [main] DEBUG org.hibernate.cfg.Configuration - format_sql=true
13:56:35.919 [main] DEBUG org.hibernate.cfg.Configuration - hbm2ddl.auto=create
13:56:35.919 [main] DEBUG org.hibernate.cfg.Configuration - Session-factory config [null] named class [com.fabiocompany.supermercadosdeltaplus.model.Cabeceraticket] for mapping
13:56:35.929 [main] DEBUG org.hibernate.cfg.Configuration - Session-factory config [null] named class [com.fabiocompany.supermercadosdeltaplus.model.Detalleoferta] for mapping
13:56:35.930 [main] DEBUG org.hibernate.cfg.Configuration - Session-factory config [null] named class [com.fabiocompany.supermercadosdeltaplus.model.Detalleticket] for mapping
13:56:35.931 [main] DEBUG org.hibernate.cfg.Configuration - Session-factory config [null] named class [com.fabiocompany.supermercadosdeltaplus.model.Personausuario] for mapping
13:56:35.932 [main] DEBUG org.hibernate.cfg.Configuration - Session-factory config [null] named class [com.fabiocompany.supermercadosdeltaplus.model.Producto] for mapping
13:56:35.934 [main] DEBUG org.hibernate.cfg.Configuration - Session-factory config [null] named class [com.fabiocompany.supermercadosdeltaplus.model.Tarjeta] for mapping
13:56:35.935 [main] DEBUG org.hibernate.cfg.Configuration - Session-factory config [null] named class [com.fabiocompany.supermercadosdeltaplus.model.Tipodepago] for mapping
13:56:35.936 [main] DEBUG org.hibernate.cfg.Configuration - Session-factory config [null] named class [com.fabiocompany.supermercadosdeltaplus.model.Usuario] for mapping
13:56:35.937 [main] INFO  org.hibernate.cfg.Configuration - HHH000041: Configured SessionFactory: null
13:56:35.937 [main] DEBUG org.hibernate.cfg.Configuration - Properties: {show_sql=true, java.vendor=Oracle Corporation, localRepository=/home/fabio/.m2/repository, sun.java.launcher=SUN_STANDARD, hibernate.connection.url=jdbc:mysql://localhost:3306/supermercadosdeltaplus, sun.management.compiler=HotSpot 64-Bit Tiered Compilers, hbm2ddl.auto=create, os.name=Linux, sun.boot.class.path=/usr/java/jdk1.8.0_144/jre/lib/resources.jar:/usr/java/jdk1.8.0_144/jre/lib/rt.jar:/usr/java/jdk1.8.0_144/jre/lib/sunrsasign.jar:/usr/java/jdk1.8.0_144/jre/lib/jsse.jar:/usr/java/jdk1.8.0_144/jre/lib/jce.jar:/usr/java/jdk1.8.0_144/jre/lib/charsets.jar:/usr/java/jdk1.8.0_144/jre/lib/jfr.jar:/usr/java/jdk1.8.0_144/jre/classes, hibernate.current_session_context_class=thread, sun.desktop=gnome, hibernate.c3p0.max_size=75, java.vm.specification.vendor=Oracle Corporation, java.runtime.version=1.8.0_144-b01, hibernate.c3p0.min_size=5, user.name=fabio, hibernate.c3p0.timeout=3600, user.language=es, sun.boot.library.path=/usr/java/jdk1.8.0_144/jre/lib/amd64, hibernate.c3p0.preferredTestQuery=select 1, java.version=1.8.0_144, user.timezone=America/Argentina/Cordoba, sun.arch.data.model=64, java.endorsed.dirs=/usr/java/jdk1.8.0_144/jre/lib/endorsed, sun.cpu.isalist=, sun.jnu.encoding=UTF-8, file.encoding.pkg=sun.io, file.separator=/, java.specification.name=Java Platform API Specification, hibernate.format_sql=true, java.class.version=52.0, user.country=AR, java.home=/usr/java/jdk1.8.0_144/jre, java.vm.info=mixed mode, os.version=4.4.0-96-generic, surefire.real.class.path=/home/fabio/Documentos/facu/ingweb3/repoingweb3personal/supermercadosdeltaplusModulo/target/surefire/surefirebooter4329583612822188093.jar, path.separator=:, java.vm.version=25.144-b01, hibernate.connection.password=root, maven.ext.class.path=/home/fabio/netbeans-8.2/java/maven-nblib/netbeans-eventspy.jar, java.awt.printerjob=sun.print.PSPrinterJob, sun.io.unicode.encoding=UnicodeLittle, awt.toolkit=sun.awt.X11.XToolkit, hibernate.connection.username=root, user.home=/home/fabio, java.specification.vendor=Oracle Corporation, hibernate.hbm2ddl.auto=create, java.library.path=/usr/java/jdk1.8.0_144/jre/lib/amd64:/usr/java/jdk1.8.0_144/jre/lib/i386::/usr/java/packages/lib/amd64:/usr/lib64:/lib64:/lib:/usr/lib, java.vendor.url=http://java.oracle.com/, hibernate.c3p0.maxIdleTime=3600, hibernate.connection.driver_class=com.mysql.jdbc.Driver, java.vm.vendor=Oracle Corporation, hibernate.dialect=org.hibernate.dialect.MySQLDialect, java.runtime.name=Java(TM) SE Runtime Environment, sun.java.command=/home/fabio/Documentos/facu/ingweb3/repoingweb3personal/supermercadosdeltaplusModulo/target/surefire/surefirebooter4329583612822188093.jar /home/fabio/Documentos/facu/ingweb3/repoingweb3personal/supermercadosdeltaplusModulo/target/surefire/surefire4005907616847565486tmp /home/fabio/Documentos/facu/ingweb3/repoingweb3personal/supermercadosdeltaplusModulo/target/surefire/surefire_04008999896279349844tmp, java.class.path=/home/fabio/Documentos/facu/ingweb3/repoingweb3personal/supermercadosdeltaplusModulo/target/test-classes:/home/fabio/Documentos/facu/ingweb3/repoingweb3personal/supermercadosdeltaplusModulo/target/classes:/home/fabio/.m2/repository/org/hibernate/hibernate-entitymanager/4.3.1.Final/hibernate-entitymanager-4.3.1.Final.jar:/home/fabio/.m2/repository/org/jboss/logging/jboss-logging/3.3.1.Final/jboss-logging-3.3.1.Final.jar:/home/fabio/.m2/repository/org/jboss/logging/jboss-logging-annotations/1.2.0.Beta1/jboss-logging-annotations-1.2.0.Beta1.jar:/home/fabio/.m2/repository/dom4j/dom4j/1.6.1/dom4j-1.6.1.jar:/home/fabio/.m2/repository/org/hibernate/common/hibernate-commons-annotations/4.0.4.Final/hibernate-commons-annotations-4.0.4.Final.jar:/home/fabio/.m2/repository/org/jboss/spec/javax/transaction/jboss-transaction-api_1.2_spec/1.0.0.Final/jboss-transaction-api_1.2_spec-1.0.0.Final.jar:/home/fabio/.m2/repository/org/javassist/javassist/3.21.0-GA/javassist-3.21.0-GA.jar:/home/fabio/.m2/repository/junit/junit/4.12/junit-4.12.jar:/home/fabio/.m2/repository/org/hamcrest/hamcrest-core/1.3/hamcrest-core-1.3.jar:/home/fabio/.m2/repository/org/hibernate/javax/persistence/hibernate-jpa-2.1-api/1.0.0.Final/hibernate-jpa-2.1-api-1.0.0.Final.jar:/home/fabio/.m2/repository/javax/javaee-web-api/7.0/javaee-web-api-7.0.jar:/home/fabio/.m2/repository/org/springframework/boot/spring-boot-starter-web/1.5.6.RELEASE/spring-boot-starter-web-1.5.6.RELEASE.jar:/home/fabio/.m2/repository/org/springframework/boot/spring-boot-starter/1.5.6.RELEASE/spring-boot-starter-1.5.6.RELEASE.jar:/home/fabio/.m2/repository/org/springframework/boot/spring-boot/1.5.6.RELEASE/spring-boot-1.5.6.RELEASE.jar:/home/fabio/.m2/repository/org/springframework/boot/spring-boot-autoconfigure/1.5.6.RELEASE/spring-boot-autoconfigure-1.5.6.RELEASE.jar:/home/fabio/.m2/repository/org/springframework/boot/spring-boot-starter-logging/1.5.6.RELEASE/spring-boot-starter-logging-1.5.6.RELEASE.jar:/home/fabio/.m2/repository/org/slf4j/jul-to-slf4j/1.7.25/jul-to-slf4j-1.7.25.jar:/home/fabio/.m2/repository/org/slf4j/log4j-over-slf4j/1.7.25/log4j-over-slf4j-1.7.25.jar:/home/fabio/.m2/repository/org/yaml/snakeyaml/1.17/snakeyaml-1.17.jar:/home/fabio/.m2/repository/org/springframework/boot/spring-boot-starter-tomcat/1.5.6.RELEASE/spring-boot-starter-tomcat-1.5.6.RELEASE.jar:/home/fabio/.m2/repository/org/apache/tomcat/embed/tomcat-embed-core/8.5.16/tomcat-embed-core-8.5.16.jar:/home/fabio/.m2/repository/org/apache/tomcat/embed/tomcat-embed-el/8.5.16/tomcat-embed-el-8.5.16.jar:/home/fabio/.m2/repository/org/apache/tomcat/embed/tomcat-embed-websocket/8.5.16/tomcat-embed-websocket-8.5.16.jar:/home/fabio/.m2/repository/com/fasterxml/jackson/core/jackson-databind/2.8.9/jackson-databind-2.8.9.jar:/home/fabio/.m2/repository/com/fasterxml/jackson/core/jackson-annotations/2.8.0/jackson-annotations-2.8.0.jar:/home/fabio/.m2/repository/com/fasterxml/jackson/core/jackson-core/2.8.9/jackson-core-2.8.9.jar:/home/fabio/.m2/repository/org/springframework/boot/spring-boot-starter-actuator/1.5.6.RELEASE/spring-boot-starter-actuator-1.5.6.RELEASE.jar:/home/fabio/.m2/repository/org/springframework/boot/spring-boot-actuator/1.5.6.RELEASE/spring-boot-actuator-1.5.6.RELEASE.jar:/home/fabio/.m2/repository/org/aspectj/aspectjweaver/1.8.10/aspectjweaver-1.8.10.jar:/home/fabio/.m2/repository/org/springframework/spring-core/4.3.10.RELEASE/spring-core-4.3.10.RELEASE.jar:/home/fabio/.m2/repository/org/springframework/spring-context/4.3.10.RELEASE/spring-context-4.3.10.RELEASE.jar:/home/fabio/.m2/repository/org/springframework/spring-beans/4.3.10.RELEASE/spring-beans-4.3.10.RELEASE.jar:/home/fabio/.m2/repository/org/springframework/spring-expression/4.3.10.RELEASE/spring-expression-4.3.10.RELEASE.jar:/home/fabio/.m2/repository/org/springframework/spring-aspects/4.3.10.RELEASE/spring-aspects-4.3.10.RELEASE.jar:/home/fabio/.m2/repository/org/springframework/spring-webmvc/4.3.10.RELEASE/spring-webmvc-4.3.10.RELEASE.jar:/home/fabio/.m2/repository/org/springframework/spring-web/4.3.10.RELEASE/spring-web-4.3.10.RELEASE.jar:/home/fabio/.m2/repository/org/springframework/spring-oxm/4.3.10.RELEASE/spring-oxm-4.3.10.RELEASE.jar:/home/fabio/.m2/repository/org/springframework/spring-tx/4.3.10.RELEASE/spring-tx-4.3.10.RELEASE.jar:/home/fabio/.m2/repository/org/springframework/spring-aop/4.3.10.RELEASE/spring-aop-4.3.10.RELEASE.jar:/home/fabio/.m2/repository/org/springframework/spring-orm/4.3.10.RELEASE/spring-orm-4.3.10.RELEASE.jar:/home/fabio/.m2/repository/org/springframework/spring-jdbc/4.3.10.RELEASE/spring-jdbc-4.3.10.RELEASE.jar:/home/fabio/.m2/repository/org/springframework/boot/spring-boot-starter-security/1.5.6.RELEASE/spring-boot-starter-security-1.5.6.RELEASE.jar:/home/fabio/.m2/repository/org/springframework/security/spring-security-config/4.2.3.RELEASE/spring-security-config-4.2.3.RELEASE.jar:/home/fabio/.m2/repository/org/springframework/security/spring-security-core/4.2.3.RELEASE/spring-security-core-4.2.3.RELEASE.jar:/home/fabio/.m2/repository/org/springframework/security/spring-security-web/4.2.3.RELEASE/spring-security-web-4.2.3.RELEASE.jar:/home/fabio/.m2/repository/org/slf4j/slf4j-api/1.7.25/slf4j-api-1.7.25.jar:/home/fabio/.m2/repository/ch/qos/logback/logback-classic/1.1.3/logback-classic-1.1.3.jar:/home/fabio/.m2/repository/ch/qos/logback/logback-core/1.1.3/logback-core-1.1.3.jar:/home/fabio/.m2/repository/org/slf4j/jcl-over-slf4j/1.7.25/jcl-over-slf4j-1.7.25.jar:/home/fabio/.m2/repository/commons-dbutils/commons-dbutils/1.6/commons-dbutils-1.6.jar:/home/fabio/.m2/repository/org/hibernate/hibernate-core/4.3.11.Final/hibernate-core-4.3.11.Final.jar:/home/fabio/.m2/repository/antlr/antlr/2.7.7/antlr-2.7.7.jar:/home/fabio/.m2/repository/org/jboss/jandex/1.1.0.Final/jandex-1.1.0.Final.jar:/home/fabio/.m2/repository/org/hibernate/hibernate-c3p0/4.3.11.Final/hibernate-c3p0-4.3.11.Final.jar:/home/fabio/.m2/repository/com/mchange/c3p0/0.9.2.1/c3p0-0.9.2.1.jar:/home/fabio/.m2/repository/com/mchange/mchange-commons-java/0.2.3.4/mchange-commons-java-0.2.3.4.jar:/home/fabio/.m2/repository/org/hibernate/hibernate-validator/5.3.5.Final/hibernate-validator-5.3.5.Final.jar:/home/fabio/.m2/repository/com/fasterxml/classmate/1.3.3/classmate-1.3.3.jar:/home/fabio/.m2/repository/javax/validation/validation-api/1.1.0.Final/validation-api-1.1.0.Final.jar:/home/fabio/.m2/repository/org/jooq/jooq/3.9.4/jooq-3.9.4.jar:/home/fabio/.m2/repository/mysql/mysql-connector-java/5.1.43/mysql-connector-java-5.1.43.jar:, hibernate.bytecode.use_reflection_optimizer=false, java.vm.specification.name=Java Virtual Machine Specification, hibernate.c3p0.testConnectionOnCheckout=true, java.vm.specification.version=1.8, sun.cpu.endian=little, sun.os.patch.level=unknown, surefire.test.class.path=/home/fabio/Documentos/facu/ingweb3/repoingweb3personal/supermercadosdeltaplusModulo/target/test-classes:/home/fabio/Documentos/facu/ingweb3/repoingweb3personal/supermercadosdeltaplusModulo/target/classes:/home/fabio/.m2/repository/org/hibernate/hibernate-entitymanager/4.3.1.Final/hibernate-entitymanager-4.3.1.Final.jar:/home/fabio/.m2/repository/org/jboss/logging/jboss-logging/3.3.1.Final/jboss-logging-3.3.1.Final.jar:/home/fabio/.m2/repository/org/jboss/logging/jboss-logging-annotations/1.2.0.Beta1/jboss-logging-annotations-1.2.0.Beta1.jar:/home/fabio/.m2/repository/dom4j/dom4j/1.6.1/dom4j-1.6.1.jar:/home/fabio/.m2/repository/org/hibernate/common/hibernate-commons-annotations/4.0.4.Final/hibernate-commons-annotations-4.0.4.Final.jar:/home/fabio/.m2/repository/org/jboss/spec/javax/transaction/jboss-transaction-api_1.2_spec/1.0.0.Final/jboss-transaction-api_1.2_spec-1.0.0.Final.jar:/home/fabio/.m2/repository/org/javassist/javassist/3.21.0-GA/javassist-3.21.0-GA.jar:/home/fabio/.m2/repository/junit/junit/4.12/junit-4.12.jar:/home/fabio/.m2/repository/org/hamcrest/hamcrest-core/1.3/hamcrest-core-1.3.jar:/home/fabio/.m2/repository/org/hibernate/javax/persistence/hibernate-jpa-2.1-api/1.0.0.Final/hibernate-jpa-2.1-api-1.0.0.Final.jar:/home/fabio/.m2/repository/javax/javaee-web-api/7.0/javaee-web-api-7.0.jar:/home/fabio/.m2/repository/org/springframework/boot/spring-boot-starter-web/1.5.6.RELEASE/spring-boot-starter-web-1.5.6.RELEASE.jar:/home/fabio/.m2/repository/org/springframework/boot/spring-boot-starter/1.5.6.RELEASE/spring-boot-starter-1.5.6.RELEASE.jar:/home/fabio/.m2/repository/org/springframework/boot/spring-boot/1.5.6.RELEASE/spring-boot-1.5.6.RELEASE.jar:/home/fabio/.m2/repository/org/springframework/boot/spring-boot-autoconfigure/1.5.6.RELEASE/spring-boot-autoconfigure-1.5.6.RELEASE.jar:/home/fabio/.m2/repository/org/springframework/boot/spring-boot-starter-logging/1.5.6.RELEASE/spring-boot-starter-logging-1.5.6.RELEASE.jar:/home/fabio/.m2/repository/org/slf4j/jul-to-slf4j/1.7.25/jul-to-slf4j-1.7.25.jar:/home/fabio/.m2/repository/org/slf4j/log4j-over-slf4j/1.7.25/log4j-over-slf4j-1.7.25.jar:/home/fabio/.m2/repository/org/yaml/snakeyaml/1.17/snakeyaml-1.17.jar:/home/fabio/.m2/repository/org/springframework/boot/spring-boot-starter-tomcat/1.5.6.RELEASE/spring-boot-starter-tomcat-1.5.6.RELEASE.jar:/home/fabio/.m2/repository/org/apache/tomcat/embed/tomcat-embed-core/8.5.16/tomcat-embed-core-8.5.16.jar:/home/fabio/.m2/repository/org/apache/tomcat/embed/tomcat-embed-el/8.5.16/tomcat-embed-el-8.5.16.jar:/home/fabio/.m2/repository/org/apache/tomcat/embed/tomcat-embed-websocket/8.5.16/tomcat-embed-websocket-8.5.16.jar:/home/fabio/.m2/repository/com/fasterxml/jackson/core/jackson-databind/2.8.9/jackson-databind-2.8.9.jar:/home/fabio/.m2/repository/com/fasterxml/jackson/core/jackson-annotations/2.8.0/jackson-annotations-2.8.0.jar:/home/fabio/.m2/repository/com/fasterxml/jackson/core/jackson-core/2.8.9/jackson-core-2.8.9.jar:/home/fabio/.m2/repository/org/springframework/boot/spring-boot-starter-actuator/1.5.6.RELEASE/spring-boot-starter-actuator-1.5.6.RELEASE.jar:/home/fabio/.m2/repository/org/springframework/boot/spring-boot-actuator/1.5.6.RELEASE/spring-boot-actuator-1.5.6.RELEASE.jar:/home/fabio/.m2/repository/org/aspectj/aspectjweaver/1.8.10/aspectjweaver-1.8.10.jar:/home/fabio/.m2/repository/org/springframework/spring-core/4.3.10.RELEASE/spring-core-4.3.10.RELEASE.jar:/home/fabio/.m2/repository/org/springframework/spring-context/4.3.10.RELEASE/spring-context-4.3.10.RELEASE.jar:/home/fabio/.m2/repository/org/springframework/spring-beans/4.3.10.RELEASE/spring-beans-4.3.10.RELEASE.jar:/home/fabio/.m2/repository/org/springframework/spring-expression/4.3.10.RELEASE/spring-expression-4.3.10.RELEASE.jar:/home/fabio/.m2/repository/org/springframework/spring-aspects/4.3.10.RELEASE/spring-aspects-4.3.10.RELEASE.jar:/home/fabio/.m2/repository/org/springframework/spring-webmvc/4.3.10.RELEASE/spring-webmvc-4.3.10.RELEASE.jar:/home/fabio/.m2/repository/org/springframework/spring-web/4.3.10.RELEASE/spring-web-4.3.10.RELEASE.jar:/home/fabio/.m2/repository/org/springframework/spring-oxm/4.3.10.RELEASE/spring-oxm-4.3.10.RELEASE.jar:/home/fabio/.m2/repository/org/springframework/spring-tx/4.3.10.RELEASE/spring-tx-4.3.10.RELEASE.jar:/home/fabio/.m2/repository/org/springframework/spring-aop/4.3.10.RELEASE/spring-aop-4.3.10.RELEASE.jar:/home/fabio/.m2/repository/org/springframework/spring-orm/4.3.10.RELEASE/spring-orm-4.3.10.RELEASE.jar:/home/fabio/.m2/repository/org/springframework/spring-jdbc/4.3.10.RELEASE/spring-jdbc-4.3.10.RELEASE.jar:/home/fabio/.m2/repository/org/springframework/boot/spring-boot-starter-security/1.5.6.RELEASE/spring-boot-starter-security-1.5.6.RELEASE.jar:/home/fabio/.m2/repository/org/springframework/security/spring-security-config/4.2.3.RELEASE/spring-security-config-4.2.3.RELEASE.jar:/home/fabio/.m2/repository/org/springframework/security/spring-security-core/4.2.3.RELEASE/spring-security-core-4.2.3.RELEASE.jar:/home/fabio/.m2/repository/org/springframework/security/spring-security-web/4.2.3.RELEASE/spring-security-web-4.2.3.RELEASE.jar:/home/fabio/.m2/repository/org/slf4j/slf4j-api/1.7.25/slf4j-api-1.7.25.jar:/home/fabio/.m2/repository/ch/qos/logback/logback-classic/1.1.3/logback-classic-1.1.3.jar:/home/fabio/.m2/repository/ch/qos/logback/logback-core/1.1.3/logback-core-1.1.3.jar:/home/fabio/.m2/repository/org/slf4j/jcl-over-slf4j/1.7.25/jcl-over-slf4j-1.7.25.jar:/home/fabio/.m2/repository/commons-dbutils/commons-dbutils/1.6/commons-dbutils-1.6.jar:/home/fabio/.m2/repository/org/hibernate/hibernate-core/4.3.11.Final/hibernate-core-4.3.11.Final.jar:/home/fabio/.m2/repository/antlr/antlr/2.7.7/antlr-2.7.7.jar:/home/fabio/.m2/repository/org/jboss/jandex/1.1.0.Final/jandex-1.1.0.Final.jar:/home/fabio/.m2/repository/org/hibernate/hibernate-c3p0/4.3.11.Final/hibernate-c3p0-4.3.11.Final.jar:/home/fabio/.m2/repository/com/mchange/c3p0/0.9.2.1/c3p0-0.9.2.1.jar:/home/fabio/.m2/repository/com/mchange/mchange-commons-java/0.2.3.4/mchange-commons-java-0.2.3.4.jar:/home/fabio/.m2/repository/org/hibernate/hibernate-validator/5.3.5.Final/hibernate-validator-5.3.5.Final.jar:/home/fabio/.m2/repository/com/fasterxml/classmate/1.3.3/classmate-1.3.3.jar:/home/fabio/.m2/repository/javax/validation/validation-api/1.1.0.Final/validation-api-1.1.0.Final.jar:/home/fabio/.m2/repository/org/jooq/jooq/3.9.4/jooq-3.9.4.jar:/home/fabio/.m2/repository/mysql/mysql-connector-java/5.1.43/mysql-connector-java-5.1.43.jar:, java.io.tmpdir=/tmp, java.vendor.url.bug=http://bugreport.sun.com/bugreport/, os.arch=amd64, java.awt.graphicsenv=sun.awt.X11GraphicsEnvironment, java.ext.dirs=/usr/java/jdk1.8.0_144/jre/lib/ext:/usr/java/packages/lib/ext, user.dir=/home/fabio/Documentos/facu/ingweb3/repoingweb3personal/supermercadosdeltaplusModulo, hibernate.c3p0.idle_test_period=10, line.separator=
, java.vm.name=Java HotSpot(TM) 64-Bit Server VM, basedir=/home/fabio/Documentos/facu/ingweb3/repoingweb3personal/supermercadosdeltaplusModulo, hibernate.c3p0.acquire_increment=3, file.encoding=UTF-8, format_sql=true, java.specification.version=1.8, hibernate.show_sql=true, hibernate.c3p0.max_statements=10}
13:56:35.956 [main] DEBUG o.h.i.internal.IntegratorServiceImpl - Adding Integrator [org.hibernate.cfg.beanvalidation.BeanValidationIntegrator].
13:56:35.959 [main] DEBUG o.h.i.internal.IntegratorServiceImpl - Adding Integrator [org.hibernate.secure.spi.JaccIntegrator].
13:56:35.962 [main] DEBUG o.h.i.internal.IntegratorServiceImpl - Adding Integrator [org.hibernate.cache.internal.CollectionCacheInvalidator].
13:56:35.988 [main] DEBUG o.h.b.r.s.i.StrategySelectorImpl - Registering named strategy selector [org.hibernate.dialect.Dialect] : [MySQL5] -> [org.hibernate.dialect.MySQL5Dialect] (replacing [org.hibernate.dialect.MySQL5Dialect])
13:56:35.990 [main] DEBUG o.h.b.r.s.i.StrategySelectorImpl - Registering named strategy selector [org.hibernate.dialect.Dialect] : [MySQL5InnoDB] -> [org.hibernate.dialect.MySQL5InnoDBDialect] (replacing [org.hibernate.dialect.MySQL5InnoDBDialect])
13:56:36.065 [main] DEBUG o.h.service.spi.ServiceBinding - Overriding existing service binding [org.hibernate.secure.spi.JaccService]
13:56:36.066 [main] DEBUG org.hibernate.cfg.Configuration - Preparing to build session factory with filters : {}
13:56:36.090 [main] INFO  o.h.c.i.C3P0ConnectionProvider - HHH010002: C3P0 using driver: com.mysql.jdbc.Driver at URL: jdbc:mysql://localhost:3306/supermercadosdeltaplus
13:56:36.090 [main] INFO  o.h.c.i.C3P0ConnectionProvider - HHH000046: Connection properties: {user=root, password=****}
13:56:36.090 [main] INFO  o.h.c.i.C3P0ConnectionProvider - HHH000006: Autocommit mode: false
13:56:36.105 [main] WARN  o.h.c.i.C3P0ConnectionProvider - HHH010001: Both hibernate-style property 'hibernate.c3p0.timeout' and c3p0-style property 'hibernate.c3p0.maxIdleTime' have been set in Hibernate properties.  Hibernate-style property 'hibernate.c3p0.timeout' will be used and c3p0-style property 'hibernate.c3p0.maxIdleTime' will be ignored!
13:56:36.124 [main] INFO  com.mchange.v2.log.MLog - MLog clients using log4j logging.
13:56:36.295 [main] INFO  com.mchange.v2.c3p0.C3P0Registry - Initializing c3p0-0.9.2.1 [built 20-March-2013 10:47:27 +0000; debug? true; trace: 10]
13:56:36.314 [main] DEBUG c.m.v.c.m.DynamicPooledDataSourceManagerMBean - MBean: com.mchange.v2.c3p0:type=PooledDataSource,identityToken=z8kfsx9q1mqsllcezswow|131ef10,name=z8kfsx9q1mqsllcezswow|131ef10 registered.
13:56:36.335 [main] DEBUG c.m.v.c.m.DynamicPooledDataSourceManagerMBean - MBean: com.mchange.v2.c3p0:type=PooledDataSource,identityToken=z8kfsx9q1mqsllcezswow|131ef10,name=z8kfsx9q1mqsllcezswow|131ef10 unregistered, in order to be reregistered after update.
13:56:36.335 [main] DEBUG c.m.v.c.m.DynamicPooledDataSourceManagerMBean - MBean: com.mchange.v2.c3p0:type=PooledDataSource,identityToken=z8kfsx9q1mqsllcezswow|131ef10,name=z8kfsx9q1mqsllcezswow|131ef10 registered.
13:56:36.373 [main] INFO  c.m.v.c.i.AbstractPoolBackedDataSource - Initializing c3p0 pool... com.mchange.v2.c3p0.PoolBackedDataSource@637e215c [ connectionPoolDataSource -> com.mchange.v2.c3p0.WrapperConnectionPoolDataSource@c316c260 [ acquireIncrement -> 3, acquireRetryAttempts -> 30, acquireRetryDelay -> 1000, autoCommitOnClose -> false, automaticTestTable -> null, breakAfterAcquireFailure -> false, checkoutTimeout -> 0, connectionCustomizerClassName -> null, connectionTesterClassName -> com.mchange.v2.c3p0.impl.DefaultConnectionTester, debugUnreturnedConnectionStackTraces -> false, factoryClassLocation -> null, forceIgnoreUnresolvedTransactions -> false, identityToken -> z8kfsx9q1mqsllcezswow|279fedbd, idleConnectionTestPeriod -> 10, initialPoolSize -> 5, maxAdministrativeTaskTime -> 0, maxConnectionAge -> 0, maxIdleTime -> 3600, maxIdleTimeExcessConnections -> 0, maxPoolSize -> 75, maxStatements -> 10, maxStatementsPerConnection -> 0, minPoolSize -> 5, nestedDataSource -> com.mchange.v2.c3p0.DriverManagerDataSource@5beb15c [ description -> null, driverClass -> null, factoryClassLocation -> null, identityToken -> z8kfsx9q1mqsllcezswow|55141def, jdbcUrl -> jdbc:mysql://localhost:3306/supermercadosdeltaplus, properties -> {user=******, password=******} ], preferredTestQuery -> select 1, propertyCycle -> 0, statementCacheNumDeferredCloseThreads -> 0, testConnectionOnCheckin -> false, testConnectionOnCheckout -> true, unreturnedConnectionTimeout -> 0, usesTraditionalReflectiveProxies -> false; userOverrides: {} ], dataSourceName -> null, factoryClassLocation -> null, identityToken -> z8kfsx9q1mqsllcezswow|131ef10, numHelperThreads -> 3 ]
13:56:36.393 [main] DEBUG c.m.v.resourcepool.BasicResourcePool - incremented pending_acquires: 1
13:56:36.393 [main] DEBUG c.m.v.resourcepool.BasicResourcePool - Starting acquisition series. Incremented pending_acquires [1],  attempts_remaining: 30
13:56:36.393 [main] DEBUG c.m.v.a.ThreadPoolAsynchronousRunner - com.mchange.v2.async.ThreadPoolAsynchronousRunner@4470f8a6: Adding task to queue -- com.mchange.v2.resourcepool.BasicResourcePool$ScatteredAcquireTask@7c83dc97
13:56:36.393 [main] DEBUG c.m.v.resourcepool.BasicResourcePool - incremented pending_acquires: 2
13:56:36.393 [main] DEBUG c.m.v.resourcepool.BasicResourcePool - Starting acquisition series. Incremented pending_acquires [2],  attempts_remaining: 30
13:56:36.393 [main] DEBUG c.m.v.a.ThreadPoolAsynchronousRunner - com.mchange.v2.async.ThreadPoolAsynchronousRunner@4470f8a6: Adding task to queue -- com.mchange.v2.resourcepool.BasicResourcePool$ScatteredAcquireTask@7748410a
13:56:36.393 [main] DEBUG c.m.v.resourcepool.BasicResourcePool - incremented pending_acquires: 3
13:56:36.393 [main] DEBUG c.m.v.resourcepool.BasicResourcePool - Starting acquisition series. Incremented pending_acquires [3],  attempts_remaining: 30
13:56:36.393 [main] DEBUG c.m.v.a.ThreadPoolAsynchronousRunner - com.mchange.v2.async.ThreadPoolAsynchronousRunner@4470f8a6: Adding task to queue -- com.mchange.v2.resourcepool.BasicResourcePool$ScatteredAcquireTask@740773a3
13:56:36.393 [main] DEBUG c.m.v.resourcepool.BasicResourcePool - incremented pending_acquires: 4
13:56:36.393 [main] DEBUG c.m.v.resourcepool.BasicResourcePool - Starting acquisition series. Incremented pending_acquires [4],  attempts_remaining: 30
13:56:36.393 [main] DEBUG c.m.v.a.ThreadPoolAsynchronousRunner - com.mchange.v2.async.ThreadPoolAsynchronousRunner@4470f8a6: Adding task to queue -- com.mchange.v2.resourcepool.BasicResourcePool$ScatteredAcquireTask@37f1104d
13:56:36.394 [main] DEBUG c.m.v.resourcepool.BasicResourcePool - incremented pending_acquires: 5
13:56:36.394 [main] DEBUG c.m.v.resourcepool.BasicResourcePool - Starting acquisition series. Incremented pending_acquires [5],  attempts_remaining: 30
13:56:36.394 [main] DEBUG c.m.v.a.ThreadPoolAsynchronousRunner - com.mchange.v2.async.ThreadPoolAsynchronousRunner@4470f8a6: Adding task to queue -- com.mchange.v2.resourcepool.BasicResourcePool$ScatteredAcquireTask@55740540
13:56:36.394 [main] DEBUG c.m.v.resourcepool.BasicResourcePool - com.mchange.v2.resourcepool.BasicResourcePool@60015ef5 config: [start -> 5; min -> 5; max -> 75; inc -> 3; num_acq_attempts -> 30; acq_attempt_delay -> 1000; check_idle_resources_delay -> 10000; mox_resource_age -> 0; max_idle_time -> 3600000; excess_max_idle_time -> 0; destroy_unreturned_resc_time -> 0; expiration_enforcement_delay -> 900000; break_on_acquisition_failure -> false; debug_store_checkout_exceptions -> false]
13:56:36.394 [main] DEBUG c.m.v.c.i.C3P0PooledConnectionPoolManager - Created new pool for auth, username (masked): 'ro******'.
13:56:36.394 [main] DEBUG c.m.v.resourcepool.BasicResourcePool - acquire test -- pool size: 0; target_pool_size: 5; desired target? 1
13:56:36.394 [main] DEBUG c.m.v.resourcepool.BasicResourcePool - awaitAvailable(): [unknown]
13:56:36.395 [main] DEBUG c.m.v.resourcepool.BasicResourcePool - trace com.mchange.v2.resourcepool.BasicResourcePool@60015ef5 [managed: 0, unused: 0, excluded: 0]
13:56:37.611 [C3P0PooledConnectionPoolManager[identityToken->z8kfsx9q1mqsllcezswow|131ef10]-HelperThread-#2] DEBUG c.m.v.c3p0.stmt.GooGooStatementCache - checkinAll(): com.mchange.v2.c3p0.stmt.GlobalMaxOnlyStatementCache stats -- total size: 0; checked out: 0; num connections: 0; num keys: 0
13:56:37.611 [C3P0PooledConnectionPoolManager[identityToken->z8kfsx9q1mqsllcezswow|131ef10]-HelperThread-#1] DEBUG c.m.v.c3p0.stmt.GooGooStatementCache - checkinAll(): com.mchange.v2.c3p0.stmt.GlobalMaxOnlyStatementCache stats -- total size: 0; checked out: 0; num connections: 0; num keys: 0
13:56:37.612 [C3P0PooledConnectionPoolManager[identityToken->z8kfsx9q1mqsllcezswow|131ef10]-HelperThread-#1] DEBUG c.m.v.c.i.C3P0PooledConnectionPool - com.mchange.v2.c3p0.impl.C3P0PooledConnectionPool$1PooledConnectionResourcePoolManager@69e9d0d2.acquireResource() returning. 
13:56:37.612 [C3P0PooledConnectionPoolManager[identityToken->z8kfsx9q1mqsllcezswow|131ef10]-HelperThread-#2] DEBUG c.m.v.c.i.C3P0PooledConnectionPool - com.mchange.v2.c3p0.impl.C3P0PooledConnectionPool$1PooledConnectionResourcePoolManager@69e9d0d2.acquireResource() returning. 
13:56:37.613 [C3P0PooledConnectionPoolManager[identityToken->z8kfsx9q1mqsllcezswow|131ef10]-HelperThread-#1] DEBUG c.m.v.resourcepool.BasicResourcePool - trace com.mchange.v2.resourcepool.BasicResourcePool@60015ef5 [managed: 1, unused: 1, excluded: 0]
13:56:37.613 [C3P0PooledConnectionPoolManager[identityToken->z8kfsx9q1mqsllcezswow|131ef10]-HelperThread-#1] DEBUG c.m.v.resourcepool.BasicResourcePool - decremented pending_acquires: 4
13:56:37.613 [C3P0PooledConnectionPoolManager[identityToken->z8kfsx9q1mqsllcezswow|131ef10]-HelperThread-#0] DEBUG c.m.v.c3p0.stmt.GooGooStatementCache - checkinAll(): com.mchange.v2.c3p0.stmt.GlobalMaxOnlyStatementCache stats -- total size: 0; checked out: 0; num connections: 0; num keys: 0
13:56:37.613 [C3P0PooledConnectionPoolManager[identityToken->z8kfsx9q1mqsllcezswow|131ef10]-HelperThread-#0] DEBUG c.m.v.c.i.C3P0PooledConnectionPool - com.mchange.v2.c3p0.impl.C3P0PooledConnectionPool$1PooledConnectionResourcePoolManager@69e9d0d2.acquireResource() returning. 
13:56:37.614 [C3P0PooledConnectionPoolManager[identityToken->z8kfsx9q1mqsllcezswow|131ef10]-HelperThread-#0] DEBUG c.m.v.resourcepool.BasicResourcePool - trace com.mchange.v2.resourcepool.BasicResourcePool@60015ef5 [managed: 2, unused: 2, excluded: 0] (e.g. com.mchange.v2.c3p0.impl.NewPooledConnection@5d89954f)
13:56:37.614 [C3P0PooledConnectionPoolManager[identityToken->z8kfsx9q1mqsllcezswow|131ef10]-HelperThread-#0] DEBUG c.m.v.resourcepool.BasicResourcePool - decremented pending_acquires: 3
13:56:37.614 [C3P0PooledConnectionPoolManager[identityToken->z8kfsx9q1mqsllcezswow|131ef10]-HelperThread-#0] DEBUG c.m.v.resourcepool.BasicResourcePool - Acquisition series terminated successfully. Decremented pending_acquires [3],  attempts_remaining: 30
13:56:37.615 [C3P0PooledConnectionPoolManager[identityToken->z8kfsx9q1mqsllcezswow|131ef10]-HelperThread-#2] DEBUG c.m.v.resourcepool.BasicResourcePool - trace com.mchange.v2.resourcepool.BasicResourcePool@60015ef5 [managed: 3, unused: 3, excluded: 0] (e.g. com.mchange.v2.c3p0.impl.NewPooledConnection@5d89954f)
13:56:37.615 [C3P0PooledConnectionPoolManager[identityToken->z8kfsx9q1mqsllcezswow|131ef10]-HelperThread-#2] DEBUG c.m.v.resourcepool.BasicResourcePool - decremented pending_acquires: 2
13:56:37.615 [C3P0PooledConnectionPoolManager[identityToken->z8kfsx9q1mqsllcezswow|131ef10]-HelperThread-#2] DEBUG c.m.v.resourcepool.BasicResourcePool - Acquisition series terminated successfully. Decremented pending_acquires [2],  attempts_remaining: 30
13:56:37.615 [main] DEBUG c.m.v.c.i.C3P0PooledConnectionPool - Testing PooledConnection [com.mchange.v2.c3p0.impl.NewPooledConnection@375f4405] on CHECKOUT.
13:56:37.624 [C3P0PooledConnectionPoolManager[identityToken->z8kfsx9q1mqsllcezswow|131ef10]-HelperThread-#1] DEBUG c.m.v.resourcepool.BasicResourcePool - Acquisition series terminated successfully. Decremented pending_acquires [2],  attempts_remaining: 30
13:56:37.654 [main] DEBUG c.m.v.c3p0.stmt.GooGooStatementCache - checkinAll(): com.mchange.v2.c3p0.stmt.GlobalMaxOnlyStatementCache stats -- total size: 0; checked out: 0; num connections: 0; num keys: 0
13:56:37.655 [main] DEBUG c.m.v.c.i.C3P0PooledConnectionPool - Test of PooledConnection [com.mchange.v2.c3p0.impl.NewPooledConnection@375f4405] on CHECKOUT has SUCCEEDED.
13:56:37.655 [main] DEBUG c.m.v.resourcepool.BasicResourcePool - trace com.mchange.v2.resourcepool.BasicResourcePool@60015ef5 [managed: 3, unused: 2, excluded: 0] (e.g. com.mchange.v2.c3p0.impl.NewPooledConnection@5d89954f)
13:56:37.677 [main] DEBUG o.h.e.jdbc.internal.JdbcServicesImpl - Database ->
       name : MySQL
    version : 5.7.19
      major : 5
      minor : 7
13:56:37.682 [main] DEBUG o.h.e.jdbc.internal.JdbcServicesImpl - Driver ->
       name : MySQL Connector Java
    version : mysql-connector-java-5.1.43 ( Revision: 1d14b699eff3e6112aaedb1cbe5a151ab81f98f1 )
      major : 5
      minor : 1
13:56:37.686 [main] DEBUG o.h.e.jdbc.internal.JdbcServicesImpl - JDBC version : 4.0
13:56:37.692 [main] DEBUG o.h.e.j.c.i.StandardRefCursorSupport - Unexpected error trying to gauge level of JDBC REF_CURSOR support : null
13:56:37.792 [C3P0PooledConnectionPoolManager[identityToken->z8kfsx9q1mqsllcezswow|131ef10]-HelperThread-#2] DEBUG c.m.v.c3p0.stmt.GooGooStatementCache - checkinAll(): com.mchange.v2.c3p0.stmt.GlobalMaxOnlyStatementCache stats -- total size: 0; checked out: 0; num connections: 0; num keys: 0
13:56:37.792 [C3P0PooledConnectionPoolManager[identityToken->z8kfsx9q1mqsllcezswow|131ef10]-HelperThread-#2] DEBUG c.m.v.c.i.C3P0PooledConnectionPool - com.mchange.v2.c3p0.impl.C3P0PooledConnectionPool$1PooledConnectionResourcePoolManager@69e9d0d2.acquireResource() returning. 
13:56:37.793 [C3P0PooledConnectionPoolManager[identityToken->z8kfsx9q1mqsllcezswow|131ef10]-HelperThread-#2] DEBUG c.m.v.resourcepool.BasicResourcePool - trace com.mchange.v2.resourcepool.BasicResourcePool@60015ef5 [managed: 4, unused: 3, excluded: 0] (e.g. com.mchange.v2.c3p0.impl.NewPooledConnection@5d89954f)
13:56:37.793 [C3P0PooledConnectionPoolManager[identityToken->z8kfsx9q1mqsllcezswow|131ef10]-HelperThread-#2] DEBUG c.m.v.resourcepool.BasicResourcePool - decremented pending_acquires: 1
13:56:37.793 [C3P0PooledConnectionPoolManager[identityToken->z8kfsx9q1mqsllcezswow|131ef10]-HelperThread-#2] DEBUG c.m.v.resourcepool.BasicResourcePool - Acquisition series terminated successfully. Decremented pending_acquires [1],  attempts_remaining: 30
13:56:37.795 [main] INFO  org.hibernate.dialect.Dialect - HHH000400: Using dialect: org.hibernate.dialect.MySQLDialect
13:56:37.807 [C3P0PooledConnectionPoolManager[identityToken->z8kfsx9q1mqsllcezswow|131ef10]-HelperThread-#0] DEBUG c.m.v.c3p0.stmt.GooGooStatementCache - checkinAll(): com.mchange.v2.c3p0.stmt.GlobalMaxOnlyStatementCache stats -- total size: 0; checked out: 0; num connections: 0; num keys: 0
13:56:37.807 [C3P0PooledConnectionPoolManager[identityToken->z8kfsx9q1mqsllcezswow|131ef10]-HelperThread-#0] DEBUG c.m.v.c.i.C3P0PooledConnectionPool - com.mchange.v2.c3p0.impl.C3P0PooledConnectionPool$1PooledConnectionResourcePoolManager@69e9d0d2.acquireResource() returning. 
13:56:37.808 [C3P0PooledConnectionPoolManager[identityToken->z8kfsx9q1mqsllcezswow|131ef10]-HelperThread-#0] DEBUG c.m.v.resourcepool.BasicResourcePool - trace com.mchange.v2.resourcepool.BasicResourcePool@60015ef5 [managed: 5, unused: 4, excluded: 0] (e.g. com.mchange.v2.c3p0.impl.NewPooledConnection@5d89954f)
13:56:37.808 [C3P0PooledConnectionPoolManager[identityToken->z8kfsx9q1mqsllcezswow|131ef10]-HelperThread-#0] DEBUG c.m.v.resourcepool.BasicResourcePool - decremented pending_acquires: 0
13:56:37.808 [C3P0PooledConnectionPoolManager[identityToken->z8kfsx9q1mqsllcezswow|131ef10]-HelperThread-#0] DEBUG c.m.v.resourcepool.BasicResourcePool - Acquisition series terminated successfully. Decremented pending_acquires [0],  attempts_remaining: 30
13:56:37.841 [main] INFO  o.h.e.j.internal.LobCreatorBuilder - HHH000424: Disabling contextual LOB creation as createClob() method threw error : java.lang.reflect.InvocationTargetException
13:56:37.841 [main] DEBUG c.m.v.c3p0.stmt.GooGooStatementCache - checkinAll(): com.mchange.v2.c3p0.stmt.GlobalMaxOnlyStatementCache stats -- total size: 0; checked out: 0; num connections: 0; num keys: 0
13:56:37.844 [main] DEBUG c.m.v.a.ThreadPoolAsynchronousRunner - com.mchange.v2.async.ThreadPoolAsynchronousRunner@4470f8a6: Adding task to queue -- com.mchange.v2.resourcepool.BasicResourcePool$1RefurbishCheckinResourceTask@6631f5ca
13:56:37.855 [main] DEBUG c.m.v.resourcepool.BasicResourcePool - trace com.mchange.v2.resourcepool.BasicResourcePool@60015ef5 [managed: 5, unused: 4, excluded: 0] (e.g. com.mchange.v2.c3p0.impl.NewPooledConnection@5d89954f)
13:56:37.856 [C3P0PooledConnectionPoolManager[identityToken->z8kfsx9q1mqsllcezswow|131ef10]-HelperThread-#0] DEBUG c.m.v.c3p0.stmt.GooGooStatementCache - checkinAll(): com.mchange.v2.c3p0.stmt.GlobalMaxOnlyStatementCache stats -- total size: 0; checked out: 0; num connections: 0; num keys: 0
13:56:38.018 [main] DEBUG org.hibernate.cfg.Configuration - Processing hbm.xml files
13:56:38.018 [main] DEBUG org.hibernate.cfg.Configuration - Process annotated classes
13:56:38.028 [main] DEBUG org.hibernate.cfg.AnnotationBinder - Binding entity from annotated class: com.fabiocompany.supermercadosdeltaplus.model.Cabeceraticket
13:56:38.056 [main] DEBUG org.hibernate.cfg.Ejb3Column - Binding column: Ejb3DiscriminatorColumn{logicalColumnName'DTYPE', discriminatorTypeName='string'}
13:56:38.058 [main] DEBUG org.hibernate.cfg.AnnotationBinder - No value specified for 'javax.persistence.sharedCache.mode'; using UNSPECIFIED
13:56:38.064 [main] DEBUG o.h.cfg.annotations.EntityBinder - Import with entity name Cabeceraticket
13:56:38.067 [main] DEBUG o.h.cfg.annotations.EntityBinder - Bind entity com.fabiocompany.supermercadosdeltaplus.model.Cabeceraticket on table cabeceraticket
13:56:38.142 [main] DEBUG org.hibernate.cfg.Ejb3Column - Binding column: Ejb3Column{table=org.hibernate.mapping.Table(cabeceraticket), mappingColumn=idticket, insertable=true, updatable=true, unique=false}
13:56:38.151 [main] DEBUG o.h.cfg.annotations.PropertyBinder - MetadataSourceProcessor property idticket with lazy=false
13:56:38.154 [main] DEBUG o.h.cfg.AbstractPropertyHolder - Attempting to locate auto-apply AttributeConverter for property [com.fabiocompany.supermercadosdeltaplus.model.Cabeceraticket:idticket]
13:56:38.157 [main] DEBUG o.h.c.annotations.SimpleValueBinder - building SimpleValue for idticket
13:56:38.160 [main] DEBUG o.h.cfg.annotations.PropertyBinder - Building property idticket
13:56:38.170 [main] DEBUG org.hibernate.cfg.Ejb3Column - Binding column: Ejb3JoinColumn{logicalColumnName='idticket', referencedColumn='', mappedBy=''}
13:56:38.171 [main] DEBUG org.hibernate.cfg.Ejb3Column - Binding column: Ejb3Column{table=org.hibernate.mapping.Table(cabeceraticket), mappingColumn=detalletickets, insertable=true, updatable=true, unique=false}
13:56:38.173 [main] DEBUG org.hibernate.cfg.Ejb3Column - Binding column: Ejb3Column{table=org.hibernate.mapping.Table(cabeceraticket), mappingColumn=idx, insertable=true, updatable=true, unique=false}
13:56:38.186 [main] DEBUG org.hibernate.cfg.Ejb3Column - Binding column: Ejb3Column{table=org.hibernate.mapping.Table(cabeceraticket), mappingColumn=element, insertable=true, updatable=true, unique=false}
13:56:38.187 [main] DEBUG org.hibernate.cfg.Ejb3Column - Binding column: Ejb3Column{table=org.hibernate.mapping.Table(cabeceraticket), mappingColumn=detalletickets_KEY, insertable=true, updatable=true, unique=false}
13:56:38.187 [main] DEBUG org.hibernate.cfg.Ejb3Column - Binding column: Ejb3JoinColumn{logicalColumnName='detalletickets_KEY', referencedColumn='null', mappedBy='null'}
13:56:38.189 [main] DEBUG org.hibernate.cfg.Ejb3Column - Binding column: Ejb3JoinColumn{logicalColumnName='null', referencedColumn='null', mappedBy=''}
13:56:38.190 [main] DEBUG org.hibernate.cfg.Ejb3Column - Binding column: Ejb3JoinColumn{logicalColumnName='null', referencedColumn='null', mappedBy=''}
13:56:38.191 [main] DEBUG o.h.cfg.annotations.CollectionBinder - Collection role: com.fabiocompany.supermercadosdeltaplus.model.Cabeceraticket.detalletickets
13:56:38.194 [main] DEBUG o.h.cfg.annotations.PropertyBinder - Building property detalletickets
13:56:38.195 [main] DEBUG org.hibernate.cfg.Ejb3Column - Binding column: Ejb3Column{table=org.hibernate.mapping.Table(cabeceraticket), mappingColumn=fecha, insertable=true, updatable=true, unique=false}
13:56:38.195 [main] DEBUG o.h.cfg.annotations.PropertyBinder - MetadataSourceProcessor property fecha with lazy=false
13:56:38.196 [main] DEBUG o.h.cfg.AbstractPropertyHolder - Attempting to locate auto-apply AttributeConverter for property [com.fabiocompany.supermercadosdeltaplus.model.Cabeceraticket:fecha]
13:56:38.196 [main] DEBUG o.h.c.annotations.SimpleValueBinder - building SimpleValue for fecha
13:56:38.196 [main] DEBUG o.h.cfg.annotations.PropertyBinder - Building property fecha
13:56:38.196 [main] DEBUG org.hibernate.cfg.Ejb3Column - Binding column: Ejb3JoinColumn{logicalColumnName='idusuario', referencedColumn='', mappedBy=''}
13:56:38.196 [main] DEBUG org.hibernate.cfg.Ejb3Column - Binding column: Ejb3Column{table=org.hibernate.mapping.Table(cabeceraticket), mappingColumn=usuario, insertable=true, updatable=true, unique=false}
13:56:38.199 [main] DEBUG o.h.cfg.annotations.PropertyBinder - Building property usuario
13:56:38.202 [main] DEBUG org.hibernate.cfg.AnnotationBinder - Binding entity from annotated class: com.fabiocompany.supermercadosdeltaplus.model.Detalleoferta
13:56:38.202 [main] DEBUG org.hibernate.cfg.Ejb3Column - Binding column: Ejb3DiscriminatorColumn{logicalColumnName'DTYPE', discriminatorTypeName='string'}
13:56:38.202 [main] DEBUG org.hibernate.cfg.AnnotationBinder - No value specified for 'javax.persistence.sharedCache.mode'; using UNSPECIFIED
13:56:38.202 [main] DEBUG o.h.cfg.annotations.EntityBinder - Import with entity name Detalleoferta
13:56:38.203 [main] DEBUG o.h.cfg.annotations.EntityBinder - Bind entity com.fabiocompany.supermercadosdeltaplus.model.Detalleoferta on table detalleoferta
13:56:38.207 [main] DEBUG org.hibernate.cfg.Ejb3Column - Binding column: Ejb3Column{table=org.hibernate.mapping.Table(detalleoferta), mappingColumn=iddetalleoferta, insertable=true, updatable=true, unique=false}
13:56:38.207 [main] DEBUG o.h.cfg.annotations.PropertyBinder - MetadataSourceProcessor property iddetalleoferta with lazy=false
13:56:38.207 [main] DEBUG o.h.cfg.AbstractPropertyHolder - Attempting to locate auto-apply AttributeConverter for property [com.fabiocompany.supermercadosdeltaplus.model.Detalleoferta:iddetalleoferta]
13:56:38.207 [main] DEBUG o.h.c.annotations.SimpleValueBinder - building SimpleValue for iddetalleoferta
13:56:38.207 [main] DEBUG o.h.cfg.annotations.PropertyBinder - Building property iddetalleoferta
13:56:38.208 [main] DEBUG org.hibernate.cfg.Ejb3Column - Binding column: Ejb3Column{table=org.hibernate.mapping.Table(detalleoferta), mappingColumn=descripciondepromocion, insertable=true, updatable=true, unique=false}
13:56:38.208 [main] DEBUG o.h.cfg.annotations.PropertyBinder - MetadataSourceProcessor property descripciondepromocion with lazy=false
13:56:38.208 [main] DEBUG o.h.cfg.AbstractPropertyHolder - Attempting to locate auto-apply AttributeConverter for property [com.fabiocompany.supermercadosdeltaplus.model.Detalleoferta:descripciondepromocion]
13:56:38.208 [main] DEBUG o.h.c.annotations.SimpleValueBinder - building SimpleValue for descripciondepromocion
13:56:38.208 [main] DEBUG o.h.cfg.annotations.PropertyBinder - Building property descripciondepromocion
13:56:38.209 [main] DEBUG org.hibernate.cfg.Ejb3Column - Binding column: Ejb3Column{table=org.hibernate.mapping.Table(detalleoferta), mappingColumn=null, insertable=true, updatable=true, unique=false}
13:56:38.209 [main] DEBUG org.hibernate.cfg.Ejb3Column - Binding column: Ejb3Column{table=org.hibernate.mapping.Table(detalleoferta), mappingColumn=element, insertable=true, updatable=true, unique=false}
13:56:38.209 [main] DEBUG org.hibernate.cfg.Ejb3Column - Binding column: Ejb3Column{table=org.hibernate.mapping.Table(detalleoferta), mappingColumn=detalletickets_KEY, insertable=true, updatable=true, unique=false}
13:56:38.209 [main] DEBUG org.hibernate.cfg.Ejb3Column - Binding column: Ejb3JoinColumn{logicalColumnName='detalletickets_KEY', referencedColumn='null', mappedBy='null'}
13:56:38.210 [main] DEBUG org.hibernate.cfg.Ejb3Column - Binding column: Ejb3JoinColumn{logicalColumnName='null', referencedColumn='null', mappedBy='detalleofertas'}
13:56:38.210 [main] DEBUG org.hibernate.cfg.Ejb3Column - Binding column: Ejb3JoinColumn{logicalColumnName='null', referencedColumn='null', mappedBy='detalleofertas'}
13:56:38.210 [main] DEBUG o.h.cfg.annotations.CollectionBinder - Collection role: com.fabiocompany.supermercadosdeltaplus.model.Detalleoferta.detalletickets
13:56:38.210 [main] DEBUG o.h.cfg.annotations.PropertyBinder - Building property detalletickets
13:56:38.211 [main] DEBUG org.hibernate.cfg.Ejb3Column - Binding column: Ejb3Column{table=org.hibernate.mapping.Table(detalleoferta), mappingColumn=montodedescuento, insertable=true, updatable=true, unique=false}
13:56:38.211 [main] DEBUG o.h.cfg.annotations.PropertyBinder - MetadataSourceProcessor property montodedescuento with lazy=false
13:56:38.211 [main] DEBUG o.h.cfg.AbstractPropertyHolder - Attempting to locate auto-apply AttributeConverter for property [com.fabiocompany.supermercadosdeltaplus.model.Detalleoferta:montodedescuento]
13:56:38.211 [main] DEBUG o.h.c.annotations.SimpleValueBinder - building SimpleValue for montodedescuento
13:56:38.211 [main] DEBUG o.h.cfg.annotations.PropertyBinder - Building property montodedescuento
13:56:38.211 [main] DEBUG org.hibernate.cfg.AnnotationBinder - Binding entity from annotated class: com.fabiocompany.supermercadosdeltaplus.model.Detalleticket
13:56:38.212 [main] DEBUG org.hibernate.cfg.Ejb3Column - Binding column: Ejb3DiscriminatorColumn{logicalColumnName'DTYPE', discriminatorTypeName='string'}
13:56:38.212 [main] DEBUG org.hibernate.cfg.AnnotationBinder - No value specified for 'javax.persistence.sharedCache.mode'; using UNSPECIFIED
13:56:38.212 [main] DEBUG o.h.cfg.annotations.EntityBinder - Import with entity name Detalleticket
13:56:38.212 [main] DEBUG o.h.cfg.annotations.EntityBinder - Bind entity com.fabiocompany.supermercadosdeltaplus.model.Detalleticket on table detalleticket
13:56:38.220 [main] DEBUG org.hibernate.cfg.Ejb3Column - Binding column: Ejb3Column{table=org.hibernate.mapping.Table(detalleticket), mappingColumn=iddetalleticket, insertable=true, updatable=true, unique=false}
13:56:38.221 [main] DEBUG o.h.cfg.annotations.PropertyBinder - MetadataSourceProcessor property iddetalleticket with lazy=false
13:56:38.221 [main] DEBUG o.h.cfg.AbstractPropertyHolder - Attempting to locate auto-apply AttributeConverter for property [com.fabiocompany.supermercadosdeltaplus.model.Detalleticket:iddetalleticket]
13:56:38.221 [main] DEBUG o.h.c.annotations.SimpleValueBinder - building SimpleValue for iddetalleticket
13:56:38.221 [main] DEBUG o.h.cfg.annotations.PropertyBinder - Building property iddetalleticket
13:56:38.222 [main] DEBUG org.hibernate.cfg.Ejb3Column - Binding column: Ejb3JoinColumn{logicalColumnName='idticket', referencedColumn='', mappedBy=''}
13:56:38.222 [main] DEBUG org.hibernate.cfg.Ejb3Column - Binding column: Ejb3Column{table=org.hibernate.mapping.Table(detalleticket), mappingColumn=cabeceraticket, insertable=true, updatable=true, unique=false}
13:56:38.222 [main] DEBUG o.h.cfg.annotations.PropertyBinder - Building property cabeceraticket
13:56:38.223 [main] DEBUG org.hibernate.cfg.Ejb3Column - Binding column: Ejb3Column{table=org.hibernate.mapping.Table(detalleticket), mappingColumn=cantidad, insertable=true, updatable=true, unique=false}
13:56:38.223 [main] DEBUG o.h.cfg.annotations.PropertyBinder - MetadataSourceProcessor property cantidad with lazy=false
13:56:38.223 [main] DEBUG o.h.cfg.AbstractPropertyHolder - Attempting to locate auto-apply AttributeConverter for property [com.fabiocompany.supermercadosdeltaplus.model.Detalleticket:cantidad]
13:56:38.223 [main] DEBUG o.h.c.annotations.SimpleValueBinder - building SimpleValue for cantidad
13:56:38.223 [main] DEBUG o.h.cfg.annotations.PropertyBinder - Building property cantidad
13:56:38.224 [main] DEBUG org.hibernate.cfg.Ejb3Column - Binding column: Ejb3Column{table=org.hibernate.mapping.Table(detalleticket), mappingColumn=cantidadporproducto, insertable=true, updatable=true, unique=false}
13:56:38.224 [main] DEBUG o.h.cfg.annotations.PropertyBinder - MetadataSourceProcessor property cantidadporproducto with lazy=false
13:56:38.224 [main] DEBUG o.h.cfg.AbstractPropertyHolder - Attempting to locate auto-apply AttributeConverter for property [com.fabiocompany.supermercadosdeltaplus.model.Detalleticket:cantidadporproducto]
13:56:38.224 [main] DEBUG o.h.c.annotations.SimpleValueBinder - building SimpleValue for cantidadporproducto
13:56:38.224 [main] DEBUG o.h.cfg.annotations.PropertyBinder - Building property cantidadporproducto
13:56:38.225 [main] DEBUG org.hibernate.cfg.Ejb3Column - Binding column: Ejb3Column{table=org.hibernate.mapping.Table(detalleticket), mappingColumn=null, insertable=true, updatable=true, unique=false}
13:56:38.225 [main] DEBUG org.hibernate.cfg.Ejb3Column - Binding column: Ejb3Column{table=org.hibernate.mapping.Table(detalleticket), mappingColumn=element, insertable=true, updatable=true, unique=false}
13:56:38.225 [main] DEBUG org.hibernate.cfg.Ejb3Column - Binding column: Ejb3Column{table=org.hibernate.mapping.Table(detalleticket), mappingColumn=detalleofertas_KEY, insertable=true, updatable=true, unique=false}
13:56:38.225 [main] DEBUG org.hibernate.cfg.Ejb3Column - Binding column: Ejb3JoinColumn{logicalColumnName='detalleofertas_KEY', referencedColumn='null', mappedBy='null'}
13:56:38.226 [main] DEBUG org.hibernate.cfg.Ejb3Column - Binding column: Ejb3JoinColumn{logicalColumnName='iddetalleticket', referencedColumn='', mappedBy=''}
13:56:38.226 [main] DEBUG org.hibernate.cfg.Ejb3Column - Binding column: Ejb3JoinColumn{logicalColumnName='iddetalleoferta', referencedColumn='', mappedBy=''}
13:56:38.226 [main] DEBUG o.h.cfg.annotations.CollectionBinder - Collection role: com.fabiocompany.supermercadosdeltaplus.model.Detalleticket.detalleofertas
13:56:38.226 [main] DEBUG o.h.cfg.annotations.PropertyBinder - Building property detalleofertas
13:56:38.227 [main] DEBUG org.hibernate.cfg.Ejb3Column - Binding column: Ejb3Column{table=org.hibernate.mapping.Table(detalleticket), mappingColumn=montodepago, insertable=true, updatable=true, unique=false}
13:56:38.227 [main] DEBUG o.h.cfg.annotations.PropertyBinder - MetadataSourceProcessor property montodepago with lazy=false
13:56:38.227 [main] DEBUG o.h.cfg.AbstractPropertyHolder - Attempting to locate auto-apply AttributeConverter for property [com.fabiocompany.supermercadosdeltaplus.model.Detalleticket:montodepago]
13:56:38.228 [main] DEBUG o.h.c.annotations.SimpleValueBinder - building SimpleValue for montodepago
13:56:38.228 [main] DEBUG o.h.cfg.annotations.PropertyBinder - Building property montodepago
13:56:38.228 [main] DEBUG org.hibernate.cfg.Ejb3Column - Binding column: Ejb3Column{table=org.hibernate.mapping.Table(detalleticket), mappingColumn=null, insertable=true, updatable=true, unique=false}
13:56:38.228 [main] DEBUG org.hibernate.cfg.Ejb3Column - Binding column: Ejb3Column{table=org.hibernate.mapping.Table(detalleticket), mappingColumn=element, insertable=true, updatable=true, unique=false}
13:56:38.229 [main] DEBUG org.hibernate.cfg.Ejb3Column - Binding column: Ejb3Column{table=org.hibernate.mapping.Table(detalleticket), mappingColumn=productos_KEY, insertable=true, updatable=true, unique=false}
13:56:38.229 [main] DEBUG org.hibernate.cfg.Ejb3Column - Binding column: Ejb3JoinColumn{logicalColumnName='productos_KEY', referencedColumn='null', mappedBy='null'}
13:56:38.229 [main] DEBUG org.hibernate.cfg.Ejb3Column - Binding column: Ejb3JoinColumn{logicalColumnName='iddetalleticket', referencedColumn='', mappedBy=''}
13:56:38.229 [main] DEBUG org.hibernate.cfg.Ejb3Column - Binding column: Ejb3JoinColumn{logicalColumnName='idproducto', referencedColumn='', mappedBy=''}
13:56:38.229 [main] DEBUG o.h.cfg.annotations.CollectionBinder - Collection role: com.fabiocompany.supermercadosdeltaplus.model.Detalleticket.productos
13:56:38.229 [main] DEBUG o.h.cfg.annotations.PropertyBinder - Building property productos
13:56:38.230 [main] DEBUG org.hibernate.cfg.Ejb3Column - Binding column: Ejb3Column{table=org.hibernate.mapping.Table(detalleticket), mappingColumn=subtotal, insertable=true, updatable=true, unique=false}
13:56:38.230 [main] DEBUG o.h.cfg.annotations.PropertyBinder - MetadataSourceProcessor property subtotal with lazy=false
13:56:38.230 [main] DEBUG o.h.cfg.AbstractPropertyHolder - Attempting to locate auto-apply AttributeConverter for property [com.fabiocompany.supermercadosdeltaplus.model.Detalleticket:subtotal]
13:56:38.230 [main] DEBUG o.h.c.annotations.SimpleValueBinder - building SimpleValue for subtotal
13:56:38.230 [main] DEBUG o.h.cfg.annotations.PropertyBinder - Building property subtotal
13:56:38.231 [main] DEBUG org.hibernate.cfg.Ejb3Column - Binding column: Ejb3JoinColumn{logicalColumnName='idtipodepago', referencedColumn='', mappedBy=''}
13:56:38.231 [main] DEBUG org.hibernate.cfg.Ejb3Column - Binding column: Ejb3Column{table=org.hibernate.mapping.Table(detalleticket), mappingColumn=tipodepago, insertable=true, updatable=true, unique=false}
13:56:38.231 [main] DEBUG o.h.cfg.annotations.PropertyBinder - Building property tipodepago
13:56:38.232 [main] DEBUG org.hibernate.cfg.Ejb3Column - Binding column: Ejb3Column{table=org.hibernate.mapping.Table(detalleticket), mappingColumn=total, insertable=true, updatable=true, unique=false}
13:56:38.232 [main] DEBUG o.h.cfg.annotations.PropertyBinder - MetadataSourceProcessor property total with lazy=false
13:56:38.232 [main] DEBUG o.h.cfg.AbstractPropertyHolder - Attempting to locate auto-apply AttributeConverter for property [com.fabiocompany.supermercadosdeltaplus.model.Detalleticket:total]
13:56:38.232 [main] DEBUG o.h.c.annotations.SimpleValueBinder - building SimpleValue for total
13:56:38.232 [main] DEBUG o.h.cfg.annotations.PropertyBinder - Building property total
13:56:38.232 [main] DEBUG org.hibernate.cfg.AnnotationBinder - Binding entity from annotated class: com.fabiocompany.supermercadosdeltaplus.model.Personausuario
13:56:38.233 [main] DEBUG org.hibernate.cfg.Ejb3Column - Binding column: Ejb3DiscriminatorColumn{logicalColumnName'DTYPE', discriminatorTypeName='string'}
13:56:38.233 [main] DEBUG org.hibernate.cfg.AnnotationBinder - No value specified for 'javax.persistence.sharedCache.mode'; using UNSPECIFIED
13:56:38.233 [main] DEBUG o.h.cfg.annotations.EntityBinder - Import with entity name Personausuario
13:56:38.233 [main] DEBUG o.h.cfg.annotations.EntityBinder - Bind entity com.fabiocompany.supermercadosdeltaplus.model.Personausuario on table personausuario
13:56:38.236 [main] DEBUG org.hibernate.cfg.Ejb3Column - Binding column: Ejb3Column{table=org.hibernate.mapping.Table(personausuario), mappingColumn=idpersonausuario, insertable=true, updatable=true, unique=false}
13:56:38.236 [main] DEBUG o.h.cfg.annotations.PropertyBinder - MetadataSourceProcessor property idpersonausuario with lazy=false
13:56:38.236 [main] DEBUG o.h.cfg.AbstractPropertyHolder - Attempting to locate auto-apply AttributeConverter for property [com.fabiocompany.supermercadosdeltaplus.model.Personausuario:idpersonausuario]
13:56:38.237 [main] DEBUG o.h.c.annotations.SimpleValueBinder - building SimpleValue for idpersonausuario
13:56:38.237 [main] DEBUG o.h.cfg.annotations.PropertyBinder - Building property idpersonausuario
13:56:38.237 [main] DEBUG org.hibernate.cfg.Ejb3Column - Binding column: Ejb3Column{table=org.hibernate.mapping.Table(personausuario), mappingColumn=correo, insertable=true, updatable=true, unique=false}
13:56:38.237 [main] DEBUG o.h.cfg.annotations.PropertyBinder - MetadataSourceProcessor property correo with lazy=false
13:56:38.238 [main] DEBUG o.h.cfg.AbstractPropertyHolder - Attempting to locate auto-apply AttributeConverter for property [com.fabiocompany.supermercadosdeltaplus.model.Personausuario:correo]
13:56:38.238 [main] DEBUG o.h.c.annotations.SimpleValueBinder - building SimpleValue for correo
13:56:38.238 [main] DEBUG o.h.cfg.annotations.PropertyBinder - Building property correo
13:56:38.238 [main] DEBUG org.hibernate.cfg.Ejb3Column - Binding column: Ejb3Column{table=org.hibernate.mapping.Table(personausuario), mappingColumn=dnipersonausuario, insertable=true, updatable=true, unique=false}
13:56:38.238 [main] DEBUG o.h.cfg.annotations.PropertyBinder - MetadataSourceProcessor property dnipersonausuario with lazy=false
13:56:38.238 [main] DEBUG o.h.cfg.AbstractPropertyHolder - Attempting to locate auto-apply AttributeConverter for property [com.fabiocompany.supermercadosdeltaplus.model.Personausuario:dnipersonausuario]
13:56:38.239 [main] DEBUG o.h.c.annotations.SimpleValueBinder - building SimpleValue for dnipersonausuario
13:56:38.239 [main] DEBUG o.h.cfg.annotations.PropertyBinder - Building property dnipersonausuario
13:56:38.239 [main] DEBUG org.hibernate.cfg.Ejb3Column - Binding column: Ejb3Column{table=org.hibernate.mapping.Table(personausuario), mappingColumn=nombrepersonausuario, insertable=true, updatable=true, unique=false}
13:56:38.239 [main] DEBUG o.h.cfg.annotations.PropertyBinder - MetadataSourceProcessor property nombrepersonausuario with lazy=false
13:56:38.239 [main] DEBUG o.h.cfg.AbstractPropertyHolder - Attempting to locate auto-apply AttributeConverter for property [com.fabiocompany.supermercadosdeltaplus.model.Personausuario:nombrepersonausuario]
13:56:38.240 [main] DEBUG o.h.c.annotations.SimpleValueBinder - building SimpleValue for nombrepersonausuario
13:56:38.240 [main] DEBUG o.h.cfg.annotations.PropertyBinder - Building property nombrepersonausuario
13:56:38.240 [main] DEBUG org.hibernate.cfg.Ejb3Column - Binding column: Ejb3Column{table=org.hibernate.mapping.Table(personausuario), mappingColumn=numerodetelefono, insertable=true, updatable=true, unique=false}
13:56:38.240 [main] DEBUG o.h.cfg.annotations.PropertyBinder - MetadataSourceProcessor property numerodetelefono with lazy=false
13:56:38.240 [main] DEBUG o.h.cfg.AbstractPropertyHolder - Attempting to locate auto-apply AttributeConverter for property [com.fabiocompany.supermercadosdeltaplus.model.Personausuario:numerodetelefono]
13:56:38.241 [main] DEBUG o.h.c.annotations.SimpleValueBinder - building SimpleValue for numerodetelefono
13:56:38.241 [main] DEBUG o.h.cfg.annotations.PropertyBinder - Building property numerodetelefono
13:56:38.241 [main] DEBUG org.hibernate.cfg.AnnotationBinder - Binding entity from annotated class: com.fabiocompany.supermercadosdeltaplus.model.Producto
[...]
13:56:54.994 [main] DEBUG org.hibernate.engine.spi.ActionQueue - Executing identity-insert immediately
13:56:54.995 [main] DEBUG org.hibernate.SQL - 
    insert 
    into
        cabeceraticket
        (fecha, idusuario) 
    values
        (?, ?)
Hibernate: 
    insert 
    into
        cabeceraticket
        (fecha, idusuario) 
    values
        (?, ?)
13:56:54.997 [main] DEBUG c.m.v.a.ThreadPoolAsynchronousRunner - com.mchange.v2.async.ThreadPoolAsynchronousRunner@4470f8a6: Adding task to queue -- com.mchange.v2.c3p0.stmt.GooGooStatementCache$1StmtAcquireTask@62dae245
13:56:54.998 [main] DEBUG c.m.v.c3p0.stmt.GooGooStatementCache - cxnStmtMgr.statementSet( com.mysql.jdbc.JDBC4Connection@274f66cf ).size(): 3
13:56:54.999 [main] DEBUG c.m.v.c3p0.stmt.GooGooStatementCache - checkoutStatement: com.mchange.v2.c3p0.stmt.GlobalMaxOnlyStatementCache stats -- total size: 3; checked out: 1; num connections: 1; num keys: 3
13:56:55.004 [main] DEBUG o.h.id.IdentifierGeneratorHelper - Natively generated identity: 1
13:56:55.005 [main] DEBUG c.m.v.c3p0.stmt.GooGooStatementCache - checkinStatement(): com.mchange.v2.c3p0.stmt.GlobalMaxOnlyStatementCache stats -- total size: 3; checked out: 0; num connections: 1; num keys: 3
13:56:55.006 [main] DEBUG org.hibernate.engine.spi.ActionQueue - Executing identity-insert immediately
13:56:55.006 [main] DEBUG org.hibernate.SQL - 
    insert 
    into
        detalleticket
        (idticket, cantidad, cantidadporproducto, montodepago, subtotal, idtipodepago, total) 
    values
        (?, ?, ?, ?, ?, ?, ?)
Hibernate: 
    insert 
    into
        detalleticket
        (idticket, cantidad, cantidadporproducto, montodepago, subtotal, idtipodepago, total) 
    values
        (?, ?, ?, ?, ?, ?, ?)
13:56:55.006 [main] DEBUG c.m.v.a.ThreadPoolAsynchronousRunner - com.mchange.v2.async.ThreadPoolAsynchronousRunner@4470f8a6: Adding task to queue -- com.mchange.v2.c3p0.stmt.GooGooStatementCache$1StmtAcquireTask@2f162cc0
13:56:55.007 [main] DEBUG c.m.v.c3p0.stmt.GooGooStatementCache - cxnStmtMgr.statementSet( com.mysql.jdbc.JDBC4Connection@274f66cf ).size(): 4
13:56:55.007 [main] DEBUG c.m.v.c3p0.stmt.GooGooStatementCache - checkoutStatement: com.mchange.v2.c3p0.stmt.GlobalMaxOnlyStatementCache stats -- total size: 4; checked out: 1; num connections: 1; num keys: 4
13:56:55.010 [main] DEBUG o.h.id.IdentifierGeneratorHelper - Natively generated identity: 1
13:56:55.012 [main] DEBUG c.m.v.c3p0.stmt.GooGooStatementCache - checkinStatement(): com.mchange.v2.c3p0.stmt.GlobalMaxOnlyStatementCache stats -- total size: 4; checked out: 0; num connections: 1; num keys: 4
13:56:55.012 [main] DEBUG org.hibernate.engine.spi.ActionQueue - Executing identity-insert immediately
13:56:55.013 [main] DEBUG org.hibernate.SQL - 
    insert 
    into
        detalleoferta
        (descripciondepromocion, montodedescuento) 
    values
        (?, ?)
Hibernate: 
    insert 
    into
        detalleoferta
        (descripciondepromocion, montodedescuento) 
    values
        (?, ?)
13:56:55.013 [main] DEBUG c.m.v.a.ThreadPoolAsynchronousRunner - com.mchange.v2.async.ThreadPoolAsynchronousRunner@4470f8a6: Adding task to queue -- com.mchange.v2.c3p0.stmt.GooGooStatementCache$1StmtAcquireTask@361c294e
13:56:55.013 [main] DEBUG c.m.v.c3p0.stmt.GooGooStatementCache - cxnStmtMgr.statementSet( com.mysql.jdbc.JDBC4Connection@274f66cf ).size(): 5
13:56:55.014 [main] DEBUG c.m.v.c3p0.stmt.GooGooStatementCache - checkoutStatement: com.mchange.v2.c3p0.stmt.GlobalMaxOnlyStatementCache stats -- total size: 5; checked out: 1; num connections: 1; num keys: 5
13:56:55.016 [main] DEBUG o.h.id.IdentifierGeneratorHelper - Natively generated identity: 1
13:56:55.018 [main] DEBUG c.m.v.c3p0.stmt.GooGooStatementCache - checkinStatement(): com.mchange.v2.c3p0.stmt.GlobalMaxOnlyStatementCache stats -- total size: 5; checked out: 0; num connections: 1; num keys: 5
13:56:55.025 [main] DEBUG o.h.e.t.spi.AbstractTransactionImpl - committing
13:56:55.025 [main] DEBUG o.h.e.i.AbstractFlushingEventListener - Processing flush-time cascades
13:56:55.027 [main] DEBUG o.h.e.i.AbstractFlushingEventListener - Dirty checking collections
13:56:55.027 [main] DEBUG o.h.engine.internal.Collections - Collection found: [com.fabiocompany.supermercadosdeltaplus.model.Cabeceraticket.detalletickets#1], was: [<unreferenced>] (initialized)
13:56:55.028 [main] DEBUG o.h.e.t.spi.AbstractTransactionImpl - rolling back
13:56:55.133 [main] DEBUG o.h.e.t.i.jdbc.JdbcTransaction - rolled JDBC Connection
13:56:55.140 [main] ERROR c.f.s.p.dao.hibernate.GenericDAO - object references an unsaved transient instance - save the transient instance before flushing: com.fabiocompany.supermercadosdeltaplus.model.Tipodepago
org.hibernate.TransientObjectException: object references an unsaved transient instance - save the transient instance before flushing: com.fabiocompany.supermercadosdeltaplus.model.Tipodepago
	at org.hibernate.engine.internal.ForeignKeys.getEntityIdentifierIfNotUnsaved(ForeignKeys.java:294) ~[hibernate-core-4.3.11.Final.jar:4.3.11.Final]
	at org.hibernate.type.EntityType.getIdentifier(EntityType.java:537) ~[hibernate-core-4.3.11.Final.jar:4.3.11.Final]
	at org.hibernate.type.ManyToOneType.isDirty(ManyToOneType.java:311) ~[hibernate-core-4.3.11.Final.jar:4.3.11.Final]
	at org.hibernate.type.ManyToOneType.isDirty(ManyToOneType.java:321) ~[hibernate-core-4.3.11.Final.jar:4.3.11.Final]
	at org.hibernate.type.TypeHelper.findDirty(TypeHelper.java:310) ~[hibernate-core-4.3.11.Final.jar:4.3.11.Final]
	at org.hibernate.persister.entity.AbstractEntityPersister.findDirty(AbstractEntityPersister.java:4243) ~[hibernate-core-4.3.11.Final.jar:4.3.11.Final]
	at org.hibernate.event.internal.DefaultFlushEntityEventListener.dirtyCheck(DefaultFlushEntityEventListener.java:546) ~[hibernate-core-4.3.11.Final.jar:4.3.11.Final]
	at org.hibernate.event.internal.DefaultFlushEntityEventListener.isUpdateNecessary(DefaultFlushEntityEventListener.java:232) ~[hibernate-core-4.3.11.Final.jar:4.3.11.Final]
	at org.hibernate.event.internal.DefaultFlushEntityEventListener.onFlushEntity(DefaultFlushEntityEventListener.java:159) ~[hibernate-core-4.3.11.Final.jar:4.3.11.Final]
	at org.hibernate.event.internal.AbstractFlushingEventListener.flushEntities(AbstractFlushingEventListener.java:231) ~[hibernate-core-4.3.11.Final.jar:4.3.11.Final]
	at org.hibernate.event.internal.AbstractFlushingEventListener.flushEverythingToExecutions(AbstractFlushingEventListener.java:102) ~[hibernate-core-4.3.11.Final.jar:4.3.11.Final]
	at org.hibernate.event.internal.DefaultFlushEventListener.onFlush(DefaultFlushEventListener.java:55) ~[hibernate-core-4.3.11.Final.jar:4.3.11.Final]
	at org.hibernate.internal.SessionImpl.flush(SessionImpl.java:1258) ~[hibernate-core-4.3.11.Final.jar:4.3.11.Final]
	at org.hibernate.internal.SessionImpl.managedFlush(SessionImpl.java:425) ~[hibernate-core-4.3.11.Final.jar:4.3.11.Final]
	at org.hibernate.engine.transaction.internal.jdbc.JdbcTransaction.beforeTransactionCommit(JdbcTransaction.java:101) ~[hibernate-core-4.3.11.Final.jar:4.3.11.Final]
	at org.hibernate.engine.transaction.spi.AbstractTransactionImpl.commit(AbstractTransactionImpl.java:177) ~[hibernate-core-4.3.11.Final.jar:4.3.11.Final]
	at com.fabiocompany.supermercadosdeltaplus.persistence.dao.hibernate.GenericDAO.saveOrUpdate(GenericDAO.java:159) ~[classes/:na]
	at com.fabiocompany.supermercadosdeltaplus.service.impl.GenericService.saveOrUpdate(GenericService.java:74) [classes/:na]
	at com.fabiocompany.supermercadosdeltaplus.test.SupermercadosDeltaPlusTest.guardarUsuario(SupermercadosDeltaPlusTest.java:136) [test-classes/:na]
	at sun.reflect.NativeMethodAccessorImpl.invoke0(Native Method) ~[na:1.8.0_144]
	at sun.reflect.NativeMethodAccessorImpl.invoke(NativeMethodAccessorImpl.java:62) ~[na:1.8.0_144]
	at sun.reflect.DelegatingMethodAccessorImpl.invoke(DelegatingMethodAccessorImpl.java:43) ~[na:1.8.0_144]
	at java.lang.reflect.Method.invoke(Method.java:498) ~[na:1.8.0_144]
	at org.junit.runners.model.FrameworkMethod$1.runReflectiveCall(FrameworkMethod.java:50) [junit-4.12.jar:4.12]
	at org.junit.internal.runners.model.ReflectiveCallable.run(ReflectiveCallable.java:12) [junit-4.12.jar:4.12]
	at org.junit.runners.model.FrameworkMethod.invokeExplosively(FrameworkMethod.java:47) [junit-4.12.jar:4.12]
	at org.junit.internal.runners.statements.InvokeMethod.evaluate(InvokeMethod.java:17) [junit-4.12.jar:4.12]
	at org.junit.runners.ParentRunner.runLeaf(ParentRunner.java:325) [junit-4.12.jar:4.12]
	at org.junit.runners.BlockJUnit4ClassRunner.runChild(BlockJUnit4ClassRunner.java:78) [junit-4.12.jar:4.12]
	at org.junit.runners.BlockJUnit4ClassRunner.runChild(BlockJUnit4ClassRunner.java:57) [junit-4.12.jar:4.12]
	at org.junit.runners.ParentRunner$3.run(ParentRunner.java:290) [junit-4.12.jar:4.12]
	at org.junit.runners.ParentRunner$1.schedule(ParentRunner.java:71) [junit-4.12.jar:4.12]
	at org.junit.runners.ParentRunner.runChildren(ParentRunner.java:288) [junit-4.12.jar:4.12]
	at org.junit.runners.ParentRunner.access$000(ParentRunner.java:58) [junit-4.12.jar:4.12]
	at org.junit.runners.ParentRunner$2.evaluate(ParentRunner.java:268) [junit-4.12.jar:4.12]
	at org.junit.runners.ParentRunner.run(ParentRunner.java:363) [junit-4.12.jar:4.12]
	at org.apache.maven.surefire.junit4.JUnit4Provider.execute(JUnit4Provider.java:283) [surefire-junit4-2.18.1.jar:2.18.1]
	at org.apache.maven.surefire.junit4.JUnit4Provider.executeWithRerun(JUnit4Provider.java:173) [surefire-junit4-2.18.1.jar:2.18.1]
	at org.apache.maven.surefire.junit4.JUnit4Provider.executeTestSet(JUnit4Provider.java:153) [surefire-junit4-2.18.1.jar:2.18.1]
	at org.apache.maven.surefire.junit4.JUnit4Provider.invoke(JUnit4Provider.java:128) [surefire-junit4-2.18.1.jar:2.18.1]
	at org.apache.maven.surefire.booter.ForkedBooter.invokeProviderInSameClassLoader(ForkedBooter.java:203) [surefire-booter-2.18.1.jar:2.18.1]
	at org.apache.maven.surefire.booter.ForkedBooter.runSuitesInProcess(ForkedBooter.java:155) [surefire-booter-2.18.1.jar:2.18.1]
	at org.apache.maven.surefire.booter.ForkedBooter.main(ForkedBooter.java:103) [surefire-booter-2.18.1.jar:2.18.1]
13:56:55.142 [main] DEBUG o.h.e.j.i.LogicalConnectionImpl - Releasing JDBC connection
13:56:55.142 [main] DEBUG c.m.v.c3p0.stmt.GooGooStatementCache - checkinAll(): com.mchange.v2.c3p0.stmt.GlobalMaxOnlyStatementCache stats -- total size: 5; checked out: 0; num connections: 1; num keys: 5
13:56:55.143 [main] DEBUG c.m.v.a.ThreadPoolAsynchronousRunner - com.mchange.v2.async.ThreadPoolAsynchronousRunner@4470f8a6: Adding task to queue -- com.mchange.v2.resourcepool.BasicResourcePool$1RefurbishCheckinResourceTask@77307458
13:56:55.143 [main] DEBUG c.m.v.resourcepool.BasicResourcePool - trace com.mchange.v2.resourcepool.BasicResourcePool@60015ef5 [managed: 5, unused: 4, excluded: 0] (e.g. com.mchange.v2.c3p0.impl.NewPooledConnection@5d89954f)
13:56:55.143 [main] DEBUG o.h.e.j.i.LogicalConnectionImpl - Released JDBC connection
13:56:55.143 [C3P0PooledConnectionPoolManager[identityToken->z8kfsx9q1mqsllcezswow|131ef10]-HelperThread-#0] DEBUG c.m.v.c3p0.stmt.GooGooStatementCache - checkinAll(): com.mchange.v2.c3p0.stmt.GlobalMaxOnlyStatementCache stats -- total size: 5; checked out: 0; num connections: 1; num keys: 5
13:56:55.145 [main] ERROR c.f.s.service.impl.GenericService - object references an unsaved transient instance - save the transient instance before flushing: com.fabiocompany.supermercadosdeltaplus.model.Tipodepago
com.fabiocompany.supermercadosdeltaplus.persistence.exception.PersistenceException: object references an unsaved transient instance - save the transient instance before flushing: com.fabiocompany.supermercadosdeltaplus.model.Tipodepago
	at com.fabiocompany.supermercadosdeltaplus.persistence.dao.hibernate.GenericDAO.saveOrUpdate(GenericDAO.java:163) ~[classes/:na]
	at com.fabiocompany.supermercadosdeltaplus.service.impl.GenericService.saveOrUpdate(GenericService.java:74) ~[classes/:na]
	at com.fabiocompany.supermercadosdeltaplus.test.SupermercadosDeltaPlusTest.guardarUsuario(SupermercadosDeltaPlusTest.java:136) [test-classes/:na]
	at sun.reflect.NativeMethodAccessorImpl.invoke0(Native Method) ~[na:1.8.0_144]
	at sun.reflect.NativeMethodAccessorImpl.invoke(NativeMethodAccessorImpl.java:62) ~[na:1.8.0_144]
	at sun.reflect.DelegatingMethodAccessorImpl.invoke(DelegatingMethodAccessorImpl.java:43) ~[na:1.8.0_144]
	at java.lang.reflect.Method.invoke(Method.java:498) ~[na:1.8.0_144]
	at org.junit.runners.model.FrameworkMethod$1.runReflectiveCall(FrameworkMethod.java:50) [junit-4.12.jar:4.12]
	at org.junit.internal.runners.model.ReflectiveCallable.run(ReflectiveCallable.java:12) [junit-4.12.jar:4.12]
	at org.junit.runners.model.FrameworkMethod.invokeExplosively(FrameworkMethod.java:47) [junit-4.12.jar:4.12]
	at org.junit.internal.runners.statements.InvokeMethod.evaluate(InvokeMethod.java:17) [junit-4.12.jar:4.12]
	at org.junit.runners.ParentRunner.runLeaf(ParentRunner.java:325) [junit-4.12.jar:4.12]
	at org.junit.runners.BlockJUnit4ClassRunner.runChild(BlockJUnit4ClassRunner.java:78) [junit-4.12.jar:4.12]
	at org.junit.runners.BlockJUnit4ClassRunner.runChild(BlockJUnit4ClassRunner.java:57) [junit-4.12.jar:4.12]
	at org.junit.runners.ParentRunner$3.run(ParentRunner.java:290) [junit-4.12.jar:4.12]
	at org.junit.runners.ParentRunner$1.schedule(ParentRunner.java:71) [junit-4.12.jar:4.12]
	at org.junit.runners.ParentRunner.runChildren(ParentRunner.java:288) [junit-4.12.jar:4.12]
	at org.junit.runners.ParentRunner.access$000(ParentRunner.java:58) [junit-4.12.jar:4.12]
	at org.junit.runners.ParentRunner$2.evaluate(ParentRunner.java:268) [junit-4.12.jar:4.12]
	at org.junit.runners.ParentRunner.run(ParentRunner.java:363) [junit-4.12.jar:4.12]
	at org.apache.maven.surefire.junit4.JUnit4Provider.execute(JUnit4Provider.java:283) [surefire-junit4-2.18.1.jar:2.18.1]
	at org.apache.maven.surefire.junit4.JUnit4Provider.executeWithRerun(JUnit4Provider.java:173) [surefire-junit4-2.18.1.jar:2.18.1]
	at org.apache.maven.surefire.junit4.JUnit4Provider.executeTestSet(JUnit4Provider.java:153) [surefire-junit4-2.18.1.jar:2.18.1]
	at org.apache.maven.surefire.junit4.JUnit4Provider.invoke(JUnit4Provider.java:128) [surefire-junit4-2.18.1.jar:2.18.1]
	at org.apache.maven.surefire.booter.ForkedBooter.invokeProviderInSameClassLoader(ForkedBooter.java:203) [surefire-booter-2.18.1.jar:2.18.1]
	at org.apache.maven.surefire.booter.ForkedBooter.runSuitesInProcess(ForkedBooter.java:155) [surefire-booter-2.18.1.jar:2.18.1]
	at org.apache.maven.surefire.booter.ForkedBooter.main(ForkedBooter.java:103) [surefire-booter-2.18.1.jar:2.18.1]
Caused by: org.hibernate.TransientObjectException: object references an unsaved transient instance - save the transient instance before flushing: com.fabiocompany.supermercadosdeltaplus.model.Tipodepago
	at org.hibernate.engine.internal.ForeignKeys.getEntityIdentifierIfNotUnsaved(ForeignKeys.java:294) ~[hibernate-core-4.3.11.Final.jar:4.3.11.Final]
	at org.hibernate.type.EntityType.getIdentifier(EntityType.java:537) ~[hibernate-core-4.3.11.Final.jar:4.3.11.Final]
	at org.hibernate.type.ManyToOneType.isDirty(ManyToOneType.java:311) ~[hibernate-core-4.3.11.Final.jar:4.3.11.Final]
	at org.hibernate.type.ManyToOneType.isDirty(ManyToOneType.java:321) ~[hibernate-core-4.3.11.Final.jar:4.3.11.Final]
	at org.hibernate.type.TypeHelper.findDirty(TypeHelper.java:310) ~[hibernate-core-4.3.11.Final.jar:4.3.11.Final]
	at org.hibernate.persister.entity.AbstractEntityPersister.findDirty(AbstractEntityPersister.java:4243) ~[hibernate-core-4.3.11.Final.jar:4.3.11.Final]
	at org.hibernate.event.internal.DefaultFlushEntityEventListener.dirtyCheck(DefaultFlushEntityEventListener.java:546) ~[hibernate-core-4.3.11.Final.jar:4.3.11.Final]
	at org.hibernate.event.internal.DefaultFlushEntityEventListener.isUpdateNecessary(DefaultFlushEntityEventListener.java:232) ~[hibernate-core-4.3.11.Final.jar:4.3.11.Final]
	at org.hibernate.event.internal.DefaultFlushEntityEventListener.onFlushEntity(DefaultFlushEntityEventListener.java:159) ~[hibernate-core-4.3.11.Final.jar:4.3.11.Final]
	at org.hibernate.event.internal.AbstractFlushingEventListener.flushEntities(AbstractFlushingEventListener.java:231) ~[hibernate-core-4.3.11.Final.jar:4.3.11.Final]
	at org.hibernate.event.internal.AbstractFlushingEventListener.flushEverythingToExecutions(AbstractFlushingEventListener.java:102) ~[hibernate-core-4.3.11.Final.jar:4.3.11.Final]
	at org.hibernate.event.internal.DefaultFlushEventListener.onFlush(DefaultFlushEventListener.java:55) ~[hibernate-core-4.3.11.Final.jar:4.3.11.Final]
	at org.hibernate.internal.SessionImpl.flush(SessionImpl.java:1258) ~[hibernate-core-4.3.11.Final.jar:4.3.11.Final]
	at org.hibernate.internal.SessionImpl.managedFlush(SessionImpl.java:425) ~[hibernate-core-4.3.11.Final.jar:4.3.11.Final]
	at org.hibernate.engine.transaction.internal.jdbc.JdbcTransaction.beforeTransactionCommit(JdbcTransaction.java:101) ~[hibernate-core-4.3.11.Final.jar:4.3.11.Final]
	at org.hibernate.engine.transaction.spi.AbstractTransactionImpl.commit(AbstractTransactionImpl.java:177) ~[hibernate-core-4.3.11.Final.jar:4.3.11.Final]
	at com.fabiocompany.supermercadosdeltaplus.persistence.dao.hibernate.GenericDAO.saveOrUpdate(GenericDAO.java:159) ~[classes/:na]
	... 26 common frames omitted
]]></system-out>
    <system-err><![CDATA[Sat Sep 30 13:56:36 ART 2017 WARN: Establishing SSL connection without server's identity verification is not recommended. According to MySQL 5.5.45+, 5.6.26+ and 5.7.6+ requirements SSL connection must be established by default if explicit option isn't set. For compliance with existing applications not using SSL the verifyServerCertificate property is set to 'false'. You need either to explicitly disable SSL by setting useSSL=false, or set useSSL=true and provide truststore for server certificate verification.
Sat Sep 30 13:56:36 ART 2017 WARN: Establishing SSL connection without server's identity verification is not recommended. According to MySQL 5.5.45+, 5.6.26+ and 5.7.6+ requirements SSL connection must be established by default if explicit option isn't set. For compliance with existing applications not using SSL the verifyServerCertificate property is set to 'false'. You need either to explicitly disable SSL by setting useSSL=false, or set useSSL=true and provide truststore for server certificate verification.
Sat Sep 30 13:56:36 ART 2017 WARN: Establishing SSL connection without server's identity verification is not recommended. According to MySQL 5.5.45+, 5.6.26+ and 5.7.6+ requirements SSL connection must be established by default if explicit option isn't set. For compliance with existing applications not using SSL the verifyServerCertificate property is set to 'false'. You need either to explicitly disable SSL by setting useSSL=false, or set useSSL=true and provide truststore for server certificate verification.
Sat Sep 30 13:56:37 ART 2017 WARN: Establishing SSL connection without server's identity verification is not recommended. According to MySQL 5.5.45+, 5.6.26+ and 5.7.6+ requirements SSL connection must be established by default if explicit option isn't set. For compliance with existing applications not using SSL the verifyServerCertificate property is set to 'false'. You need either to explicitly disable SSL by setting useSSL=false, or set useSSL=true and provide truststore for server certificate verification.
Sat Sep 30 13:56:37 ART 2017 WARN: Establishing SSL connection without server's identity verification is not recommended. According to MySQL 5.5.45+, 5.6.26+ and 5.7.6+ requirements SSL connection must be established by default if explicit option isn't set. For compliance with existing applications not using SSL the verifyServerCertificate property is set to 'false'. You need either to explicitly disable SSL by setting useSSL=false, or set useSSL=true and provide truststore for server certificate verification.
]]></system-err>
  </testcase>
</testsuite>